<?xml version="1.0" encoding="UTF-8"?>
<!-- Generated by mat-a11y - do not edit -->
<testsuites name="mat-a11y" tests="67" failures="0" errors="0" skipped="0" time="0" timestamp="2025-12-15T14:09:12.563Z">
  <testsuite name="mat-a11y" tests="67" failures="0" errors="0" skipped="0" time="0" timestamp="2025-12-15T14:09:12.563Z" hostname="localhost">

    <properties>
      <property name="tier" value="full"/>
      <property name="urlCount" value="67"/>
      <property name="failThreshold" value="90"/>
      <property name="passing" value="67"/>
      <property name="warning" value="0"/>
      <property name="failing" value="0"/>
    </properties>
    <testcase name="/guide" classname="mat-a11y.accessibility" time="0">
      <system-out>
<![CDATA[
Warnings (not failing):
[duplicateIdAria] aria-controls references non-existent id &quot;hidden-categories&quot;. Broken ARIA reference provides no accessibility benefit
  How to fix:
    - Add element with matching id
    - Correct the id reference
    - Remove the broken reference
  WCAG 4.1.1: Parsing
  Found: aria-controls=&quot;hidden-categories&quot;
[duplicateIdAria] aria-controls references non-existent id &quot;hidden-categories&quot;. Broken ARIA reference provides no accessibility benefit
  How to fix:
    - Add element with matching id
    - Correct the id reference
    - Remove the broken reference
  WCAG 4.1.1: Parsing
  Found: aria-controls=&quot;hidden-categories&quot;
[contentOverflow] Content may be hidden without visual indication in &quot;Visually hidden utility for screen reader only content
.visually-hidden&quot;. Text content may be cut off and inaccessible to users.
  How to fix:
    - Add &quot;text-overflow: ellipsis&quot; to show truncation indicator (...)
    - Or remove &quot;overflow: hidden&quot; to allow text to wrap naturally
    - Or ensure content is accessible through other means (tooltips, expand buttons)
  WCAG 1.4.10: Reflow
[contentOverflow] Potential content overflow detected in &quot;h3&quot;. This may hide text content inaccessibly.
  How to fix:
    - Verify all content remains accessible when overflow is hidden
    - Consider using &quot;overflow: auto&quot; or &quot;overflow: scroll&quot; for scrollable content
    - Ensure responsive design allows content to reflow at 320px width
  WCAG 1.4.10: Reflow
[contentOverflow] Potential content overflow detected in &quot;p&quot;. This may hide text content inaccessibly.
  How to fix:
    - Verify all content remains accessible when overflow is hidden
    - Consider using &quot;overflow: auto&quot; or &quot;overflow: scroll&quot; for scrollable content
    - Ensure responsive design allows content to reflow at 320px width
  WCAG 1.4.10: Reflow
[prefersReducedMotion] Animation without prefers-reduced-motion support. Animations can cause vestibular disorders and motion sickness
  How to fix:
    - Add @media (prefers-reduced-motion: reduce) query
    - Disable or reduce animation when preference is set
  WCAG 2.3.3: Animation from Interactions
  Found: File uses transitions without properly disabling them in prefers-reduced-motion: reduce
[smallFontSize] Font size 11px may be too small. Small text is difficult for users with low vision
  How to fix:
    - Use minimum 16px (1rem) for body text
    - Use relative units (rem, em) for scalability
    - Test at 200% zoom
  WCAG 1.4.4: Resize Text
  Found: &quot;.chip-count&quot;
[smallFontSize] Font size 11px may be too small. Small text is difficult for users with low vision
  How to fix:
    - Use minimum 16px (1rem) for body text
    - Use relative units (rem, em) for scalability
    - Test at 200% zoom
  WCAG 1.4.4: Resize Text
  Found: &quot;.coming-soon-badge&quot;
]]>
      </system-out>
    </testcase>
    <testcase name="/" classname="mat-a11y.accessibility" time="0">
      <system-out>
<![CDATA[
Warnings (not failing):
[colorContrast] Highly transparent text is difficult to read. Low opacity reduces effective contrast
  How to fix:
    - Increase opacity to at least 0.55
    - Use solid colors for text
  WCAG 1.4.3: Contrast (Minimum)
  Found: &quot;rgba($color-primary, 0.15)&quot;
[colorContrast] Highly transparent text is difficult to read. Low opacity reduces effective contrast
  How to fix:
    - Increase opacity to at least 0.55
    - Use solid colors for text
  WCAG 1.4.3: Contrast (Minimum)
  Found: &quot;rgba($color-green, 0.15)&quot;
[colorContrast] Highly transparent text is difficult to read. Low opacity reduces effective contrast
  How to fix:
    - Increase opacity to at least 0.55
    - Use solid colors for text
  WCAG 1.4.3: Contrast (Minimum)
  Found: &quot;rgba($color-primary-dark, 0.12)&quot;
[contentOverflow] Potential content overflow detected in &quot;============================================================================

.hero-section&quot;. This may hide text content inaccessibly.
  How to fix:
    - Verify all content remains accessible when overflow is hidden
    - Consider using &quot;overflow: auto&quot; or &quot;overflow: scroll&quot; for scrollable content
    - Ensure responsive design allows content to reflow at 320px width
  WCAG 1.4.10: Reflow
[contentOverflow] Potential content overflow detected in &quot;============================================================================

.power-strip&quot;. This may hide text content inaccessibly.
  How to fix:
    - Verify all content remains accessible when overflow is hidden
    - Consider using &quot;overflow: auto&quot; or &quot;overflow: scroll&quot; for scrollable content
    - Ensure responsive design allows content to reflow at 320px width
  WCAG 1.4.10: Reflow
[contentOverflow] Potential content overflow detected in &quot;============================================================================

.cta-banner-inline&quot;. This may hide text content inaccessibly.
  How to fix:
    - Verify all content remains accessible when overflow is hidden
    - Consider using &quot;overflow: auto&quot; or &quot;overflow: scroll&quot; for scrollable content
    - Ensure responsive design allows content to reflow at 320px width
  WCAG 1.4.10: Reflow
[contentOverflow] Potential content overflow detected in &quot;============================================================================

.mega-cta-section&quot;. This may hide text content inaccessibly.
  How to fix:
    - Verify all content remains accessible when overflow is hidden
    - Consider using &quot;overflow: auto&quot; or &quot;overflow: scroll&quot; for scrollable content
    - Ensure responsive design allows content to reflow at 320px width
  WCAG 1.4.10: Reflow
[contentOverflow] Potential content overflow detected in &quot;.gallery-preview-wrapper&quot;. This may hide text content inaccessibly.
  How to fix:
    - Verify all content remains accessible when overflow is hidden
    - Consider using &quot;overflow: auto&quot; or &quot;overflow: scroll&quot; for scrollable content
    - Ensure responsive design allows content to reflow at 320px width
  WCAG 1.4.10: Reflow
[pointerEventsNone] pointer-events: none may hide interactive element. Users cannot interact with elements that have pointer-events disabled
  How to fix:
    - Ensure element is not intended to be interactive
    - Use disabled attribute instead for form elements
  WCAG 2.1.1: Keyboard
  Found: button styling } } } .gallery-preview-overlay
[smallFontSize] Font size 10px may be too small. Small text is difficult for users with low vision
  How to fix:
    - Use minimum 16px (1rem) for body text
    - Use relative units (rem, em) for scalability
    - Test at 200% zoom
  WCAG 1.4.4: Resize Text
  Found: &quot;include phone&quot;
]]>
      </system-out>
    </testcase>
    <testcase name="/agb" classname="mat-a11y.accessibility" time="0">
      <system-out>
<![CDATA[
Warnings (not failing):
[prefersReducedMotion] Animation without prefers-reduced-motion support. Animations can cause vestibular disorders and motion sickness
  How to fix:
    - Add @media (prefers-reduced-motion: reduce) query
    - Disable or reduce animation when preference is set
  WCAG 2.3.3: Animation from Interactions
  Found: File uses animations and transitions without properly disabling them in prefers-reduced-motion: redu...
]]>
      </system-out>
    </testcase>
    <testcase name="/datenschutz" classname="mat-a11y.accessibility" time="0">
      <system-out>
<![CDATA[
Warnings (not failing):
[prefersReducedMotion] Animation without prefers-reduced-motion support. Animations can cause vestibular disorders and motion sickness
  How to fix:
    - Add @media (prefers-reduced-motion: reduce) query
    - Disable or reduce animation when preference is set
  WCAG 2.3.3: Animation from Interactions
  Found: File uses animations and transitions without properly disabling them in prefers-reduced-motion: redu...
]]>
      </system-out>
    </testcase>
    <testcase name="/impressum" classname="mat-a11y.accessibility" time="0">
      <system-out>
<![CDATA[
Warnings (not failing):
[prefersReducedMotion] Animation without prefers-reduced-motion support. Animations can cause vestibular disorders and motion sickness
  How to fix:
    - Add @media (prefers-reduced-motion: reduce) query
    - Disable or reduce animation when preference is set
  WCAG 2.3.3: Animation from Interactions
  Found: File uses animations and transitions without properly disabling them in prefers-reduced-motion: redu...
]]>
      </system-out>
    </testcase>
    <testcase name="/cookies" classname="mat-a11y.accessibility" time="0">
      <system-out>
<![CDATA[
Warnings (not failing):
[prefersReducedMotion] Animation without prefers-reduced-motion support. Animations can cause vestibular disorders and motion sickness
  How to fix:
    - Add @media (prefers-reduced-motion: reduce) query
    - Disable or reduce animation when preference is set
  WCAG 2.3.3: Animation from Interactions
  Found: File uses animations and transitions without properly disabling them in prefers-reduced-motion: redu...
]]>
      </system-out>
    </testcase>
    <testcase name="/widerrufsrecht" classname="mat-a11y.accessibility" time="0">
      <system-out>
<![CDATA[
Warnings (not failing):
[prefersReducedMotion] Animation without prefers-reduced-motion support. Animations can cause vestibular disorders and motion sickness
  How to fix:
    - Add @media (prefers-reduced-motion: reduce) query
    - Disable or reduce animation when preference is set
  WCAG 2.3.3: Animation from Interactions
  Found: File uses animations and transitions without properly disabling them in prefers-reduced-motion: redu...
]]>
      </system-out>
    </testcase>
    <testcase name="/guide/dj-band-buchen" classname="mat-a11y.accessibility" time="0"/>
    <testcase name="/guide/dresscode-kommunizieren" classname="mat-a11y.accessibility" time="0"/>
    <testcase name="/guide/gaesteliste-erstellen" classname="mat-a11y.accessibility" time="0"/>
    <testcase name="/guide/hochzeitseinladung-gestalten" classname="mat-a11y.accessibility" time="0"/>
    <testcase name="/guide/hochzeitsfarben-waehlen" classname="mat-a11y.accessibility" time="0"/>
    <testcase name="/guide/hochzeitstag-ablauf-planen" classname="mat-a11y.accessibility" time="0"/>
    <testcase name="/guide/hochzeitswebsite-erstellen" classname="mat-a11y.accessibility" time="0">
      <system-out>
<![CDATA[
Warnings (not failing):
[prefersReducedMotion] Animation without prefers-reduced-motion support. Animations can cause vestibular disorders and motion sickness
  How to fix:
    - Add @media (prefers-reduced-motion: reduce) query
    - Disable or reduce animation when preference is set
  WCAG 2.3.3: Animation from Interactions
  Found: File uses transitions without properly disabling them in prefers-reduced-motion: reduce
]]>
      </system-out>
    </testcase>
    <testcase name="/guide/notfallkoffer-packen" classname="mat-a11y.accessibility" time="0"/>
    <testcase name="/guide/tischdeko-gestalten" classname="mat-a11y.accessibility" time="0"/>
    <testcase name="/guide/traubogen-bauen" classname="mat-a11y.accessibility" time="0"/>
    <testcase name="/guide/brautkleid-checkliste" classname="mat-a11y.accessibility" time="0"/>
    <testcase name="/guide/budget-checkliste" classname="mat-a11y.accessibility" time="0"/>
    <testcase name="/guide/dienstleister-checkliste" classname="mat-a11y.accessibility" time="0"/>
    <testcase name="/guide/gaesteliste-checkliste" classname="mat-a11y.accessibility" time="0"/>
    <testcase name="/guide/hochzeitsfotos-must-haves" classname="mat-a11y.accessibility" time="0"/>
    <testcase name="/guide/hochzeitslocation-checkliste" classname="mat-a11y.accessibility" time="0"/>
    <testcase name="/guide/honeymoon-planung" classname="mat-a11y.accessibility" time="0"/>
    <testcase name="/guide/notfallkoffer-braut" classname="mat-a11y.accessibility" time="0"/>
    <testcase name="/guide/standesamt-checkliste" classname="mat-a11y.accessibility" time="0"/>
    <testcase name="/guide/trauzeugen-checkliste" classname="mat-a11y.accessibility" time="0"/>
    <testcase name="/guide/danksagung-vorlage" classname="mat-a11y.accessibility" time="0"/>
    <testcase name="/guide/dresscode-nachricht" classname="mat-a11y.accessibility" time="0"/>
    <testcase name="/guide/eheversprechen-editor" classname="mat-a11y.accessibility" time="0"/>
    <testcase name="/guide/einladungstext-generator" classname="mat-a11y.accessibility" time="0"/>
    <testcase name="/guide/gaestebuch-spiel" classname="mat-a11y.accessibility" time="0"/>
    <testcase name="/guide/hochzeitsquiz-fragen" classname="mat-a11y.accessibility" time="0"/>
    <testcase name="/guide/hochzeitsrede-assistent" classname="mat-a11y.accessibility" time="0"/>
    <testcase name="/guide/save-the-date-texte" classname="mat-a11y.accessibility" time="0">
      <system-out>
<![CDATA[
Warnings (not failing):
[prefersReducedMotion] Animation without prefers-reduced-motion support. Animations can cause vestibular disorders and motion sickness
  How to fix:
    - Add @media (prefers-reduced-motion: reduce) query
    - Disable or reduce animation when preference is set
  WCAG 2.3.3: Animation from Interactions
  Found: File uses transitions without properly disabling them in prefers-reduced-motion: reduce
]]>
      </system-out>
    </testcase>
    <testcase name="/guide/verkuendung-varianten" classname="mat-a11y.accessibility" time="0"/>
    <testcase name="/guide/zeremonien-ablauf" classname="mat-a11y.accessibility" time="0"/>
    <testcase name="/guide/boho-hochzeit-ideen" classname="mat-a11y.accessibility" time="0"/>
    <testcase name="/guide/farbkonzept-inspiration" classname="mat-a11y.accessibility" time="0"/>
    <testcase name="/guide/hochzeitsdeko-trends" classname="mat-a11y.accessibility" time="0"/>
    <testcase name="/guide/hochzeitsfrisuren-inspiration" classname="mat-a11y.accessibility" time="0"/>
    <testcase name="/guide/hochzeitskleid-stile" classname="mat-a11y.accessibility" time="0"/>
    <testcase name="/guide/hochzeitspapeterie-designs" classname="mat-a11y.accessibility" time="0"/>
    <testcase name="/guide/hochzeitsstil-quiz" classname="mat-a11y.accessibility" time="0"/>
    <testcase name="/guide/saisonale-hochzeitsblumen" classname="mat-a11y.accessibility" time="0"/>
    <testcase name="/guide/tischdeko-inspiration" classname="mat-a11y.accessibility" time="0"/>
    <testcase name="/guide/traubogen-designs" classname="mat-a11y.accessibility" time="0"/>
    <testcase name="/guide/12-monate-zeitplan" classname="mat-a11y.accessibility" time="0"/>
    <testcase name="/guide/budget-planung" classname="mat-a11y.accessibility" time="0"/>
    <testcase name="/guide/dienstleister-koordination" classname="mat-a11y.accessibility" time="0"/>
    <testcase name="/guide/getting-ready-zeitplan" classname="mat-a11y.accessibility" time="0"/>
    <testcase name="/guide/hochzeitstag-koordination" classname="mat-a11y.accessibility" time="0"/>
    <testcase name="/guide/hochzeitstag-zeitplan" classname="mat-a11y.accessibility" time="0"/>
    <testcase name="/guide/musik-wunschliste" classname="mat-a11y.accessibility" time="0"/>
    <testcase name="/guide/rsvp-tracking" classname="mat-a11y.accessibility" time="0"/>
    <testcase name="/guide/sitzplan-erstellung" classname="mat-a11y.accessibility" time="0"/>
    <testcase name="/guide/zeremonie-ablaufplan" classname="mat-a11y.accessibility" time="0"/>
    <testcase name="/guide/budget-schwerpunkte-quiz" classname="mat-a11y.accessibility" time="0"/>
    <testcase name="/guide/entscheidungs-stil-quiz" classname="mat-a11y.accessibility" time="0"/>
    <testcase name="/guide/feier-typ-quiz" classname="mat-a11y.accessibility" time="0"/>
    <testcase name="/guide/hochzeits-vorlieben-quiz" classname="mat-a11y.accessibility" time="0"/>
    <testcase name="/guide/hochzeits-wissen-test" classname="mat-a11y.accessibility" time="0"/>
    <testcase name="/guide/hochzeitsstil-finder" classname="mat-a11y.accessibility" time="0"/>
    <testcase name="/guide/paar-harmonie-quiz" classname="mat-a11y.accessibility" time="0"/>
    <testcase name="/guide/planungs-profil-quiz" classname="mat-a11y.accessibility" time="0"/>
    <testcase name="/guide/prioritaeten-ranking-quiz" classname="mat-a11y.accessibility" time="0"/>
    <testcase name="/guide/schnell-check-hochzeit" classname="mat-a11y.accessibility" time="0"/>
  </testsuite>
</testsuites>