<?xml version="1.0" encoding="UTF-8"?>
<!-- Generated by mat-a11y - do not edit -->
<!-- traufix.de | freelancermap.de/profil/robin-spanier -->
<testsuites name="mat-a11y" tests="218" failures="157" errors="0" skipped="0" time="0" timestamp="2025-12-17T18:55:19.440Z">
  <testsuite name="mat-a11y" tests="218" failures="157" errors="0" skipped="0" time="0" timestamp="2025-12-17T18:55:19.440Z" hostname="localhost">

    <properties>
      <property name="tier" value="full"/>
      <property name="urlCount" value="309"/>
      <property name="failThreshold" value="90"/>
      <property name="passing" value="152"/>
      <property name="warning" value="157"/>
      <property name="failing" value="0"/>
    </properties>
    <testcase name="Replies" classname="mat-a11y.accessibility" time="0">
      <failure message="Accessibility score: 88% (threshold: 90%)" type="AccessibilityError">
<![CDATA[
[formLabels] Form input missing label. Screen readers cannot identify the input purpose
  How to fix:
    - Add &lt;label for=&quot;inputId&quot;&gt;
    - Add aria-label attribute
    - Add aria-labelledby referencing visible text
    - Wrap input in &lt;label&gt; element
  WCAG 3.3.2: Labels or Instructions
  Found: &lt;input matInput [(ngModel)]=&quot;pageSubtitle&quot; (ngModelChange)=&quot;markAsDirty()&quot; place... (line 27) (C:\Users\spani\OneDrive\Dokumente\GitHub\noro-wedding\src\app\pages\configurator-view\replies\replies.html:1)
[formLabels] Form input missing label. Screen readers cannot identify the input purpose
  How to fix:
    - Add &lt;label for=&quot;inputId&quot;&gt;
    - Add aria-label attribute
    - Add aria-labelledby referencing visible text
    - Wrap input in &lt;label&gt; element
  WCAG 3.3.2: Labels or Instructions
  Found: &lt;input matInput [(ngModel)]=&quot;submitButtonText&quot; (ngModelChange)=&quot;markAsDirty()&quot; p... (line 33) (C:\Users\spani\OneDrive\Dokumente\GitHub\noro-wedding\src\app\pages\configurator-view\replies\replies.html:1)
[formLabels] Form input missing label. Screen readers cannot identify the input purpose
  How to fix:
    - Add &lt;label for=&quot;inputId&quot;&gt;
    - Add aria-label attribute
    - Add aria-labelledby referencing visible text
    - Wrap input in &lt;label&gt; element
  WCAG 3.3.2: Labels or Instructions
  Found: &lt;input matInput [(ngModel)]=&quot;namePlaceholder&quot; (ngModelChange)=&quot;markAsDirty()&quot;&gt; (line 62) (C:\Users\spani\OneDrive\Dokumente\GitHub\noro-wedding\src\app\pages\configurator-view\replies\replies.html:1)
[formLabels] Form input missing label. Screen readers cannot identify the input purpose
  How to fix:
    - Add &lt;label for=&quot;inputId&quot;&gt;
    - Add aria-label attribute
    - Add aria-labelledby referencing visible text
    - Wrap input in &lt;label&gt; element
  WCAG 3.3.2: Labels or Instructions
  Found: &lt;input matInput [(ngModel)]=&quot;statusLabel&quot; (ngModelChange)=&quot;markAsDirty()&quot;&gt; (line 72) (C:\Users\spani\OneDrive\Dokumente\GitHub\noro-wedding\src\app\pages\configurator-view\replies\replies.html:1)
[formLabels] Form input missing label. Screen readers cannot identify the input purpose
  How to fix:
    - Add &lt;label for=&quot;inputId&quot;&gt;
    - Add aria-label attribute
    - Add aria-labelledby referencing visible text
    - Wrap input in &lt;label&gt; element
  WCAG 3.3.2: Labels or Instructions
  Found: &lt;input matInput [(ngModel)]=&quot;statusAccepted&quot; (ngModelChange)=&quot;markAsDirty()&quot;&gt; (line 79) (C:\Users\spani\OneDrive\Dokumente\GitHub\noro-wedding\src\app\pages\configurator-view\replies\replies.html:1)
[formLabels] Form input missing label. Screen readers cannot identify the input purpose
  How to fix:
    - Add &lt;label for=&quot;inputId&quot;&gt;
    - Add aria-label attribute
    - Add aria-labelledby referencing visible text
    - Wrap input in &lt;label&gt; element
  WCAG 3.3.2: Labels or Instructions
  Found: &lt;input matInput [(ngModel)]=&quot;statusDeclined&quot; (ngModelChange)=&quot;markAsDirty()&quot;&gt; (line 85) (C:\Users\spani\OneDrive\Dokumente\GitHub\noro-wedding\src\app\pages\configurator-view\replies\replies.html:1)
[formLabels] Form input missing label. Screen readers cannot identify the input purpose
  How to fix:
    - Add &lt;label for=&quot;inputId&quot;&gt;
    - Add aria-label attribute
    - Add aria-labelledby referencing visible text
    - Wrap input in &lt;label&gt; element
  WCAG 3.3.2: Labels or Instructions
  Found: &lt;input matInput [(ngModel)]=&quot;statusPending&quot; (ngModelChange)=&quot;markAsDirty()&quot;&gt; (line 91) (C:\Users\spani\OneDrive\Dokumente\GitHub\noro-wedding\src\app\pages\configurator-view\replies\replies.html:1)
[formLabels] Form input missing label. Screen readers cannot identify the input purpose
  How to fix:
    - Add &lt;label for=&quot;inputId&quot;&gt;
    - Add aria-label attribute
    - Add aria-labelledby referencing visible text
    - Wrap input in &lt;label&gt; element
  WCAG 3.3.2: Labels or Instructions
  Found: &lt;input matInput [(ngModel)]=&quot;attendeesLabel&quot; (ngModelChange)=&quot;markAsDirty()&quot;&gt; (line 102) (C:\Users\spani\OneDrive\Dokumente\GitHub\noro-wedding\src\app\pages\configurator-view\replies\replies.html:1)
[formLabels] Form input missing label. Screen readers cannot identify the input purpose
  How to fix:
    - Add &lt;label for=&quot;inputId&quot;&gt;
    - Add aria-label attribute
    - Add aria-labelledby referencing visible text
    - Wrap input in &lt;label&gt; element
  WCAG 3.3.2: Labels or Instructions
  Found: &lt;input matInput [(ngModel)]=&quot;attendeesHint&quot; (ngModelChange)=&quot;markAsDirty()&quot;&gt; (line 108) (C:\Users\spani\OneDrive\Dokumente\GitHub\noro-wedding\src\app\pages\configurator-view\replies\replies.html:1)
[formLabels] Form input missing label. Screen readers cannot identify the input purpose
  How to fix:
    - Add &lt;label for=&quot;inputId&quot;&gt;
    - Add aria-label attribute
    - Add aria-labelledby referencing visible text
    - Wrap input in &lt;label&gt; element
  WCAG 3.3.2: Labels or Instructions
  Found: &lt;input matInput [(ngModel)]=&quot;emailPlaceholder&quot; (ngModelChange)=&quot;markAsDirty()&quot;&gt; (line 133) (C:\Users\spani\OneDrive\Dokumente\GitHub\noro-wedding\src\app\pages\configurator-view\replies\replies.html:1)
... and 7 more issues
]]>
      </failure>
      <system-out>
<![CDATA[
      Full issue list for Replies:
[formLabels] Form input missing label. Screen readers cannot identify the input purpose
  How to fix:
    - Add &lt;label for=&quot;inputId&quot;&gt;
    - Add aria-label attribute
    - Add aria-labelledby referencing visible text
    - Wrap input in &lt;label&gt; element
  WCAG 3.3.2: Labels or Instructions
  Found: &lt;input matInput [(ngModel)]=&quot;pageSubtitle&quot; (ngModelChange)=&quot;markAsDirty()&quot; place... (line 27) (C:\Users\spani\OneDrive\Dokumente\GitHub\noro-wedding\src\app\pages\configurator-view\replies\replies.html:1)
[formLabels] Form input missing label. Screen readers cannot identify the input purpose
  How to fix:
    - Add &lt;label for=&quot;inputId&quot;&gt;
    - Add aria-label attribute
    - Add aria-labelledby referencing visible text
    - Wrap input in &lt;label&gt; element
  WCAG 3.3.2: Labels or Instructions
  Found: &lt;input matInput [(ngModel)]=&quot;submitButtonText&quot; (ngModelChange)=&quot;markAsDirty()&quot; p... (line 33) (C:\Users\spani\OneDrive\Dokumente\GitHub\noro-wedding\src\app\pages\configurator-view\replies\replies.html:1)
[formLabels] Form input missing label. Screen readers cannot identify the input purpose
  How to fix:
    - Add &lt;label for=&quot;inputId&quot;&gt;
    - Add aria-label attribute
    - Add aria-labelledby referencing visible text
    - Wrap input in &lt;label&gt; element
  WCAG 3.3.2: Labels or Instructions
  Found: &lt;input matInput [(ngModel)]=&quot;namePlaceholder&quot; (ngModelChange)=&quot;markAsDirty()&quot;&gt; (line 62) (C:\Users\spani\OneDrive\Dokumente\GitHub\noro-wedding\src\app\pages\configurator-view\replies\replies.html:1)
[formLabels] Form input missing label. Screen readers cannot identify the input purpose
  How to fix:
    - Add &lt;label for=&quot;inputId&quot;&gt;
    - Add aria-label attribute
    - Add aria-labelledby referencing visible text
    - Wrap input in &lt;label&gt; element
  WCAG 3.3.2: Labels or Instructions
  Found: &lt;input matInput [(ngModel)]=&quot;statusLabel&quot; (ngModelChange)=&quot;markAsDirty()&quot;&gt; (line 72) (C:\Users\spani\OneDrive\Dokumente\GitHub\noro-wedding\src\app\pages\configurator-view\replies\replies.html:1)
[formLabels] Form input missing label. Screen readers cannot identify the input purpose
  How to fix:
    - Add &lt;label for=&quot;inputId&quot;&gt;
    - Add aria-label attribute
    - Add aria-labelledby referencing visible text
    - Wrap input in &lt;label&gt; element
  WCAG 3.3.2: Labels or Instructions
  Found: &lt;input matInput [(ngModel)]=&quot;statusAccepted&quot; (ngModelChange)=&quot;markAsDirty()&quot;&gt; (line 79) (C:\Users\spani\OneDrive\Dokumente\GitHub\noro-wedding\src\app\pages\configurator-view\replies\replies.html:1)
[formLabels] Form input missing label. Screen readers cannot identify the input purpose
  How to fix:
    - Add &lt;label for=&quot;inputId&quot;&gt;
    - Add aria-label attribute
    - Add aria-labelledby referencing visible text
    - Wrap input in &lt;label&gt; element
  WCAG 3.3.2: Labels or Instructions
  Found: &lt;input matInput [(ngModel)]=&quot;statusDeclined&quot; (ngModelChange)=&quot;markAsDirty()&quot;&gt; (line 85) (C:\Users\spani\OneDrive\Dokumente\GitHub\noro-wedding\src\app\pages\configurator-view\replies\replies.html:1)
[formLabels] Form input missing label. Screen readers cannot identify the input purpose
  How to fix:
    - Add &lt;label for=&quot;inputId&quot;&gt;
    - Add aria-label attribute
    - Add aria-labelledby referencing visible text
    - Wrap input in &lt;label&gt; element
  WCAG 3.3.2: Labels or Instructions
  Found: &lt;input matInput [(ngModel)]=&quot;statusPending&quot; (ngModelChange)=&quot;markAsDirty()&quot;&gt; (line 91) (C:\Users\spani\OneDrive\Dokumente\GitHub\noro-wedding\src\app\pages\configurator-view\replies\replies.html:1)
[formLabels] Form input missing label. Screen readers cannot identify the input purpose
  How to fix:
    - Add &lt;label for=&quot;inputId&quot;&gt;
    - Add aria-label attribute
    - Add aria-labelledby referencing visible text
    - Wrap input in &lt;label&gt; element
  WCAG 3.3.2: Labels or Instructions
  Found: &lt;input matInput [(ngModel)]=&quot;attendeesLabel&quot; (ngModelChange)=&quot;markAsDirty()&quot;&gt; (line 102) (C:\Users\spani\OneDrive\Dokumente\GitHub\noro-wedding\src\app\pages\configurator-view\replies\replies.html:1)
[formLabels] Form input missing label. Screen readers cannot identify the input purpose
  How to fix:
    - Add &lt;label for=&quot;inputId&quot;&gt;
    - Add aria-label attribute
    - Add aria-labelledby referencing visible text
    - Wrap input in &lt;label&gt; element
  WCAG 3.3.2: Labels or Instructions
  Found: &lt;input matInput [(ngModel)]=&quot;attendeesHint&quot; (ngModelChange)=&quot;markAsDirty()&quot;&gt; (line 108) (C:\Users\spani\OneDrive\Dokumente\GitHub\noro-wedding\src\app\pages\configurator-view\replies\replies.html:1)
[formLabels] Form input missing label. Screen readers cannot identify the input purpose
  How to fix:
    - Add &lt;label for=&quot;inputId&quot;&gt;
    - Add aria-label attribute
    - Add aria-labelledby referencing visible text
    - Wrap input in &lt;label&gt; element
  WCAG 3.3.2: Labels or Instructions
  Found: &lt;input matInput [(ngModel)]=&quot;emailPlaceholder&quot; (ngModelChange)=&quot;markAsDirty()&quot;&gt; (line 133) (C:\Users\spani\OneDrive\Dokumente\GitHub\noro-wedding\src\app\pages\configurator-view\replies\replies.html:1)
[formLabels] Form input missing label. Screen readers cannot identify the input purpose
  How to fix:
    - Add &lt;label for=&quot;inputId&quot;&gt;
    - Add aria-label attribute
    - Add aria-labelledby referencing visible text
    - Wrap input in &lt;label&gt; element
  WCAG 3.3.2: Labels or Instructions
  Found: &lt;input matInput [(ngModel)]=&quot;emailHint&quot; (ngModelChange)=&quot;markAsDirty()&quot;&gt; (line 140) (C:\Users\spani\OneDrive\Dokumente\GitHub\noro-wedding\src\app\pages\configurator-view\replies\replies.html:1)
[formLabels] Form input missing label. Screen readers cannot identify the input purpose
  How to fix:
    - Add &lt;label for=&quot;inputId&quot;&gt;
    - Add aria-label attribute
    - Add aria-labelledby referencing visible text
    - Wrap input in &lt;label&gt; element
  WCAG 3.3.2: Labels or Instructions
  Found: &lt;input matInput [(ngModel)]=&quot;dietaryHint&quot; (ngModelChange)=&quot;markAsDirty()&quot;&gt; (line 164) (C:\Users\spani\OneDrive\Dokumente\GitHub\noro-wedding\src\app\pages\configurator-view\replies\replies.html:1)
[formLabels] Form input missing label. Screen readers cannot identify the input purpose
  How to fix:
    - Add &lt;label for=&quot;inputId&quot;&gt;
    - Add aria-label attribute
    - Add aria-labelledby referencing visible text
    - Wrap input in &lt;label&gt; element
  WCAG 3.3.2: Labels or Instructions
  Found: &lt;input matInput [(ngModel)]=&quot;messagePlaceholder&quot; (ngModelChange)=&quot;markAsDirty()&quot;... (line 185) (C:\Users\spani\OneDrive\Dokumente\GitHub\noro-wedding\src\app\pages\configurator-view\replies\replies.html:1)
[formLabels] Form input missing label. Screen readers cannot identify the input purpose
  How to fix:
    - Add &lt;label for=&quot;inputId&quot;&gt;
    - Add aria-label attribute
    - Add aria-labelledby referencing visible text
    - Wrap input in &lt;label&gt; element
  WCAG 3.3.2: Labels or Instructions
  Found: &lt;input matInput [(ngModel)]=&quot;resetButtonText&quot; (ngModelChange)=&quot;markAsDirty()&quot; pl... (line 198) (C:\Users\spani\OneDrive\Dokumente\GitHub\noro-wedding\src\app\pages\configurator-view\replies\replies.html:1)
[formLabels] Form textarea missing label. Screen readers cannot identify the input purpose
  How to fix:
    - Add &lt;label for=&quot;inputId&quot;&gt;
    - Add aria-label attribute
    - Add aria-labelledby referencing visible text
    - Wrap input in &lt;label&gt; element
  WCAG 3.3.2: Labels or Instructions
  Found: &lt;textarea matInput [(ngModel)]=&quot;successMessage&quot; (ngModelChange)=&quot;markAsDirty()&quot;... (line 204) (C:\Users\spani\OneDrive\Dokumente\GitHub\noro-wedding\src\app\pages\configurator-view\replies\replies.html:1)
[formLabels] Form textarea missing label. Screen readers cannot identify the input purpose
  How to fix:
    - Add &lt;label for=&quot;inputId&quot;&gt;
    - Add aria-label attribute
    - Add aria-labelledby referencing visible text
    - Wrap input in &lt;label&gt; element
  WCAG 3.3.2: Labels or Instructions
  Found: &lt;textarea matInput [(ngModel)]=&quot;errorMessage&quot; (ngModelChange)=&quot;markAsDirty()&quot; ro... (line 210) (C:\Users\spani\OneDrive\Dokumente\GitHub\noro-wedding\src\app\pages\configurator-view\replies\replies.html:1)
[prefersReducedMotion] Animation without prefers-reduced-motion support. Animations can cause vestibular disorders and motion sickness
  How to fix:
    - Add @media (prefers-reduced-motion: reduce) query
    - Disable or reduce animation when preference is set
  WCAG 2.3.3: Animation from Interactions
  Found: File uses transitions without properly disabling them in prefers-reduced-motion: reduce (C:\Users\spani\OneDrive\Dokumente\GitHub\noro-wedding\src\app\pages\configurator-view\replies\replies.scss:1)
]]>
      </system-out>
    </testcase>
    <testcase name="Locations" classname="mat-a11y.accessibility" time="0">
      <failure message="Accessibility score: 70% (threshold: 90%)" type="AccessibilityError">
<![CDATA[
[matIconAccessibility] mat-icon used as interactive without accessible label. Screen readers cannot announce icon-only buttons
  How to fix:
    - Add aria-label to parent button
    - Add visually-hidden text
    - Add aria-hidden=&quot;true&quot; if purely decorative
  WCAG 4.1.2: Name, Role, Value | See: https://material.angular.io/components/icon/overview#accessibility
  Found: &lt;mat-icon&gt;place&lt;/mat-icon&gt; (C:\Users\spani\OneDrive\Dokumente\GitHub\noro-wedding\src\app\pages\guest-view\locations\locations.html:1)
[matIconAccessibility] mat-icon used as interactive without accessible label. Screen readers cannot announce icon-only buttons
  How to fix:
    - Add aria-label to parent button
    - Add visually-hidden text
    - Add aria-hidden=&quot;true&quot; if purely decorative
  WCAG 4.1.2: Name, Role, Value | See: https://material.angular.io/components/icon/overview#accessibility
  Found: &lt;mat-icon&gt;directions_car&lt;/mat-icon&gt; (C:\Users\spani\OneDrive\Dokumente\GitHub\noro-wedding\src\app\pages\guest-view\locations\locations.html:1)
[matIconAccessibility] mat-icon used as interactive without accessible label. Screen readers cannot announce icon-only buttons
  How to fix:
    - Add aria-label to parent button
    - Add visually-hidden text
    - Add aria-hidden=&quot;true&quot; if purely decorative
  WCAG 4.1.2: Name, Role, Value | See: https://material.angular.io/components/icon/overview#accessibility
  Found: &lt;mat-icon&gt;schedule&lt;/mat-icon&gt; (C:\Users\spani\OneDrive\Dokumente\GitHub\noro-wedding\src\app\pages\guest-view\locations\locations.html:1)
[matIconAccessibility] mat-icon used as interactive without accessible label. Screen readers cannot announce icon-only buttons
  How to fix:
    - Add aria-label to parent button
    - Add visually-hidden text
    - Add aria-hidden=&quot;true&quot; if purely decorative
  WCAG 4.1.2: Name, Role, Value | See: https://material.angular.io/components/icon/overview#accessibility
  Found: &lt;mat-icon&gt;local_parking&lt;/mat-icon&gt; (C:\Users\spani\OneDrive\Dokumente\GitHub\noro-wedding\src\app\pages\guest-view\locations\locations.html:1)
[matIconAccessibility] mat-icon used as interactive without accessible label. Screen readers cannot announce icon-only buttons
  How to fix:
    - Add aria-label to parent button
    - Add visually-hidden text
    - Add aria-hidden=&quot;true&quot; if purely decorative
  WCAG 4.1.2: Name, Role, Value | See: https://material.angular.io/components/icon/overview#accessibility
  Found: &lt;mat-icon&gt;phone&lt;/mat-icon&gt; (C:\Users\spani\OneDrive\Dokumente\GitHub\noro-wedding\src\app\pages\guest-view\locations\locations.html:1)
[matIconAccessibility] mat-icon used as interactive without accessible label. Screen readers cannot announce icon-only buttons
  How to fix:
    - Add aria-label to parent button
    - Add visually-hidden text
    - Add aria-hidden=&quot;true&quot; if purely decorative
  WCAG 4.1.2: Name, Role, Value | See: https://material.angular.io/components/icon/overview#accessibility
  Found: &lt;mat-icon&gt;language&lt;/mat-icon&gt; (C:\Users\spani\OneDrive\Dokumente\GitHub\noro-wedding\src\app\pages\guest-view\locations\locations.html:1)
[matIconAccessibility] mat-icon used as interactive without accessible label. Screen readers cannot announce icon-only buttons
  How to fix:
    - Add aria-label to parent button
    - Add visually-hidden text
    - Add aria-hidden=&quot;true&quot; if purely decorative
  WCAG 4.1.2: Name, Role, Value | See: https://material.angular.io/components/icon/overview#accessibility
  Found: &lt;mat-icon&gt;map&lt;/mat-icon&gt; (C:\Users\spani\OneDrive\Dokumente\GitHub\noro-wedding\src\app\pages\guest-view\locations\locations.html:1)
[colorContrast] Low contrast 2.17:1 (needs 4.5:1). Low contrast text is difficult to read for users with low vision
  How to fix:
    - Increase contrast by darkening text or lightening background
    - Use contrast checker tool to verify
  WCAG 1.4.3: Contrast (Minimum) | See: https://webaim.org/resources/contrastchecker/
  Found: &quot;&amp;:hover&quot;: #ffffff on #ef97a9 (C:\Users\spani\OneDrive\Dokumente\GitHub\noro-wedding\src\app\pages\guest-view\locations\locations.scss:1)
[colorContrast] Low contrast 2.17:1 (needs 4.5:1). Low contrast text is difficult to read for users with low vision
  How to fix:
    - Increase contrast by darkening text or lightening background
    - Use contrast checker tool to verify
  WCAG 1.4.3: Contrast (Minimum) | See: https://webaim.org/resources/contrastchecker/
  Found: &quot;&amp;::before&quot;: #ef97a9 on #ffffff (c:\users\spani\onedrive\dokumente\github\noro-wedding\src\app\pages\guest-view\guest-view-global.scss:1)
[colorContrast] Low contrast 2.17:1 (needs 4.5:1). Low contrast text is difficult to read for users with low vision
  How to fix:
    - Increase contrast by darkening text or lightening background
    - Use contrast checker tool to verify
  WCAG 1.4.3: Contrast (Minimum) | See: https://webaim.org/resources/contrastchecker/
  Found: &quot;.detail-row&quot;: #ef97a9 on #ffffff (C:\Users\spani\OneDrive\Dokumente\GitHub\noro-wedding\src\app\pages\guest-view\locations\locations.scss:1)
... and 10 more issues
]]>
      </failure>
      <system-out>
<![CDATA[
      Full issue list for Locations:
[matIconAccessibility] mat-icon used as interactive without accessible label. Screen readers cannot announce icon-only buttons
  How to fix:
    - Add aria-label to parent button
    - Add visually-hidden text
    - Add aria-hidden=&quot;true&quot; if purely decorative
  WCAG 4.1.2: Name, Role, Value | See: https://material.angular.io/components/icon/overview#accessibility
  Found: &lt;mat-icon&gt;place&lt;/mat-icon&gt; (C:\Users\spani\OneDrive\Dokumente\GitHub\noro-wedding\src\app\pages\guest-view\locations\locations.html:1)
[matIconAccessibility] mat-icon used as interactive without accessible label. Screen readers cannot announce icon-only buttons
  How to fix:
    - Add aria-label to parent button
    - Add visually-hidden text
    - Add aria-hidden=&quot;true&quot; if purely decorative
  WCAG 4.1.2: Name, Role, Value | See: https://material.angular.io/components/icon/overview#accessibility
  Found: &lt;mat-icon&gt;directions_car&lt;/mat-icon&gt; (C:\Users\spani\OneDrive\Dokumente\GitHub\noro-wedding\src\app\pages\guest-view\locations\locations.html:1)
[matIconAccessibility] mat-icon used as interactive without accessible label. Screen readers cannot announce icon-only buttons
  How to fix:
    - Add aria-label to parent button
    - Add visually-hidden text
    - Add aria-hidden=&quot;true&quot; if purely decorative
  WCAG 4.1.2: Name, Role, Value | See: https://material.angular.io/components/icon/overview#accessibility
  Found: &lt;mat-icon&gt;schedule&lt;/mat-icon&gt; (C:\Users\spani\OneDrive\Dokumente\GitHub\noro-wedding\src\app\pages\guest-view\locations\locations.html:1)
[matIconAccessibility] mat-icon used as interactive without accessible label. Screen readers cannot announce icon-only buttons
  How to fix:
    - Add aria-label to parent button
    - Add visually-hidden text
    - Add aria-hidden=&quot;true&quot; if purely decorative
  WCAG 4.1.2: Name, Role, Value | See: https://material.angular.io/components/icon/overview#accessibility
  Found: &lt;mat-icon&gt;local_parking&lt;/mat-icon&gt; (C:\Users\spani\OneDrive\Dokumente\GitHub\noro-wedding\src\app\pages\guest-view\locations\locations.html:1)
[matIconAccessibility] mat-icon used as interactive without accessible label. Screen readers cannot announce icon-only buttons
  How to fix:
    - Add aria-label to parent button
    - Add visually-hidden text
    - Add aria-hidden=&quot;true&quot; if purely decorative
  WCAG 4.1.2: Name, Role, Value | See: https://material.angular.io/components/icon/overview#accessibility
  Found: &lt;mat-icon&gt;phone&lt;/mat-icon&gt; (C:\Users\spani\OneDrive\Dokumente\GitHub\noro-wedding\src\app\pages\guest-view\locations\locations.html:1)
[matIconAccessibility] mat-icon used as interactive without accessible label. Screen readers cannot announce icon-only buttons
  How to fix:
    - Add aria-label to parent button
    - Add visually-hidden text
    - Add aria-hidden=&quot;true&quot; if purely decorative
  WCAG 4.1.2: Name, Role, Value | See: https://material.angular.io/components/icon/overview#accessibility
  Found: &lt;mat-icon&gt;language&lt;/mat-icon&gt; (C:\Users\spani\OneDrive\Dokumente\GitHub\noro-wedding\src\app\pages\guest-view\locations\locations.html:1)
[matIconAccessibility] mat-icon used as interactive without accessible label. Screen readers cannot announce icon-only buttons
  How to fix:
    - Add aria-label to parent button
    - Add visually-hidden text
    - Add aria-hidden=&quot;true&quot; if purely decorative
  WCAG 4.1.2: Name, Role, Value | See: https://material.angular.io/components/icon/overview#accessibility
  Found: &lt;mat-icon&gt;map&lt;/mat-icon&gt; (C:\Users\spani\OneDrive\Dokumente\GitHub\noro-wedding\src\app\pages\guest-view\locations\locations.html:1)
[colorContrast] Low contrast 2.17:1 (needs 4.5:1). Low contrast text is difficult to read for users with low vision
  How to fix:
    - Increase contrast by darkening text or lightening background
    - Use contrast checker tool to verify
  WCAG 1.4.3: Contrast (Minimum) | See: https://webaim.org/resources/contrastchecker/
  Found: &quot;&amp;:hover&quot;: #ffffff on #ef97a9 (C:\Users\spani\OneDrive\Dokumente\GitHub\noro-wedding\src\app\pages\guest-view\locations\locations.scss:1)
[colorContrast] Low contrast 2.17:1 (needs 4.5:1). Low contrast text is difficult to read for users with low vision
  How to fix:
    - Increase contrast by darkening text or lightening background
    - Use contrast checker tool to verify
  WCAG 1.4.3: Contrast (Minimum) | See: https://webaim.org/resources/contrastchecker/
  Found: &quot;&amp;::before&quot;: #ef97a9 on #ffffff (c:\users\spani\onedrive\dokumente\github\noro-wedding\src\app\pages\guest-view\guest-view-global.scss:1)
[colorContrast] Low contrast 2.17:1 (needs 4.5:1). Low contrast text is difficult to read for users with low vision
  How to fix:
    - Increase contrast by darkening text or lightening background
    - Use contrast checker tool to verify
  WCAG 1.4.3: Contrast (Minimum) | See: https://webaim.org/resources/contrastchecker/
  Found: &quot;.detail-row&quot;: #ef97a9 on #ffffff (C:\Users\spani\OneDrive\Dokumente\GitHub\noro-wedding\src\app\pages\guest-view\locations\locations.scss:1)
[colorContrast] Low contrast 2.17:1 (needs 4.5:1). Low contrast text is difficult to read for users with low vision
  How to fix:
    - Increase contrast by darkening text or lightening background
    - Use contrast checker tool to verify
  WCAG 1.4.3: Contrast (Minimum) | See: https://webaim.org/resources/contrastchecker/
  Found: &quot;&amp;:hover&quot;: #ffffff on #ef97a9 (C:\Users\spani\OneDrive\Dokumente\GitHub\noro-wedding\src\app\pages\guest-view\locations\locations.scss:1)
[colorContrast] Low contrast 2.17:1 (needs 4.5:1). Low contrast text is difficult to read for users with low vision
  How to fix:
    - Increase contrast by darkening text or lightening background
    - Use contrast checker tool to verify
  WCAG 1.4.3: Contrast (Minimum) | See: https://webaim.org/resources/contrastchecker/
  Found: &quot;&amp;:hover&quot;: #ffffff on #ef97a9 (C:\Users\spani\OneDrive\Dokumente\GitHub\noro-wedding\src\app\pages\guest-view\locations\locations.scss:1)
[colorContrast] Low contrast 1.90:1 (needs 4.5:1). Low contrast text is difficult to read for users with low vision
  How to fix:
    - Increase contrast by darkening text or lightening background
    - Use contrast checker tool to verify
  WCAG 1.4.3: Contrast (Minimum) | See: https://webaim.org/resources/contrastchecker/
  Found: &quot;&amp;::after&quot;: #f2a8b7 on #ffffff (c:\users\spani\onedrive\dokumente\github\noro-wedding\src\app\pages\guest-view\guest-view-global.scss:1)
[colorContrast] Low contrast 1.90:1 (needs 4.5:1). Low contrast text is difficult to read for users with low vision
  How to fix:
    - Increase contrast by darkening text or lightening background
    - Use contrast checker tool to verify
  WCAG 1.4.3: Contrast (Minimum) | See: https://webaim.org/resources/contrastchecker/
  Found: &quot;.location-icon&quot;: #f2a8b7 on #ffffff (C:\Users\spani\OneDrive\Dokumente\GitHub\noro-wedding\src\app\pages\guest-view\locations\locations.scss:1)
[colorContrast] Low contrast 1.90:1 (needs 4.5:1). Low contrast text is difficult to read for users with low vision
  How to fix:
    - Increase contrast by darkening text or lightening background
    - Use contrast checker tool to verify
  WCAG 1.4.3: Contrast (Minimum) | See: https://webaim.org/resources/contrastchecker/
  Found: &quot;.detail-row&quot;: #f2a8b7 on #ffffff (C:\Users\spani\OneDrive\Dokumente\GitHub\noro-wedding\src\app\pages\guest-view\locations\locations.scss:1)
[colorContrast] Low contrast 1.90:1 (needs 4.5:1). Low contrast text is difficult to read for users with low vision
  How to fix:
    - Increase contrast by darkening text or lightening background
    - Use contrast checker tool to verify
  WCAG 1.4.3: Contrast (Minimum) | See: https://webaim.org/resources/contrastchecker/
  Found: &quot;&amp;:hover&quot;: #ffffff on #f2a8b7 (C:\Users\spani\OneDrive\Dokumente\GitHub\noro-wedding\src\app\pages\guest-view\locations\locations.scss:1)
[colorContrast] Low contrast 2.17:1 (needs 4.5:1). Low contrast text is difficult to read for users with low vision
  How to fix:
    - Increase contrast by darkening text or lightening background
    - Use contrast checker tool to verify
  WCAG 1.4.3: Contrast (Minimum) | See: https://webaim.org/resources/contrastchecker/
  Found: &quot;&amp;:hover&quot;: #ffffff on #ef97a9 (C:\Users\spani\OneDrive\Dokumente\GitHub\noro-wedding\src\app\pages\guest-view\locations\locations.scss:1)
[colorContrast] Low contrast 2.17:1 (needs 4.5:1). Low contrast text is difficult to read for users with low vision
  How to fix:
    - Increase contrast by darkening text or lightening background
    - Use contrast checker tool to verify
  WCAG 1.4.3: Contrast (Minimum) | See: https://webaim.org/resources/contrastchecker/
  Found: &quot;.detail-row&quot;: #ef97a9 on #ffffff (C:\Users\spani\OneDrive\Dokumente\GitHub\noro-wedding\src\app\pages\guest-view\locations\locations.scss:1)
[colorContrast] Low contrast 2.17:1 (needs 4.5:1). Low contrast text is difficult to read for users with low vision
  How to fix:
    - Increase contrast by darkening text or lightening background
    - Use contrast checker tool to verify
  WCAG 1.4.3: Contrast (Minimum) | See: https://webaim.org/resources/contrastchecker/
  Found: &quot;&amp;:hover&quot;: #ffffff on #ef97a9 (C:\Users\spani\OneDrive\Dokumente\GitHub\noro-wedding\src\app\pages\guest-view\locations\locations.scss:1)
[prefersReducedMotion] Animation without prefers-reduced-motion support. Animations can cause vestibular disorders and motion sickness
  How to fix:
    - Add @media (prefers-reduced-motion: reduce) query
    - Disable or reduce animation when preference is set
  WCAG 2.3.3: Animation from Interactions
  Found: File uses animations and transitions without properly disabling them in prefers-reduced-motion: redu... (C:\Users\spani\OneDrive\Dokumente\GitHub\noro-wedding\src\app\pages\guest-view\locations\locations.scss:1)
]]>
      </system-out>
    </testcase>
    <testcase name="RichtextEditor" classname="mat-a11y.accessibility" time="0">
      <failure message="Accessibility score: 79% (threshold: 90%)" type="AccessibilityError">
<![CDATA[
[buttonNames] Button missing accessible name. Screen readers cannot announce the button purpose
  How to fix:
    - Add text content inside &lt;button&gt;
    - Add aria-label=&quot;description&quot;
    - Add aria-labelledby referencing visible text
    - For icon buttons, add visually-hidden text
  WCAG 4.1.2: Name, Role, Value
  Found: &lt;button type=&quot;button&quot; class=&quot;toolbar-btn&quot; (mousedown)=&quot;$event.preventDefault(); format(&apos;bold&apos;)&quot;... (line 10) (C:\Users\spani\OneDrive\Dokumente\GitHub\noro-wedding\src\app\pages\system\richtext-editor\richtext-editor.html:1)
[buttonNames] Button missing accessible name. Screen readers cannot announce the button purpose
  How to fix:
    - Add text content inside &lt;button&gt;
    - Add aria-label=&quot;description&quot;
    - Add aria-labelledby referencing visible text
    - For icon buttons, add visually-hidden text
  WCAG 4.1.2: Name, Role, Value
  Found: &lt;button type=&quot;button&quot; class=&quot;toolbar-btn&quot; (mousedown)=&quot;$event.preventDefault(); format(&apos;italic&apos;)&quot;... (line 16) (C:\Users\spani\OneDrive\Dokumente\GitHub\noro-wedding\src\app\pages\system\richtext-editor\richtext-editor.html:1)
[buttonNames] Button missing accessible name. Screen readers cannot announce the button purpose
  How to fix:
    - Add text content inside &lt;button&gt;
    - Add aria-label=&quot;description&quot;
    - Add aria-labelledby referencing visible text
    - For icon buttons, add visually-hidden text
  WCAG 4.1.2: Name, Role, Value
  Found: &lt;button type=&quot;button&quot; class=&quot;toolbar-btn&quot; (mousedown)=&quot;$event.preventDefault(); format(&apos;insertUnorde... (line 24) (C:\Users\spani\OneDrive\Dokumente\GitHub\noro-wedding\src\app\pages\system\richtext-editor\richtext-editor.html:1)
[buttonNames] Button missing accessible name. Screen readers cannot announce the button purpose
  How to fix:
    - Add text content inside &lt;button&gt;
    - Add aria-label=&quot;description&quot;
    - Add aria-labelledby referencing visible text
    - For icon buttons, add visually-hidden text
  WCAG 4.1.2: Name, Role, Value
  Found: &lt;button type=&quot;button&quot; class=&quot;toolbar-btn&quot; (mousedown)=&quot;$event.preventDefault(); format(&apos;insertOrdere... (line 30) (C:\Users\spani\OneDrive\Dokumente\GitHub\noro-wedding\src\app\pages\system\richtext-editor\richtext-editor.html:1)
[buttonNames] Button missing accessible name. Screen readers cannot announce the button purpose
  How to fix:
    - Add text content inside &lt;button&gt;
    - Add aria-label=&quot;description&quot;
    - Add aria-labelledby referencing visible text
    - For icon buttons, add visually-hidden text
  WCAG 4.1.2: Name, Role, Value
  Found: &lt;button type=&quot;button&quot; class=&quot;toolbar-btn&quot; (mousedown)=&quot;$event.preventDefault(); insertLink()&quot;... (line 38) (C:\Users\spani\OneDrive\Dokumente\GitHub\noro-wedding\src\app\pages\system\richtext-editor\richtext-editor.html:1)
[formLabels] Form input missing label. Screen readers cannot identify the input purpose
  How to fix:
    - Add &lt;label for=&quot;inputId&quot;&gt;
    - Add aria-label attribute
    - Add aria-labelledby referencing visible text
    - Wrap input in &lt;label&gt; element
  WCAG 3.3.2: Labels or Instructions
  Found: &lt;input #colorInput type=&quot;color&quot; class=&quot;hidden-input&quot; (change)=&quot;onColorInputChang... (line 78) (C:\Users\spani\OneDrive\Dokumente\GitHub\noro-wedding\src\app\pages\system\richtext-editor\richtext-editor.html:1)
[matIconAccessibility] mat-icon used as interactive without accessible label. Screen readers cannot announce icon-only buttons
  How to fix:
    - Add aria-label to parent button
    - Add visually-hidden text
    - Add aria-hidden=&quot;true&quot; if purely decorative
  WCAG 4.1.2: Name, Role, Value | See: https://material.angular.io/components/icon/overview#accessibility
  Found: &lt;mat-icon&gt;format_bold&lt;/mat-icon&gt; (C:\Users\spani\OneDrive\Dokumente\GitHub\noro-wedding\src\app\pages\system\richtext-editor\richtext-editor.html:1)
[matIconAccessibility] mat-icon used as interactive without accessible label. Screen readers cannot announce icon-only buttons
  How to fix:
    - Add aria-label to parent button
    - Add visually-hidden text
    - Add aria-hidden=&quot;true&quot; if purely decorative
  WCAG 4.1.2: Name, Role, Value | See: https://material.angular.io/components/icon/overview#accessibility
  Found: &lt;mat-icon&gt;format_italic&lt;/mat-icon&gt; (C:\Users\spani\OneDrive\Dokumente\GitHub\noro-wedding\src\app\pages\system\richtext-editor\richtext-editor.html:1)
[matIconAccessibility] mat-icon used as interactive without accessible label. Screen readers cannot announce icon-only buttons
  How to fix:
    - Add aria-label to parent button
    - Add visually-hidden text
    - Add aria-hidden=&quot;true&quot; if purely decorative
  WCAG 4.1.2: Name, Role, Value | See: https://material.angular.io/components/icon/overview#accessibility
  Found: &lt;mat-icon&gt;format_list_bulleted&lt;/mat-icon&gt; (C:\Users\spani\OneDrive\Dokumente\GitHub\noro-wedding\src\app\pages\system\richtext-editor\richtext-editor.html:1)
[matIconAccessibility] mat-icon used as interactive without accessible label. Screen readers cannot announce icon-only buttons
  How to fix:
    - Add aria-label to parent button
    - Add visually-hidden text
    - Add aria-hidden=&quot;true&quot; if purely decorative
  WCAG 4.1.2: Name, Role, Value | See: https://material.angular.io/components/icon/overview#accessibility
  Found: &lt;mat-icon&gt;format_list_numbered&lt;/mat-icon&gt; (C:\Users\spani\OneDrive\Dokumente\GitHub\noro-wedding\src\app\pages\system\richtext-editor\richtext-editor.html:1)
... and 6 more issues
]]>
      </failure>
      <system-out>
<![CDATA[
      Full issue list for RichtextEditor:
[buttonNames] Button missing accessible name. Screen readers cannot announce the button purpose
  How to fix:
    - Add text content inside &lt;button&gt;
    - Add aria-label=&quot;description&quot;
    - Add aria-labelledby referencing visible text
    - For icon buttons, add visually-hidden text
  WCAG 4.1.2: Name, Role, Value
  Found: &lt;button type=&quot;button&quot; class=&quot;toolbar-btn&quot; (mousedown)=&quot;$event.preventDefault(); format(&apos;bold&apos;)&quot;... (line 10) (C:\Users\spani\OneDrive\Dokumente\GitHub\noro-wedding\src\app\pages\system\richtext-editor\richtext-editor.html:1)
[buttonNames] Button missing accessible name. Screen readers cannot announce the button purpose
  How to fix:
    - Add text content inside &lt;button&gt;
    - Add aria-label=&quot;description&quot;
    - Add aria-labelledby referencing visible text
    - For icon buttons, add visually-hidden text
  WCAG 4.1.2: Name, Role, Value
  Found: &lt;button type=&quot;button&quot; class=&quot;toolbar-btn&quot; (mousedown)=&quot;$event.preventDefault(); format(&apos;italic&apos;)&quot;... (line 16) (C:\Users\spani\OneDrive\Dokumente\GitHub\noro-wedding\src\app\pages\system\richtext-editor\richtext-editor.html:1)
[buttonNames] Button missing accessible name. Screen readers cannot announce the button purpose
  How to fix:
    - Add text content inside &lt;button&gt;
    - Add aria-label=&quot;description&quot;
    - Add aria-labelledby referencing visible text
    - For icon buttons, add visually-hidden text
  WCAG 4.1.2: Name, Role, Value
  Found: &lt;button type=&quot;button&quot; class=&quot;toolbar-btn&quot; (mousedown)=&quot;$event.preventDefault(); format(&apos;insertUnorde... (line 24) (C:\Users\spani\OneDrive\Dokumente\GitHub\noro-wedding\src\app\pages\system\richtext-editor\richtext-editor.html:1)
[buttonNames] Button missing accessible name. Screen readers cannot announce the button purpose
  How to fix:
    - Add text content inside &lt;button&gt;
    - Add aria-label=&quot;description&quot;
    - Add aria-labelledby referencing visible text
    - For icon buttons, add visually-hidden text
  WCAG 4.1.2: Name, Role, Value
  Found: &lt;button type=&quot;button&quot; class=&quot;toolbar-btn&quot; (mousedown)=&quot;$event.preventDefault(); format(&apos;insertOrdere... (line 30) (C:\Users\spani\OneDrive\Dokumente\GitHub\noro-wedding\src\app\pages\system\richtext-editor\richtext-editor.html:1)
[buttonNames] Button missing accessible name. Screen readers cannot announce the button purpose
  How to fix:
    - Add text content inside &lt;button&gt;
    - Add aria-label=&quot;description&quot;
    - Add aria-labelledby referencing visible text
    - For icon buttons, add visually-hidden text
  WCAG 4.1.2: Name, Role, Value
  Found: &lt;button type=&quot;button&quot; class=&quot;toolbar-btn&quot; (mousedown)=&quot;$event.preventDefault(); insertLink()&quot;... (line 38) (C:\Users\spani\OneDrive\Dokumente\GitHub\noro-wedding\src\app\pages\system\richtext-editor\richtext-editor.html:1)
[formLabels] Form input missing label. Screen readers cannot identify the input purpose
  How to fix:
    - Add &lt;label for=&quot;inputId&quot;&gt;
    - Add aria-label attribute
    - Add aria-labelledby referencing visible text
    - Wrap input in &lt;label&gt; element
  WCAG 3.3.2: Labels or Instructions
  Found: &lt;input #colorInput type=&quot;color&quot; class=&quot;hidden-input&quot; (change)=&quot;onColorInputChang... (line 78) (C:\Users\spani\OneDrive\Dokumente\GitHub\noro-wedding\src\app\pages\system\richtext-editor\richtext-editor.html:1)
[matIconAccessibility] mat-icon used as interactive without accessible label. Screen readers cannot announce icon-only buttons
  How to fix:
    - Add aria-label to parent button
    - Add visually-hidden text
    - Add aria-hidden=&quot;true&quot; if purely decorative
  WCAG 4.1.2: Name, Role, Value | See: https://material.angular.io/components/icon/overview#accessibility
  Found: &lt;mat-icon&gt;format_bold&lt;/mat-icon&gt; (C:\Users\spani\OneDrive\Dokumente\GitHub\noro-wedding\src\app\pages\system\richtext-editor\richtext-editor.html:1)
[matIconAccessibility] mat-icon used as interactive without accessible label. Screen readers cannot announce icon-only buttons
  How to fix:
    - Add aria-label to parent button
    - Add visually-hidden text
    - Add aria-hidden=&quot;true&quot; if purely decorative
  WCAG 4.1.2: Name, Role, Value | See: https://material.angular.io/components/icon/overview#accessibility
  Found: &lt;mat-icon&gt;format_italic&lt;/mat-icon&gt; (C:\Users\spani\OneDrive\Dokumente\GitHub\noro-wedding\src\app\pages\system\richtext-editor\richtext-editor.html:1)
[matIconAccessibility] mat-icon used as interactive without accessible label. Screen readers cannot announce icon-only buttons
  How to fix:
    - Add aria-label to parent button
    - Add visually-hidden text
    - Add aria-hidden=&quot;true&quot; if purely decorative
  WCAG 4.1.2: Name, Role, Value | See: https://material.angular.io/components/icon/overview#accessibility
  Found: &lt;mat-icon&gt;format_list_bulleted&lt;/mat-icon&gt; (C:\Users\spani\OneDrive\Dokumente\GitHub\noro-wedding\src\app\pages\system\richtext-editor\richtext-editor.html:1)
[matIconAccessibility] mat-icon used as interactive without accessible label. Screen readers cannot announce icon-only buttons
  How to fix:
    - Add aria-label to parent button
    - Add visually-hidden text
    - Add aria-hidden=&quot;true&quot; if purely decorative
  WCAG 4.1.2: Name, Role, Value | See: https://material.angular.io/components/icon/overview#accessibility
  Found: &lt;mat-icon&gt;format_list_numbered&lt;/mat-icon&gt; (C:\Users\spani\OneDrive\Dokumente\GitHub\noro-wedding\src\app\pages\system\richtext-editor\richtext-editor.html:1)
[matIconAccessibility] mat-icon used as interactive without accessible label. Screen readers cannot announce icon-only buttons
  How to fix:
    - Add aria-label to parent button
    - Add visually-hidden text
    - Add aria-hidden=&quot;true&quot; if purely decorative
  WCAG 4.1.2: Name, Role, Value | See: https://material.angular.io/components/icon/overview#accessibility
  Found: &lt;mat-icon&gt;link&lt;/mat-icon&gt; (C:\Users\spani\OneDrive\Dokumente\GitHub\noro-wedding\src\app\pages\system\richtext-editor\richtext-editor.html:1)
[matIconAccessibility] mat-icon used as interactive without accessible label. Screen readers cannot announce icon-only buttons
  How to fix:
    - Add aria-label to parent button
    - Add visually-hidden text
    - Add aria-hidden=&quot;true&quot; if purely decorative
  WCAG 4.1.2: Name, Role, Value | See: https://material.angular.io/components/icon/overview#accessibility
  Found: &lt;mat-icon&gt;format_color_text&lt;/mat-icon&gt; (C:\Users\spani\OneDrive\Dokumente\GitHub\noro-wedding\src\app\pages\system\richtext-editor\richtext-editor.html:1)
[matIconAccessibility] mat-icon used as interactive without accessible label. Screen readers cannot announce icon-only buttons
  How to fix:
    - Add aria-label to parent button
    - Add visually-hidden text
    - Add aria-hidden=&quot;true&quot; if purely decorative
  WCAG 4.1.2: Name, Role, Value | See: https://material.angular.io/components/icon/overview#accessibility
  Found: &lt;mat-icon class=&quot;reset-icon&quot;&gt;format_color_reset&lt;/mat-icon&gt; (C:\Users\spani\OneDrive\Dokumente\GitHub\noro-wedding\src\app\pages\system\richtext-editor\richtext-editor.html:1)
[matIconAccessibility] mat-icon used as interactive without accessible label. Screen readers cannot announce icon-only buttons
  How to fix:
    - Add aria-label to parent button
    - Add visually-hidden text
    - Add aria-hidden=&quot;true&quot; if purely decorative
  WCAG 4.1.2: Name, Role, Value | See: https://material.angular.io/components/icon/overview#accessibility
  Found: &lt;mat-icon&gt;colorize&lt;/mat-icon&gt; (C:\Users\spani\OneDrive\Dokumente\GitHub\noro-wedding\src\app\pages\system\richtext-editor\richtext-editor.html:1)
[matIconAccessibility] mat-icon used as interactive without accessible label. Screen readers cannot announce icon-only buttons
  How to fix:
    - Add aria-label to parent button
    - Add visually-hidden text
    - Add aria-hidden=&quot;true&quot; if purely decorative
  WCAG 4.1.2: Name, Role, Value | See: https://material.angular.io/components/icon/overview#accessibility
  Found: &lt;mat-icon class=&quot;lock-badge&quot;&gt;lock&lt;/mat-icon&gt; (C:\Users\spani\OneDrive\Dokumente\GitHub\noro-wedding\src\app\pages\system\richtext-editor\richtext-editor.html:1)
[matIconAccessibility] mat-icon used as interactive without accessible label. Screen readers cannot announce icon-only buttons
  How to fix:
    - Add aria-label to parent button
    - Add visually-hidden text
    - Add aria-hidden=&quot;true&quot; if purely decorative
  WCAG 4.1.2: Name, Role, Value | See: https://material.angular.io/components/icon/overview#accessibility
  Found: &lt;mat-icon class=&quot;warning-icon&quot;&gt;warning&lt;/mat-icon&gt; (C:\Users\spani\OneDrive\Dokumente\GitHub\noro-wedding\src\app\pages\system\richtext-editor\richtext-editor.html:1)
]]>
      </system-out>
    </testcase>
    <testcase name="Referral" classname="mat-a11y.accessibility" time="0">
      <failure message="Accessibility score: 79% (threshold: 90%)" type="AccessibilityError">
<![CDATA[
[formLabels] Form input missing label. Screen readers cannot identify the input purpose
  How to fix:
    - Add &lt;label for=&quot;inputId&quot;&gt;
    - Add aria-label attribute
    - Add aria-labelledby referencing visible text
    - Wrap input in &lt;label&gt; element
  WCAG 3.3.2: Labels or Instructions
  Found: &lt;input matInput [(ngModel)]=&quot;applicantName&quot; name=&quot;applicantName&quot; [disabled]=&quot;isS... (line 650) (C:\Users\spani\OneDrive\Dokumente\GitHub\noro-wedding\src\app\pages\referral\referral\referral.html:1)
[formLabels] Form input missing label. Screen readers cannot identify the input purpose
  How to fix:
    - Add &lt;label for=&quot;inputId&quot;&gt;
    - Add aria-label attribute
    - Add aria-labelledby referencing visible text
    - Wrap input in &lt;label&gt; element
  WCAG 3.3.2: Labels or Instructions
  Found: &lt;input matInput [(ngModel)]=&quot;applicantEmail&quot; (ngModelChange)=&quot;validateEmail()&quot; n... (line 662) (C:\Users\spani\OneDrive\Dokumente\GitHub\noro-wedding\src\app\pages\referral\referral\referral.html:1)
[formLabels] Form input missing label. Screen readers cannot identify the input purpose
  How to fix:
    - Add &lt;label for=&quot;inputId&quot;&gt;
    - Add aria-label attribute
    - Add aria-labelledby referencing visible text
    - Wrap input in &lt;label&gt; element
  WCAG 3.3.2: Labels or Instructions
  Found: &lt;input matInput [(ngModel)]=&quot;website&quot; name=&quot;website&quot; type=&quot;url&quot; placeholder=&quot;htt... (line 752) (C:\Users\spani\OneDrive\Dokumente\GitHub\noro-wedding\src\app\pages\referral\referral\referral.html:1)
[matIconAccessibility] mat-icon used as interactive without accessible label. Screen readers cannot announce icon-only buttons
  How to fix:
    - Add aria-label to parent button
    - Add visually-hidden text
    - Add aria-hidden=&quot;true&quot; if purely decorative
  WCAG 4.1.2: Name, Role, Value | See: https://material.angular.io/components/icon/overview#accessibility
  Found: &lt;mat-icon&gt;handshake&lt;/mat-icon&gt; (C:\Users\spani\OneDrive\Dokumente\GitHub\noro-wedding\src\app\pages\referral\referral\referral.html:1)
[matIconAccessibility] mat-icon used as interactive without accessible label. Screen readers cannot announce icon-only buttons
  How to fix:
    - Add aria-label to parent button
    - Add visually-hidden text
    - Add aria-hidden=&quot;true&quot; if purely decorative
  WCAG 4.1.2: Name, Role, Value | See: https://material.angular.io/components/icon/overview#accessibility
  Found: &lt;mat-icon&gt;edit_document&lt;/mat-icon&gt; (C:\Users\spani\OneDrive\Dokumente\GitHub\noro-wedding\src\app\pages\referral\referral\referral.html:1)
[matIconAccessibility] mat-icon used as interactive without accessible label. Screen readers cannot announce icon-only buttons
  How to fix:
    - Add aria-label to parent button
    - Add visually-hidden text
    - Add aria-hidden=&quot;true&quot; if purely decorative
  WCAG 4.1.2: Name, Role, Value | See: https://material.angular.io/components/icon/overview#accessibility
  Found: &lt;mat-icon&gt;flash_on&lt;/mat-icon&gt; (C:\Users\spani\OneDrive\Dokumente\GitHub\noro-wedding\src\app\pages\referral\referral\referral.html:1)
[matIconAccessibility] mat-icon used as interactive without accessible label. Screen readers cannot announce icon-only buttons
  How to fix:
    - Add aria-label to parent button
    - Add visually-hidden text
    - Add aria-hidden=&quot;true&quot; if purely decorative
  WCAG 4.1.2: Name, Role, Value | See: https://material.angular.io/components/icon/overview#accessibility
  Found: &lt;mat-icon&gt;person&lt;/mat-icon&gt; (C:\Users\spani\OneDrive\Dokumente\GitHub\noro-wedding\src\app\pages\referral\referral\referral.html:1)
[matIconAccessibility] mat-icon used as interactive without accessible label. Screen readers cannot announce icon-only buttons
  How to fix:
    - Add aria-label to parent button
    - Add visually-hidden text
    - Add aria-hidden=&quot;true&quot; if purely decorative
  WCAG 4.1.2: Name, Role, Value | See: https://material.angular.io/components/icon/overview#accessibility
  Found: &lt;mat-icon&gt;payments&lt;/mat-icon&gt; (C:\Users\spani\OneDrive\Dokumente\GitHub\noro-wedding\src\app\pages\referral\referral\referral.html:1)
[colorContrast] Low contrast 1.21:1 (needs 4.5:1). Low contrast text is difficult to read for users with low vision
  How to fix:
    - Increase contrast by darkening text or lightening background
    - Use contrast checker tool to verify
  WCAG 1.4.3: Contrast (Minimum) | See: https://webaim.org/resources/contrastchecker/
  Found: &quot;.section-badge&quot;: #000000 on rgba(26, 26, 26, 0.30) (C:\Users\spani\OneDrive\Dokumente\GitHub\noro-wedding\src\app\pages\referral\referral\referral.scss:1)
[colorContrast] Low contrast 1.21:1 (needs 4.5:1). Low contrast text is difficult to read for users with low vision
  How to fix:
    - Increase contrast by darkening text or lightening background
    - Use contrast checker tool to verify
  WCAG 1.4.3: Contrast (Minimum) | See: https://webaim.org/resources/contrastchecker/
  Found: &quot;.tier-badge&quot;: #000000 on rgba(26, 26, 26, 0.10) (C:\Users\spani\OneDrive\Dokumente\GitHub\noro-wedding\src\app\pages\referral\referral\referral.scss:1)
... and 6 more issues
]]>
      </failure>
      <system-out>
<![CDATA[
      Full issue list for Referral:
[formLabels] Form input missing label. Screen readers cannot identify the input purpose
  How to fix:
    - Add &lt;label for=&quot;inputId&quot;&gt;
    - Add aria-label attribute
    - Add aria-labelledby referencing visible text
    - Wrap input in &lt;label&gt; element
  WCAG 3.3.2: Labels or Instructions
  Found: &lt;input matInput [(ngModel)]=&quot;applicantName&quot; name=&quot;applicantName&quot; [disabled]=&quot;isS... (line 650) (C:\Users\spani\OneDrive\Dokumente\GitHub\noro-wedding\src\app\pages\referral\referral\referral.html:1)
[formLabels] Form input missing label. Screen readers cannot identify the input purpose
  How to fix:
    - Add &lt;label for=&quot;inputId&quot;&gt;
    - Add aria-label attribute
    - Add aria-labelledby referencing visible text
    - Wrap input in &lt;label&gt; element
  WCAG 3.3.2: Labels or Instructions
  Found: &lt;input matInput [(ngModel)]=&quot;applicantEmail&quot; (ngModelChange)=&quot;validateEmail()&quot; n... (line 662) (C:\Users\spani\OneDrive\Dokumente\GitHub\noro-wedding\src\app\pages\referral\referral\referral.html:1)
[formLabels] Form input missing label. Screen readers cannot identify the input purpose
  How to fix:
    - Add &lt;label for=&quot;inputId&quot;&gt;
    - Add aria-label attribute
    - Add aria-labelledby referencing visible text
    - Wrap input in &lt;label&gt; element
  WCAG 3.3.2: Labels or Instructions
  Found: &lt;input matInput [(ngModel)]=&quot;website&quot; name=&quot;website&quot; type=&quot;url&quot; placeholder=&quot;htt... (line 752) (C:\Users\spani\OneDrive\Dokumente\GitHub\noro-wedding\src\app\pages\referral\referral\referral.html:1)
[matIconAccessibility] mat-icon used as interactive without accessible label. Screen readers cannot announce icon-only buttons
  How to fix:
    - Add aria-label to parent button
    - Add visually-hidden text
    - Add aria-hidden=&quot;true&quot; if purely decorative
  WCAG 4.1.2: Name, Role, Value | See: https://material.angular.io/components/icon/overview#accessibility
  Found: &lt;mat-icon&gt;handshake&lt;/mat-icon&gt; (C:\Users\spani\OneDrive\Dokumente\GitHub\noro-wedding\src\app\pages\referral\referral\referral.html:1)
[matIconAccessibility] mat-icon used as interactive without accessible label. Screen readers cannot announce icon-only buttons
  How to fix:
    - Add aria-label to parent button
    - Add visually-hidden text
    - Add aria-hidden=&quot;true&quot; if purely decorative
  WCAG 4.1.2: Name, Role, Value | See: https://material.angular.io/components/icon/overview#accessibility
  Found: &lt;mat-icon&gt;edit_document&lt;/mat-icon&gt; (C:\Users\spani\OneDrive\Dokumente\GitHub\noro-wedding\src\app\pages\referral\referral\referral.html:1)
[matIconAccessibility] mat-icon used as interactive without accessible label. Screen readers cannot announce icon-only buttons
  How to fix:
    - Add aria-label to parent button
    - Add visually-hidden text
    - Add aria-hidden=&quot;true&quot; if purely decorative
  WCAG 4.1.2: Name, Role, Value | See: https://material.angular.io/components/icon/overview#accessibility
  Found: &lt;mat-icon&gt;flash_on&lt;/mat-icon&gt; (C:\Users\spani\OneDrive\Dokumente\GitHub\noro-wedding\src\app\pages\referral\referral\referral.html:1)
[matIconAccessibility] mat-icon used as interactive without accessible label. Screen readers cannot announce icon-only buttons
  How to fix:
    - Add aria-label to parent button
    - Add visually-hidden text
    - Add aria-hidden=&quot;true&quot; if purely decorative
  WCAG 4.1.2: Name, Role, Value | See: https://material.angular.io/components/icon/overview#accessibility
  Found: &lt;mat-icon&gt;person&lt;/mat-icon&gt; (C:\Users\spani\OneDrive\Dokumente\GitHub\noro-wedding\src\app\pages\referral\referral\referral.html:1)
[matIconAccessibility] mat-icon used as interactive without accessible label. Screen readers cannot announce icon-only buttons
  How to fix:
    - Add aria-label to parent button
    - Add visually-hidden text
    - Add aria-hidden=&quot;true&quot; if purely decorative
  WCAG 4.1.2: Name, Role, Value | See: https://material.angular.io/components/icon/overview#accessibility
  Found: &lt;mat-icon&gt;payments&lt;/mat-icon&gt; (C:\Users\spani\OneDrive\Dokumente\GitHub\noro-wedding\src\app\pages\referral\referral\referral.html:1)
[colorContrast] Low contrast 1.21:1 (needs 4.5:1). Low contrast text is difficult to read for users with low vision
  How to fix:
    - Increase contrast by darkening text or lightening background
    - Use contrast checker tool to verify
  WCAG 1.4.3: Contrast (Minimum) | See: https://webaim.org/resources/contrastchecker/
  Found: &quot;.section-badge&quot;: #000000 on rgba(26, 26, 26, 0.30) (C:\Users\spani\OneDrive\Dokumente\GitHub\noro-wedding\src\app\pages\referral\referral\referral.scss:1)
[colorContrast] Low contrast 1.21:1 (needs 4.5:1). Low contrast text is difficult to read for users with low vision
  How to fix:
    - Increase contrast by darkening text or lightening background
    - Use contrast checker tool to verify
  WCAG 1.4.3: Contrast (Minimum) | See: https://webaim.org/resources/contrastchecker/
  Found: &quot;.tier-badge&quot;: #000000 on rgba(26, 26, 26, 0.10) (C:\Users\spani\OneDrive\Dokumente\GitHub\noro-wedding\src\app\pages\referral\referral\referral.scss:1)
[colorContrast] Low contrast 1.00:1 (needs 4.5:1). Low contrast text is difficult to read for users with low vision
  How to fix:
    - Increase contrast by darkening text or lightening background
    - Use contrast checker tool to verify
  WCAG 1.4.3: Contrast (Minimum) | See: https://webaim.org/resources/contrastchecker/
  Found: &quot;.cta-badge-large&quot;: #ffffff on rgba(255, 255, 255, 0.10) (c:\users\spani\onedrive\dokumente\github\noro-wedding\src\styles.scss:1)
[colorContrast] Low contrast 1.00:1 (needs 4.5:1). Low contrast text is difficult to read for users with low vision
  How to fix:
    - Increase contrast by darkening text or lightening background
    - Use contrast checker tool to verify
  WCAG 1.4.3: Contrast (Minimum) | See: https://webaim.org/resources/contrastchecker/
  Found: &quot;.error-banner&quot;: #e53935 on rgba(229, 57, 53, 0.05) (C:\Users\spani\OneDrive\Dokumente\GitHub\noro-wedding\src\app\pages\referral\referral\referral.scss:1)
[colorContrast] Low contrast 1.21:1 (needs 4.5:1). Low contrast text is difficult to read for users with low vision
  How to fix:
    - Increase contrast by darkening text or lightening background
    - Use contrast checker tool to verify
  WCAG 1.4.3: Contrast (Minimum) | See: https://webaim.org/resources/contrastchecker/
  Found: &quot;label&quot;: #000000 on rgba(26, 26, 26, 0.05) (C:\Users\spani\OneDrive\Dokumente\GitHub\noro-wedding\src\app\pages\referral\referral\referral.scss:1)
[colorContrast] Highly transparent text is difficult to read. Low opacity reduces effective contrast
  How to fix:
    - Increase opacity to at least 0.55
    - Use solid colors for text
  WCAG 1.4.3: Contrast (Minimum)
  Found: &quot;rgba($color-primary, 0.2)&quot; (C:\Users\spani\OneDrive\Dokumente\GitHub\noro-wedding\src\app\pages\referral\referral\referral.scss:1)
[contentOverflow] Potential content overflow detected in &quot;============================================================================

.power-strip&quot;. This may hide text content inaccessibly.
  How to fix:
    - Verify all content remains accessible when overflow is hidden
    - Consider using &quot;overflow: auto&quot; or &quot;overflow: scroll&quot; for scrollable content
    - Ensure responsive design allows content to reflow at 320px width
  WCAG 1.4.10: Reflow (c:\users\spani\onedrive\dokumente\github\noro-wedding\src\styles.scss:1)
[contentOverflow] Potential content overflow detected in &quot;============================================================================

.mega-cta-section&quot;. This may hide text content inaccessibly.
  How to fix:
    - Verify all content remains accessible when overflow is hidden
    - Consider using &quot;overflow: auto&quot; or &quot;overflow: scroll&quot; for scrollable content
    - Ensure responsive design allows content to reflow at 320px width
  WCAG 1.4.10: Reflow (c:\users\spani\onedrive\dokumente\github\noro-wedding\src\styles.scss:1)
]]>
      </system-out>
    </testcase>
    <testcase name="ImpressumComponent" classname="mat-a11y.accessibility" time="0">
      <failure message="Accessibility score: 81% (threshold: 90%)" type="AccessibilityError">
<![CDATA[
[formLabels] Form input missing label. Screen readers cannot identify the input purpose
  How to fix:
    - Add &lt;label for=&quot;inputId&quot;&gt;
    - Add aria-label attribute
    - Add aria-labelledby referencing visible text
    - Wrap input in &lt;label&gt; element
  WCAG 3.3.2: Labels or Instructions
  Found: &lt;input matInput [ngModel]=&quot;impressumData().street&quot;... (line 57) (C:\Users\spani\OneDrive\Dokumente\GitHub\noro-wedding\src\app\components\impressum\impressum.html:1)
[formLabels] Form input missing label. Screen readers cannot identify the input purpose
  How to fix:
    - Add &lt;label for=&quot;inputId&quot;&gt;
    - Add aria-label attribute
    - Add aria-labelledby referencing visible text
    - Wrap input in &lt;label&gt; element
  WCAG 3.3.2: Labels or Instructions
  Found: &lt;input matInput [ngModel]=&quot;impressumData().postalCode&quot;... (line 69) (C:\Users\spani\OneDrive\Dokumente\GitHub\noro-wedding\src\app\components\impressum\impressum.html:1)
[formLabels] Form input missing label. Screen readers cannot identify the input purpose
  How to fix:
    - Add &lt;label for=&quot;inputId&quot;&gt;
    - Add aria-label attribute
    - Add aria-labelledby referencing visible text
    - Wrap input in &lt;label&gt; element
  WCAG 3.3.2: Labels or Instructions
  Found: &lt;input matInput [ngModel]=&quot;impressumData().city&quot;... (line 80) (C:\Users\spani\OneDrive\Dokumente\GitHub\noro-wedding\src\app\components\impressum\impressum.html:1)
[formLabels] Form input missing label. Screen readers cannot identify the input purpose
  How to fix:
    - Add &lt;label for=&quot;inputId&quot;&gt;
    - Add aria-label attribute
    - Add aria-labelledby referencing visible text
    - Wrap input in &lt;label&gt; element
  WCAG 3.3.2: Labels or Instructions
  Found: &lt;input matInput [ngModel]=&quot;impressumData().country&quot;... (line 91) (C:\Users\spani\OneDrive\Dokumente\GitHub\noro-wedding\src\app\components\impressum\impressum.html:1)
[formLabels] Form input missing label. Screen readers cannot identify the input purpose
  How to fix:
    - Add &lt;label for=&quot;inputId&quot;&gt;
    - Add aria-label attribute
    - Add aria-labelledby referencing visible text
    - Wrap input in &lt;label&gt; element
  WCAG 3.3.2: Labels or Instructions
  Found: &lt;input matInput type=&quot;email&quot; [ngModel]=&quot;i... (line 108) (C:\Users\spani\OneDrive\Dokumente\GitHub\noro-wedding\src\app\components\impressum\impressum.html:1)
[formLabels] Form input missing label. Screen readers cannot identify the input purpose
  How to fix:
    - Add &lt;label for=&quot;inputId&quot;&gt;
    - Add aria-label attribute
    - Add aria-labelledby referencing visible text
    - Wrap input in &lt;label&gt; element
  WCAG 3.3.2: Labels or Instructions
  Found: &lt;input matInput type=&quot;tel&quot; [ngModel]=&quot;imp... (line 121) (C:\Users\spani\OneDrive\Dokumente\GitHub\noro-wedding\src\app\components\impressum\impressum.html:1)
[formLabels] Form textarea missing label. Screen readers cannot identify the input purpose
  How to fix:
    - Add &lt;label for=&quot;inputId&quot;&gt;
    - Add aria-label attribute
    - Add aria-labelledby referencing visible text
    - Wrap input in &lt;label&gt; element
  WCAG 3.3.2: Labels or Instructions
  Found: &lt;textarea matInput [ngModel]=&quot;impressumData().addition... (line 139) (C:\Users\spani\OneDrive\Dokumente\GitHub\noro-wedding\src\app\components\impressum\impressum.html:1)
[formLabels] Form input missing label. Screen readers cannot identify the input purpose
  How to fix:
    - Add &lt;label for=&quot;inputId&quot;&gt;
    - Add aria-label attribute
    - Add aria-labelledby referencing visible text
    - Wrap input in &lt;label&gt; element
  WCAG 3.3.2: Labels or Instructions
  Found: &lt;input matInput [ngModel]=&quot;impressumData().vat... (line 174) (C:\Users\spani\OneDrive\Dokumente\GitHub\noro-wedding\src\app\components\impressum\impressum.html:1)
[formLabels] Form input missing label. Screen readers cannot identify the input purpose
  How to fix:
    - Add &lt;label for=&quot;inputId&quot;&gt;
    - Add aria-label attribute
    - Add aria-labelledby referencing visible text
    - Wrap input in &lt;label&gt; element
  WCAG 3.3.2: Labels or Instructions
  Found: &lt;input matInput [ngModel]=&quot;impressumData().reg... (line 186) (C:\Users\spani\OneDrive\Dokumente\GitHub\noro-wedding\src\app\components\impressum\impressum.html:1)
[formLabels] Form input missing label. Screen readers cannot identify the input purpose
  How to fix:
    - Add &lt;label for=&quot;inputId&quot;&gt;
    - Add aria-label attribute
    - Add aria-labelledby referencing visible text
    - Wrap input in &lt;label&gt; element
  WCAG 3.3.2: Labels or Instructions
  Found: &lt;input matInput [ngModel]=&quot;impressumData().reg... (line 196) (C:\Users\spani\OneDrive\Dokumente\GitHub\noro-wedding\src\app\components\impressum\impressum.html:1)
... and 2 more issues
]]>
      </failure>
      <system-out>
<![CDATA[
      Full issue list for ImpressumComponent:
[formLabels] Form input missing label. Screen readers cannot identify the input purpose
  How to fix:
    - Add &lt;label for=&quot;inputId&quot;&gt;
    - Add aria-label attribute
    - Add aria-labelledby referencing visible text
    - Wrap input in &lt;label&gt; element
  WCAG 3.3.2: Labels or Instructions
  Found: &lt;input matInput [ngModel]=&quot;impressumData().street&quot;... (line 57) (C:\Users\spani\OneDrive\Dokumente\GitHub\noro-wedding\src\app\components\impressum\impressum.html:1)
[formLabels] Form input missing label. Screen readers cannot identify the input purpose
  How to fix:
    - Add &lt;label for=&quot;inputId&quot;&gt;
    - Add aria-label attribute
    - Add aria-labelledby referencing visible text
    - Wrap input in &lt;label&gt; element
  WCAG 3.3.2: Labels or Instructions
  Found: &lt;input matInput [ngModel]=&quot;impressumData().postalCode&quot;... (line 69) (C:\Users\spani\OneDrive\Dokumente\GitHub\noro-wedding\src\app\components\impressum\impressum.html:1)
[formLabels] Form input missing label. Screen readers cannot identify the input purpose
  How to fix:
    - Add &lt;label for=&quot;inputId&quot;&gt;
    - Add aria-label attribute
    - Add aria-labelledby referencing visible text
    - Wrap input in &lt;label&gt; element
  WCAG 3.3.2: Labels or Instructions
  Found: &lt;input matInput [ngModel]=&quot;impressumData().city&quot;... (line 80) (C:\Users\spani\OneDrive\Dokumente\GitHub\noro-wedding\src\app\components\impressum\impressum.html:1)
[formLabels] Form input missing label. Screen readers cannot identify the input purpose
  How to fix:
    - Add &lt;label for=&quot;inputId&quot;&gt;
    - Add aria-label attribute
    - Add aria-labelledby referencing visible text
    - Wrap input in &lt;label&gt; element
  WCAG 3.3.2: Labels or Instructions
  Found: &lt;input matInput [ngModel]=&quot;impressumData().country&quot;... (line 91) (C:\Users\spani\OneDrive\Dokumente\GitHub\noro-wedding\src\app\components\impressum\impressum.html:1)
[formLabels] Form input missing label. Screen readers cannot identify the input purpose
  How to fix:
    - Add &lt;label for=&quot;inputId&quot;&gt;
    - Add aria-label attribute
    - Add aria-labelledby referencing visible text
    - Wrap input in &lt;label&gt; element
  WCAG 3.3.2: Labels or Instructions
  Found: &lt;input matInput type=&quot;email&quot; [ngModel]=&quot;i... (line 108) (C:\Users\spani\OneDrive\Dokumente\GitHub\noro-wedding\src\app\components\impressum\impressum.html:1)
[formLabels] Form input missing label. Screen readers cannot identify the input purpose
  How to fix:
    - Add &lt;label for=&quot;inputId&quot;&gt;
    - Add aria-label attribute
    - Add aria-labelledby referencing visible text
    - Wrap input in &lt;label&gt; element
  WCAG 3.3.2: Labels or Instructions
  Found: &lt;input matInput type=&quot;tel&quot; [ngModel]=&quot;imp... (line 121) (C:\Users\spani\OneDrive\Dokumente\GitHub\noro-wedding\src\app\components\impressum\impressum.html:1)
[formLabels] Form textarea missing label. Screen readers cannot identify the input purpose
  How to fix:
    - Add &lt;label for=&quot;inputId&quot;&gt;
    - Add aria-label attribute
    - Add aria-labelledby referencing visible text
    - Wrap input in &lt;label&gt; element
  WCAG 3.3.2: Labels or Instructions
  Found: &lt;textarea matInput [ngModel]=&quot;impressumData().addition... (line 139) (C:\Users\spani\OneDrive\Dokumente\GitHub\noro-wedding\src\app\components\impressum\impressum.html:1)
[formLabels] Form input missing label. Screen readers cannot identify the input purpose
  How to fix:
    - Add &lt;label for=&quot;inputId&quot;&gt;
    - Add aria-label attribute
    - Add aria-labelledby referencing visible text
    - Wrap input in &lt;label&gt; element
  WCAG 3.3.2: Labels or Instructions
  Found: &lt;input matInput [ngModel]=&quot;impressumData().vat... (line 174) (C:\Users\spani\OneDrive\Dokumente\GitHub\noro-wedding\src\app\components\impressum\impressum.html:1)
[formLabels] Form input missing label. Screen readers cannot identify the input purpose
  How to fix:
    - Add &lt;label for=&quot;inputId&quot;&gt;
    - Add aria-label attribute
    - Add aria-labelledby referencing visible text
    - Wrap input in &lt;label&gt; element
  WCAG 3.3.2: Labels or Instructions
  Found: &lt;input matInput [ngModel]=&quot;impressumData().reg... (line 186) (C:\Users\spani\OneDrive\Dokumente\GitHub\noro-wedding\src\app\components\impressum\impressum.html:1)
[formLabels] Form input missing label. Screen readers cannot identify the input purpose
  How to fix:
    - Add &lt;label for=&quot;inputId&quot;&gt;
    - Add aria-label attribute
    - Add aria-labelledby referencing visible text
    - Wrap input in &lt;label&gt; element
  WCAG 3.3.2: Labels or Instructions
  Found: &lt;input matInput [ngModel]=&quot;impressumData().reg... (line 196) (C:\Users\spani\OneDrive\Dokumente\GitHub\noro-wedding\src\app\components\impressum\impressum.html:1)
[colorContrast] Low contrast 1.42:1 (needs 4.5:1). Low contrast text is difficult to read for users with low vision
  How to fix:
    - Increase contrast by darkening text or lightening background
    - Use contrast checker tool to verify
  WCAG 1.4.3: Contrast (Minimum) | See: https://webaim.org/resources/contrastchecker/
  Found: &quot;Business toggle section .business-toggle&quot;: #4a1426 on rgba(0, 0, 0, 0.02) (C:\Users\spani\OneDrive\Dokumente\GitHub\noro-wedding\src\app\components\impressum\impressum.scss:1)
[prefersReducedMotion] Animation without prefers-reduced-motion support. Animations can cause vestibular disorders and motion sickness
  How to fix:
    - Add @media (prefers-reduced-motion: reduce) query
    - Disable or reduce animation when preference is set
  WCAG 2.3.3: Animation from Interactions
  Found: File uses transitions without properly disabling them in prefers-reduced-motion: reduce (C:\Users\spani\OneDrive\Dokumente\GitHub\noro-wedding\src\app\components\impressum\impressum.scss:1)
]]>
      </system-out>
    </testcase>
    <testcase name="General" classname="mat-a11y.accessibility" time="0">
      <failure message="Accessibility score: 81% (threshold: 90%)" type="AccessibilityError">
<![CDATA[
[formLabels] Form input missing label. Screen readers cannot identify the input purpose
  How to fix:
    - Add &lt;label for=&quot;inputId&quot;&gt;
    - Add aria-label attribute
    - Add aria-labelledby referencing visible text
    - Wrap input in &lt;label&gt; element
  WCAG 3.3.2: Labels or Instructions
  Found: &lt;input matInput [(ngModel)]=&quot;settings().lastName1&quot; (ngModelChange)=&quot;onFieldChang... (line 39) (C:\Users\spani\OneDrive\Dokumente\GitHub\noro-wedding\src\app\pages\administration\general\general.html:1)
[formLabels] Form input missing label. Screen readers cannot identify the input purpose
  How to fix:
    - Add &lt;label for=&quot;inputId&quot;&gt;
    - Add aria-label attribute
    - Add aria-labelledby referencing visible text
    - Wrap input in &lt;label&gt; element
  WCAG 3.3.2: Labels or Instructions
  Found: &lt;input matInput [(ngModel)]=&quot;settings().firstName2&quot; (ngModelChange)=&quot;onFirstName... (line 46) (C:\Users\spani\OneDrive\Dokumente\GitHub\noro-wedding\src\app\pages\administration\general\general.html:1)
[formLabels] Form input missing label. Screen readers cannot identify the input purpose
  How to fix:
    - Add &lt;label for=&quot;inputId&quot;&gt;
    - Add aria-label attribute
    - Add aria-labelledby referencing visible text
    - Wrap input in &lt;label&gt; element
  WCAG 3.3.2: Labels or Instructions
  Found: &lt;input matInput [(ngModel)]=&quot;settings().lastName2&quot; (ngModelChange)=&quot;onFieldChang... (line 54) (C:\Users\spani\OneDrive\Dokumente\GitHub\noro-wedding\src\app\pages\administration\general\general.html:1)
[formLabels] Form input missing label. Screen readers cannot identify the input purpose
  How to fix:
    - Add &lt;label for=&quot;inputId&quot;&gt;
    - Add aria-label attribute
    - Add aria-labelledby referencing visible text
    - Wrap input in &lt;label&gt; element
  WCAG 3.3.2: Labels or Instructions
  Found: &lt;input matInput [matDatepicker]=&quot;weddingDatePickerAdmin&quot; [(ngModel)]=&quot;settings()... (line 61) (C:\Users\spani\OneDrive\Dokumente\GitHub\noro-wedding\src\app\pages\administration\general\general.html:1)
[formLabels] Form input missing label. Screen readers cannot identify the input purpose
  How to fix:
    - Add &lt;label for=&quot;inputId&quot;&gt;
    - Add aria-label attribute
    - Add aria-labelledby referencing visible text
    - Wrap input in &lt;label&gt; element
  WCAG 3.3.2: Labels or Instructions
  Found: &lt;input matInput type=&quot;password&quot; [(ngModel)]=&quot;settings().guestPassword&quot; (ngModelC... (line 72) (C:\Users\spani\OneDrive\Dokumente\GitHub\noro-wedding\src\app\pages\administration\general\general.html:1)
[formLabels] Form input missing label. Screen readers cannot identify the input purpose
  How to fix:
    - Add &lt;label for=&quot;inputId&quot;&gt;
    - Add aria-label attribute
    - Add aria-labelledby referencing visible text
    - Wrap input in &lt;label&gt; element
  WCAG 3.3.2: Labels or Instructions
  Found: &lt;input matInput [(ngModel)]=&quot;settings().firstName2&quot; (ngModelChange)=&quot;onFirstName... (line 129) (C:\Users\spani\OneDrive\Dokumente\GitHub\noro-wedding\src\app\pages\administration\general\general.html:1)
[matIconAccessibility] mat-icon used as interactive without accessible label. Screen readers cannot announce icon-only buttons
  How to fix:
    - Add aria-label to parent button
    - Add visually-hidden text
    - Add aria-hidden=&quot;true&quot; if purely decorative
  WCAG 4.1.2: Name, Role, Value | See: https://material.angular.io/components/icon/overview#accessibility
  Found: &lt;mat-icon&gt;check_circle&lt;/mat-icon&gt; (C:\Users\spani\OneDrive\Dokumente\GitHub\noro-wedding\src\app\pages\administration\general\general.html:1)
[colorContrast] Contrast 3.68:1 only meets AA for large text (18pt+). Normal-sized text requires higher contrast ratio
  How to fix:
    - Increase contrast to 4.5:1 for normal text
    - Acceptable for text 18pt+ or 14pt bold
  WCAG 1.4.3: Contrast (Minimum)
  Found: &quot;.taken-label&quot;: white on #f44336 (C:\Users\spani\OneDrive\Dokumente\GitHub\noro-wedding\src\app\pages\administration\general\general.scss:1)
[colorContrast] Low contrast 1.00:1 (needs 4.5:1). Low contrast text is difficult to read for users with low vision
  How to fix:
    - Increase contrast by darkening text or lightening background
    - Use contrast checker tool to verify
  WCAG 1.4.3: Contrast (Minimum) | See: https://webaim.org/resources/contrastchecker/
  Found: &quot;button[mat-button]&quot;: rgba(0, 0, 0, 0.6) on rgba(0, 0, 0, 0.04) (C:\Users\spani\OneDrive\Dokumente\GitHub\noro-wedding\src\app\pages\administration\general\general.scss:1)
[touchTargets] Touch target below 24px minimum (WCAG AA). Users with motor impairments cannot reliably activate
  How to fix:
    - Ensure minimum 24x24px clickable area (44x44px recommended)
  WCAG 2.5.5: Target Size | See: https://www.w3.org/WAI/WCAG21/Understanding/target-size
  Found: &lt;.link&gt; (height: 20px effective) (C:\Users\spani\OneDrive\Dokumente\GitHub\noro-wedding\src\app\pages\administration\general\general.scss:1)
... and 3 more issues
]]>
      </failure>
      <system-out>
<![CDATA[
      Full issue list for General:
[formLabels] Form input missing label. Screen readers cannot identify the input purpose
  How to fix:
    - Add &lt;label for=&quot;inputId&quot;&gt;
    - Add aria-label attribute
    - Add aria-labelledby referencing visible text
    - Wrap input in &lt;label&gt; element
  WCAG 3.3.2: Labels or Instructions
  Found: &lt;input matInput [(ngModel)]=&quot;settings().lastName1&quot; (ngModelChange)=&quot;onFieldChang... (line 39) (C:\Users\spani\OneDrive\Dokumente\GitHub\noro-wedding\src\app\pages\administration\general\general.html:1)
[formLabels] Form input missing label. Screen readers cannot identify the input purpose
  How to fix:
    - Add &lt;label for=&quot;inputId&quot;&gt;
    - Add aria-label attribute
    - Add aria-labelledby referencing visible text
    - Wrap input in &lt;label&gt; element
  WCAG 3.3.2: Labels or Instructions
  Found: &lt;input matInput [(ngModel)]=&quot;settings().firstName2&quot; (ngModelChange)=&quot;onFirstName... (line 46) (C:\Users\spani\OneDrive\Dokumente\GitHub\noro-wedding\src\app\pages\administration\general\general.html:1)
[formLabels] Form input missing label. Screen readers cannot identify the input purpose
  How to fix:
    - Add &lt;label for=&quot;inputId&quot;&gt;
    - Add aria-label attribute
    - Add aria-labelledby referencing visible text
    - Wrap input in &lt;label&gt; element
  WCAG 3.3.2: Labels or Instructions
  Found: &lt;input matInput [(ngModel)]=&quot;settings().lastName2&quot; (ngModelChange)=&quot;onFieldChang... (line 54) (C:\Users\spani\OneDrive\Dokumente\GitHub\noro-wedding\src\app\pages\administration\general\general.html:1)
[formLabels] Form input missing label. Screen readers cannot identify the input purpose
  How to fix:
    - Add &lt;label for=&quot;inputId&quot;&gt;
    - Add aria-label attribute
    - Add aria-labelledby referencing visible text
    - Wrap input in &lt;label&gt; element
  WCAG 3.3.2: Labels or Instructions
  Found: &lt;input matInput [matDatepicker]=&quot;weddingDatePickerAdmin&quot; [(ngModel)]=&quot;settings()... (line 61) (C:\Users\spani\OneDrive\Dokumente\GitHub\noro-wedding\src\app\pages\administration\general\general.html:1)
[formLabels] Form input missing label. Screen readers cannot identify the input purpose
  How to fix:
    - Add &lt;label for=&quot;inputId&quot;&gt;
    - Add aria-label attribute
    - Add aria-labelledby referencing visible text
    - Wrap input in &lt;label&gt; element
  WCAG 3.3.2: Labels or Instructions
  Found: &lt;input matInput type=&quot;password&quot; [(ngModel)]=&quot;settings().guestPassword&quot; (ngModelC... (line 72) (C:\Users\spani\OneDrive\Dokumente\GitHub\noro-wedding\src\app\pages\administration\general\general.html:1)
[...]
  How to fix:
    - Add aria-label to parent button
    - Add visually-hidden text
    - Add aria-hidden=&quot;true&quot; if purely decorative
  WCAG 4.1.2: Name, Role, Value | See: https://material.angular.io/components/icon/overview#accessibility
  Found: &lt;mat-icon&gt;login&lt;/mat-icon&gt;
]]>
      </system-out>
    </testcase>
    <testcase name="ThemeInfoDialog" classname="mat-a11y.accessibility" time="0">
      <system-out>
<![CDATA[
Warnings (not failing):
[colorContrast] Low contrast 2.14:1 (needs 4.5:1). Low contrast text is difficult to read for users with low vision
  How to fix:
    - Increase contrast by darkening text or lightening background
    - Use contrast checker tool to verify
  WCAG 1.4.3: Contrast (Minimum) | See: https://webaim.org/resources/contrastchecker/
  Found: &quot;.premium-box&quot;: #daa520 on #fafafa
]]>
      </system-out>
    </testcase>
    <testcase name="Header" classname="mat-a11y.accessibility" time="0">
      <system-out>
<![CDATA[
Warnings (not failing):
[hoverWithoutFocus] :hover styles without matching :focus styles. Keyboard users miss visual feedback available to mouse users
  How to fix:
    - Add matching :focus styles
    - Use :hover, :focus { } combined selector
    - Consider :focus-visible for keyboard-only focus
  WCAG 2.4.7: Focus Visible
  Found: .mobile-menu-button:hover
]]>
      </system-out>
    </testcase>
    <testcase name="PremiumColorDialog" classname="mat-a11y.accessibility" time="0">
      <system-out>
<![CDATA[
Warnings (not failing):
[matIconAccessibility] mat-icon used as interactive without accessible label. Screen readers cannot announce icon-only buttons
  How to fix:
    - Add aria-label to parent button
    - Add visually-hidden text
    - Add aria-hidden=&quot;true&quot; if purely decorative
  WCAG 4.1.2: Name, Role, Value | See: https://material.angular.io/components/icon/overview#accessibility
  Found: &lt;mat-icon&gt;format_color_reset&lt;/mat-icon&gt;
]]>
      </system-out>
    </testcase>
    <testcase name="ProsConsCardsComponent" classname="mat-a11y.accessibility" time="0">
      <system-out>
<![CDATA[
Warnings (not failing):
[contentOverflow] Potential content overflow detected in &quot;.pros-cons-wrapper&quot;. This may hide text content inaccessibly.
  How to fix:
    - Verify all content remains accessible when overflow is hidden
    - Consider using &quot;overflow: auto&quot; or &quot;overflow: scroll&quot; for scrollable content
    - Ensure responsive design allows content to reflow at 320px width
  WCAG 1.4.10: Reflow
[contentOverflow] Potential content overflow detected in &quot;.score-bar&quot;. This may hide text content inaccessibly.
  How to fix:
    - Verify all content remains accessible when overflow is hidden
    - Consider using &quot;overflow: auto&quot; or &quot;overflow: scroll&quot; for scrollable content
    - Ensure responsive design allows content to reflow at 320px width
  WCAG 1.4.10: Reflow
]]>
      </system-out>
    </testcase>
    <testcase name="ImagePreview" classname="mat-a11y.accessibility" time="0">
      <system-out>
<![CDATA[
Warnings (not failing):
[visibilityHiddenUsage] visibility: hidden element may be in tab order. Focusable hidden elements confuse keyboard navigation
  How to fix:
    - Add tabindex=&quot;-1&quot; to hidden elements
    - Use display: none to remove from tab order
    - Manage focus when showing/hiding
  WCAG 2.4.3: Focus Order
  Found: // Blurred background image .image-background
[visibilityHiddenUsage] visibility: hidden element may be in tab order. Focusable hidden elements confuse keyboard navigation
  How to fix:
    - Add tabindex=&quot;-1&quot; to hidden elements
    - Use display: none to remove from tab order
    - Manage focus when showing/hiding
  WCAG 2.4.3: Focus Order
  Found: // Image wrapper for main image .image-wrapper
]]>
      </system-out>
    </testcase>
    <testcase name="VendorPaymentTracker" classname="mat-a11y.accessibility" time="0">
      <system-out>
<![CDATA[
Warnings (not failing):
[prefersReducedMotion] Animation without prefers-reduced-motion support. Animations can cause vestibular disorders and motion sickness
  How to fix:
    - Add @media (prefers-reduced-motion: reduce) query
    - Disable or reduce animation when preference is set
  WCAG 2.3.3: Animation from Interactions
  Found: File uses animations and transitions without properly disabling them in prefers-reduced-motion: redu...
]]>
      </system-out>
    </testcase>
    <testcase name="ProgressTracker" classname="mat-a11y.accessibility" time="0">
      <system-out>
<![CDATA[
Warnings (not failing):
[prefersReducedMotion] Animation without prefers-reduced-motion support. Animations can cause vestibular disorders and motion sickness
  How to fix:
    - Add @media (prefers-reduced-motion: reduce) query
    - Disable or reduce animation when preference is set
  WCAG 2.3.3: Animation from Interactions
  Found: File uses animations and transitions without properly disabling them in prefers-reduced-motion: redu...
]]>
      </system-out>
    </testcase>
    <testcase name="TexturePickerComponent" classname="mat-a11y.accessibility" time="0">
      <system-out>
<![CDATA[
Warnings (not failing):
[prefersReducedMotion] Animation without prefers-reduced-motion support. Animations can cause vestibular disorders and motion sickness
  How to fix:
    - Add @media (prefers-reduced-motion: reduce) query
    - Disable or reduce animation when preference is set
  WCAG 2.3.3: Animation from Interactions
  Found: File uses animations and transitions without properly disabling them in prefers-reduced-motion: redu...
]]>
      </system-out>
    </testcase>
    <testcase name="AnleitungLandingComponent" classname="mat-a11y.accessibility" time="0">
      <system-out>
<![CDATA[
Warnings (not failing):
[prefersReducedMotion] Animation without prefers-reduced-motion support. Animations can cause vestibular disorders and motion sickness
  How to fix:
    - Add @media (prefers-reduced-motion: reduce) query
    - Disable or reduce animation when preference is set
  WCAG 2.3.3: Animation from Interactions
  Found: File uses animations and transitions without properly disabling them in prefers-reduced-motion: redu...
]]>
      </system-out>
    </testcase>
    <testcase name="ChecklisteLanding" classname="mat-a11y.accessibility" time="0">
      <system-out>
<![CDATA[
Warnings (not failing):
[prefersReducedMotion] Animation without prefers-reduced-motion support. Animations can cause vestibular disorders and motion sickness
  How to fix:
    - Add @media (prefers-reduced-motion: reduce) query
    - Disable or reduce animation when preference is set
  WCAG 2.3.3: Animation from Interactions
  Found: File uses animations and transitions without properly disabling them in prefers-reduced-motion: redu...
]]>
      </system-out>
    </testcase>
    <testcase name="GeneratorLandingComponent" classname="mat-a11y.accessibility" time="0">
      <system-out>
<![CDATA[
Warnings (not failing):
[prefersReducedMotion] Animation without prefers-reduced-motion support. Animations can cause vestibular disorders and motion sickness
  How to fix:
    - Add @media (prefers-reduced-motion: reduce) query
    - Disable or reduce animation when preference is set
  WCAG 2.3.3: Animation from Interactions
  Found: File uses animations and transitions without properly disabling them in prefers-reduced-motion: redu...
]]>
      </system-out>
    </testcase>
    <testcase name="InspirationLandingComponent" classname="mat-a11y.accessibility" time="0">
      <system-out>
<![CDATA[
Warnings (not failing):
[prefersReducedMotion] Animation without prefers-reduced-motion support. Animations can cause vestibular disorders and motion sickness
  How to fix:
    - Add @media (prefers-reduced-motion: reduce) query
    - Disable or reduce animation when preference is set
  WCAG 2.3.3: Animation from Interactions
  Found: File uses animations and transitions without properly disabling them in prefers-reduced-motion: redu...
]]>
      </system-out>
    </testcase>
    <testcase name="PlanerLandingComponent" classname="mat-a11y.accessibility" time="0">
      <system-out>
<![CDATA[
Warnings (not failing):
[prefersReducedMotion] Animation without prefers-reduced-motion support. Animations can cause vestibular disorders and motion sickness
  How to fix:
    - Add @media (prefers-reduced-motion: reduce) query
    - Disable or reduce animation when preference is set
  WCAG 2.3.3: Animation from Interactions
  Found: File uses animations and transitions without properly disabling them in prefers-reduced-motion: redu...
]]>
      </system-out>
    </testcase>
    <testcase name="QuizLandingComponent" classname="mat-a11y.accessibility" time="0">
      <system-out>
<![CDATA[
Warnings (not failing):
[prefersReducedMotion] Animation without prefers-reduced-motion support. Animations can cause vestibular disorders and motion sickness
  How to fix:
    - Add @media (prefers-reduced-motion: reduce) query
    - Disable or reduce animation when preference is set
  WCAG 2.3.3: Animation from Interactions
  Found: File uses animations and transitions without properly disabling them in prefers-reduced-motion: redu...
]]>
      </system-out>
    </testcase>
    <testcase name="RatgeberLandingComponent" classname="mat-a11y.accessibility" time="0">
      <system-out>
<![CDATA[
Warnings (not failing):
[prefersReducedMotion] Animation without prefers-reduced-motion support. Animations can cause vestibular disorders and motion sickness
  How to fix:
    - Add @media (prefers-reduced-motion: reduce) query
    - Disable or reduce animation when preference is set
  WCAG 2.3.3: Animation from Interactions
  Found: File uses animations and transitions without properly disabling them in prefers-reduced-motion: redu...
]]>
      </system-out>
    </testcase>
    <testcase name="RechnerLanding" classname="mat-a11y.accessibility" time="0">
      <system-out>
<![CDATA[
Warnings (not failing):
[prefersReducedMotion] Animation without prefers-reduced-motion support. Animations can cause vestibular disorders and motion sickness
  How to fix:
    - Add @media (prefers-reduced-motion: reduce) query
    - Disable or reduce animation when preference is set
  WCAG 2.3.3: Animation from Interactions
  Found: File uses animations and transitions without properly disabling them in prefers-reduced-motion: redu...
]]>
      </system-out>
    </testcase>
    <testcase name="TrackerLanding" classname="mat-a11y.accessibility" time="0">
      <system-out>
<![CDATA[
Warnings (not failing):
[prefersReducedMotion] Animation without prefers-reduced-motion support. Animations can cause vestibular disorders and motion sickness
  How to fix:
    - Add @media (prefers-reduced-motion: reduce) query
    - Disable or reduce animation when preference is set
  WCAG 2.3.3: Animation from Interactions
  Found: File uses animations and transitions without properly disabling them in prefers-reduced-motion: redu...
]]>
      </system-out>
    </testcase>
    <testcase name="VergleichLanding" classname="mat-a11y.accessibility" time="0">
      <system-out>
<![CDATA[
Warnings (not failing):
[prefersReducedMotion] Animation without prefers-reduced-motion support. Animations can cause vestibular disorders and motion sickness
  How to fix:
    - Add @media (prefers-reduced-motion: reduce) query
    - Disable or reduce animation when preference is set
  WCAG 2.3.3: Animation from Interactions
  Found: File uses animations and transitions without properly disabling them in prefers-reduced-motion: redu...
]]>
      </system-out>
    </testcase>
    <testcase name="SaveTheDateTexteComponent" classname="mat-a11y.accessibility" time="0">
      <system-out>
<![CDATA[
Warnings (not failing):
[prefersReducedMotion] Animation without prefers-reduced-motion support. Animations can cause vestibular disorders and motion sickness
  How to fix:
    - Add @media (prefers-reduced-motion: reduce) query
    - Disable or reduce animation when preference is set
  WCAG 2.3.3: Animation from Interactions
  Found: File uses transitions without properly disabling them in prefers-reduced-motion: reduce
]]>
      </system-out>
    </testcase>
    <testcase name="GuideHeader" classname="mat-a11y.accessibility" time="0">
      <system-out>
<![CDATA[
Warnings (not failing):
[prefersReducedMotion] Animation without prefers-reduced-motion support. Animations can cause vestibular disorders and motion sickness
  How to fix:
    - Add @media (prefers-reduced-motion: reduce) query
    - Disable or reduce animation when preference is set
  WCAG 2.3.3: Animation from Interactions
  Found: File uses transitions without properly disabling them in prefers-reduced-motion: reduce
]]>
      </system-out>
    </testcase>
    <testcase name="GuideImage" classname="mat-a11y.accessibility" time="0">
      <system-out>
<![CDATA[
Warnings (not failing):
[prefersReducedMotion] Animation without prefers-reduced-motion support. Animations can cause vestibular disorders and motion sickness
  How to fix:
    - Add @media (prefers-reduced-motion: reduce) query
    - Disable or reduce animation when preference is set
  WCAG 2.3.3: Animation from Interactions
  Found: File uses transitions without properly disabling them in prefers-reduced-motion: reduce
]]>
      </system-out>
    </testcase>
    <testcase name="DeleteAccount" classname="mat-a11y.accessibility" time="0">
      <system-out>
<![CDATA[
Warnings (not failing):
[prefersReducedMotion] Animation without prefers-reduced-motion support. Animations can cause vestibular disorders and motion sickness
  How to fix:
    - Add @media (prefers-reduced-motion: reduce) query
    - Disable or reduce animation when preference is set
  WCAG 2.3.3: Animation from Interactions
  Found: File uses animations and transitions without properly disabling them in prefers-reduced-motion: redu...
]]>
      </system-out>
    </testcase>
    <testcase name="GuestView" classname="mat-a11y.accessibility" time="0">
      <system-out>
<![CDATA[
Warnings (not failing):
[prefersReducedMotion] Animation without prefers-reduced-motion support. Animations can cause vestibular disorders and motion sickness
  How to fix:
    - Add @media (prefers-reduced-motion: reduce) query
    - Disable or reduce animation when preference is set
  WCAG 2.3.3: Animation from Interactions
  Found: File uses animations and transitions without properly disabling them in prefers-reduced-motion: redu...
]]>
      </system-out>
    </testcase>
    <testcase name="ComponentEditButton" classname="mat-a11y.accessibility" time="0">
      <system-out>
<![CDATA[
Warnings (not failing):
[prefersReducedMotion] Animation without prefers-reduced-motion support. Animations can cause vestibular disorders and motion sickness
  How to fix:
    - Add @media (prefers-reduced-motion: reduce) query
    - Disable or reduce animation when preference is set
  WCAG 2.3.3: Animation from Interactions
  Found: File uses transitions without properly disabling them in prefers-reduced-motion: reduce
]]>
      </system-out>
    </testcase>
    <testcase name="PageHeader" classname="mat-a11y.accessibility" time="0">
      <system-out>
<![CDATA[
Warnings (not failing):
[prefersReducedMotion] Animation without prefers-reduced-motion support. Animations can cause vestibular disorders and motion sickness
  How to fix:
    - Add @media (prefers-reduced-motion: reduce) query
    - Disable or reduce animation when preference is set
  WCAG 2.3.3: Animation from Interactions
  Found: File uses transitions without properly disabling them in prefers-reduced-motion: reduce
]]>
      </system-out>
    </testcase>
    <testcase name="PaymentProcess" classname="mat-a11y.accessibility" time="0">
      <system-out>
<![CDATA[
Warnings (not failing):
[prefersReducedMotion] Animation without prefers-reduced-motion support. Animations can cause vestibular disorders and motion sickness
  How to fix:
    - Add @media (prefers-reduced-motion: reduce) query
    - Disable or reduce animation when preference is set
  WCAG 2.3.3: Animation from Interactions
  Found: File uses animations and transitions without properly disabling them in prefers-reduced-motion: redu...
]]>
      </system-out>
    </testcase>
    <testcase name="ComparisonTableComponent" classname="mat-a11y.accessibility" time="0">
      <system-out>
<![CDATA[
Warnings (not failing):
[contentOverflow] Potential content overflow detected in &quot;.comparison-table-wrapper&quot;. This may hide text content inaccessibly.
  How to fix:
    - Verify all content remains accessible when overflow is hidden
    - Consider using &quot;overflow: auto&quot; or &quot;overflow: scroll&quot; for scrollable content
    - Ensure responsive design allows content to reflow at 320px width
  WCAG 1.4.10: Reflow
]]>
      </system-out>
    </testcase>
    <testcase name="MadLibsGeneratorComponent" classname="mat-a11y.accessibility" time="0">
      <system-out>
<![CDATA[
Warnings (not failing):
[contentOverflow] Potential content overflow detected in &quot;:host&quot;. This may hide text content inaccessibly.
  How to fix:
    - Verify all content remains accessible when overflow is hidden
    - Consider using &quot;overflow: auto&quot; or &quot;overflow: scroll&quot; for scrollable content
    - Ensure responsive design allows content to reflow at 320px width
  WCAG 1.4.10: Reflow
]]>
      </system-out>
    </testcase>
    <testcase name="VisualDiffSliderComponent" classname="mat-a11y.accessibility" time="0">
      <system-out>
<![CDATA[
Warnings (not failing):
[contentOverflow] Potential content overflow detected in &quot;.visual-diff-slider&quot;. This may hide text content inaccessibly.
  How to fix:
    - Verify all content remains accessible when overflow is hidden
    - Consider using &quot;overflow: auto&quot; or &quot;overflow: scroll&quot; for scrollable content
    - Ensure responsive design allows content to reflow at 320px width
  WCAG 1.4.10: Reflow
]]>
      </system-out>
    </testcase>
    <testcase name="GuideLink" classname="mat-a11y.accessibility" time="0">
      <system-out>
<![CDATA[
Warnings (not failing):
[contentOverflow] Content may be hidden without visual indication in &quot;Visually hidden class for screen readers only
.visually-hidden&quot;. Text content may be cut off and inaccessible to users.
  How to fix:
    - Add &quot;text-overflow: ellipsis&quot; to show truncation indicator (...)
    - Or remove &quot;overflow: hidden&quot; to allow text to wrap naturally
    - Or ensure content is accessible through other means (tooltips, expand buttons)
  WCAG 1.4.10: Reflow
]]>
      </system-out>
    </testcase>
    <testcase name="GuideLoaderComponent" classname="mat-a11y.accessibility" time="0">
      <system-out>
<![CDATA[
Warnings (not failing):
[contentOverflow] Content may be hidden without visual indication in &quot;.visually-hidden&quot;. Text content may be cut off and inaccessible to users.
  How to fix:
    - Add &quot;text-overflow: ellipsis&quot; to show truncation indicator (...)
    - Or remove &quot;overflow: hidden&quot; to allow text to wrap naturally
    - Or ensure content is accessible through other means (tooltips, expand buttons)
  WCAG 1.4.10: Reflow
]]>
      </system-out>
    </testcase>
    <testcase name="LegalPage" classname="mat-a11y.accessibility" time="0">
      <system-out>
<![CDATA[
Warnings (not failing):
[innerHtmlUsage] innerHTML usage may affect accessibility. Dynamic HTML should maintain accessible structure
  How to fix:
    - Sanitize HTML content
    - Ensure dynamic content is accessible
    - Prefer Angular templates over innerHTML
  WCAG 4.1.2: Name, Role, Value
  Found: [innerHTML]=&quot;content()&quot; (line 10)
]]>
      </system-out>
    </testcase>
    <testcase name="DecisionTree" classname="mat-a11y.accessibility" time="0"/>
  </testsuite>
</testsuites>