<?xml version="1.0" encoding="UTF-8"?>
<testsuites name="mat-a11y" tests="117" failures="47" errors="0" skipped="0" time="0" timestamp="2025-12-12T21:05:58.790Z">
  <testsuite name="mat-a11y" tests="117" failures="47" errors="0" skipped="0" time="0" timestamp="2025-12-12T21:05:58.790Z" hostname="localhost">

    <properties>
      <property name="tier" value="full"/>
      <property name="urlCount" value="67"/>
      <property name="failThreshold" value="90"/>
      <property name="passing" value="61"/>
      <property name="warning" value="6"/>
      <property name="failing" value="0"/>
    </properties>
    <testcase name="/agb" classname="mat-a11y.accessibility" time="0">
      <failure message="Accessibility score: 83% (threshold: 90%)" type="AccessibilityError">
<![CDATA[
[matIconAccessibility] mat-icon used as interactive without accessible label. Screen readers cannot announce icon-only buttons
  How to fix:
    - Add aria-label to parent button
    - Add visually-hidden text
    - Add aria-hidden=&quot;true&quot; if purely decorative
  WCAG 4.1.2: Name, Role, Value | See: https://material.angular.io/components/icon/overview#accessibility
  Found: &lt;mat-icon&gt;close&lt;/mat-icon&gt; (C:/Users/spani/OneDrive/Dokumente/GitHub/noro-wedding/src/app/pages/guest-view/guest-view/guest-view.html:1)
[matIconAccessibility] mat-icon used as interactive without accessible label. Screen readers cannot announce icon-only buttons
  How to fix:
    - Add aria-label to parent button
    - Add visually-hidden text
    - Add aria-hidden=&quot;true&quot; if purely decorative
  WCAG 4.1.2: Name, Role, Value | See: https://material.angular.io/components/icon/overview#accessibility
  Found: &lt;mat-icon class=&quot;no-components-icon&quot;&gt;web&lt;/mat-icon&gt; (C:/Users/spani/OneDrive/Dokumente/GitHub/noro-wedding/src/app/pages/guest-view/guest-view/guest-view.html:1)
[matIconAccessibility] mat-icon used as interactive without accessible label. Screen readers cannot announce icon-only buttons
  How to fix:
    - Add aria-label to parent button
    - Add visually-hidden text
    - Add aria-hidden=&quot;true&quot; if purely decorative
  WCAG 4.1.2: Name, Role, Value | See: https://material.angular.io/components/icon/overview#accessibility
  Found: &lt;mat-icon&gt;edit&lt;/mat-icon&gt; (C:/Users/spani/OneDrive/Dokumente/GitHub/noro-wedding/src/app/pages/guest-view/guest-view/guest-view.html:1)
[matProgressSpinnerLabel] mat-progress-bar/spinner missing accessible label. Screen readers cannot identify what is loading
  How to fix:
    - Add aria-label=&quot;Loading description&quot;
    - Add aria-labelledby referencing status text
  WCAG 4.1.2: Name, Role, Value | See: https://material.angular.io/components/progress-bar/overview#accessibility
  Found: &lt;mat-spinner diameter=&quot;60&quot;&gt; (C:/Users/spani/OneDrive/Dokumente/GitHub/noro-wedding/src/app/pages/guest-view/guest-view/guest-view.html:1)
[matProgressSpinnerLabel] mat-progress-bar/spinner missing accessible label. Screen readers cannot identify what is loading
  How to fix:
    - Add aria-label=&quot;Loading description&quot;
    - Add aria-labelledby referencing status text
  WCAG 4.1.2: Name, Role, Value | See: https://material.angular.io/components/progress-bar/overview#accessibility
  Found: &lt;mat-spinner diameter=&quot;60&quot;&gt; (C:/Users/spani/OneDrive/Dokumente/GitHub/noro-wedding/src/app/pages/guest-view/guest-view/guest-view.html:1)
[prefersReducedMotion] Animation without prefers-reduced-motion support. Animations can cause vestibular disorders and motion sickness
  How to fix:
    - Add @media (prefers-reduced-motion: reduce) query
    - Disable or reduce animation when preference is set
  WCAG 2.3.3: Animation from Interactions
  Found: File uses animations and transitions without properly disabling them in prefers-reduced-motion: redu... (C:/Users/spani/OneDrive/Dokumente/GitHub/noro-wedding/src/app/pages/guest-view/guest-view/guest-view.scss:1)
]]>
      </failure>
    </testcase>
    <testcase name="/datenschutz" classname="mat-a11y.accessibility" time="0">
      <failure message="Accessibility score: 83% (threshold: 90%)" type="AccessibilityError">
<![CDATA[
[matIconAccessibility] mat-icon used as interactive without accessible label. Screen readers cannot announce icon-only buttons
  How to fix:
    - Add aria-label to parent button
    - Add visually-hidden text
    - Add aria-hidden=&quot;true&quot; if purely decorative
  WCAG 4.1.2: Name, Role, Value | See: https://material.angular.io/components/icon/overview#accessibility
  Found: &lt;mat-icon&gt;close&lt;/mat-icon&gt; (C:/Users/spani/OneDrive/Dokumente/GitHub/noro-wedding/src/app/pages/guest-view/guest-view/guest-view.html:1)
[matIconAccessibility] mat-icon used as interactive without accessible label. Screen readers cannot announce icon-only buttons
  How to fix:
    - Add aria-label to parent button
    - Add visually-hidden text
    - Add aria-hidden=&quot;true&quot; if purely decorative
  WCAG 4.1.2: Name, Role, Value | See: https://material.angular.io/components/icon/overview#accessibility
  Found: &lt;mat-icon class=&quot;no-components-icon&quot;&gt;web&lt;/mat-icon&gt; (C:/Users/spani/OneDrive/Dokumente/GitHub/noro-wedding/src/app/pages/guest-view/guest-view/guest-view.html:1)
[matIconAccessibility] mat-icon used as interactive without accessible label. Screen readers cannot announce icon-only buttons
  How to fix:
    - Add aria-label to parent button
    - Add visually-hidden text
    - Add aria-hidden=&quot;true&quot; if purely decorative
  WCAG 4.1.2: Name, Role, Value | See: https://material.angular.io/components/icon/overview#accessibility
  Found: &lt;mat-icon&gt;edit&lt;/mat-icon&gt; (C:/Users/spani/OneDrive/Dokumente/GitHub/noro-wedding/src/app/pages/guest-view/guest-view/guest-view.html:1)
[matProgressSpinnerLabel] mat-progress-bar/spinner missing accessible label. Screen readers cannot identify what is loading
  How to fix:
    - Add aria-label=&quot;Loading description&quot;
    - Add aria-labelledby referencing status text
  WCAG 4.1.2: Name, Role, Value | See: https://material.angular.io/components/progress-bar/overview#accessibility
  Found: &lt;mat-spinner diameter=&quot;60&quot;&gt; (C:/Users/spani/OneDrive/Dokumente/GitHub/noro-wedding/src/app/pages/guest-view/guest-view/guest-view.html:1)
[matProgressSpinnerLabel] mat-progress-bar/spinner missing accessible label. Screen readers cannot identify what is loading
  How to fix:
    - Add aria-label=&quot;Loading description&quot;
    - Add aria-labelledby referencing status text
  WCAG 4.1.2: Name, Role, Value | See: https://material.angular.io/components/progress-bar/overview#accessibility
  Found: &lt;mat-spinner diameter=&quot;60&quot;&gt; (C:/Users/spani/OneDrive/Dokumente/GitHub/noro-wedding/src/app/pages/guest-view/guest-view/guest-view.html:1)
[prefersReducedMotion] Animation without prefers-reduced-motion support. Animations can cause vestibular disorders and motion sickness
  How to fix:
    - Add @media (prefers-reduced-motion: reduce) query
    - Disable or reduce animation when preference is set
  WCAG 2.3.3: Animation from Interactions
  Found: File uses animations and transitions without properly disabling them in prefers-reduced-motion: redu... (C:/Users/spani/OneDrive/Dokumente/GitHub/noro-wedding/src/app/pages/guest-view/guest-view/guest-view.scss:1)
]]>
      </failure>
    </testcase>
    <testcase name="/impressum" classname="mat-a11y.accessibility" time="0">
      <failure message="Accessibility score: 83% (threshold: 90%)" type="AccessibilityError">
<![CDATA[
[matIconAccessibility] mat-icon used as interactive without accessible label. Screen readers cannot announce icon-only buttons
  How to fix:
    - Add aria-label to parent button
    - Add visually-hidden text
    - Add aria-hidden=&quot;true&quot; if purely decorative
  WCAG 4.1.2: Name, Role, Value | See: https://material.angular.io/components/icon/overview#accessibility
  Found: &lt;mat-icon&gt;close&lt;/mat-icon&gt; (C:/Users/spani/OneDrive/Dokumente/GitHub/noro-wedding/src/app/pages/guest-view/guest-view/guest-view.html:1)
[matIconAccessibility] mat-icon used as interactive without accessible label. Screen readers cannot announce icon-only buttons
  How to fix:
    - Add aria-label to parent button
    - Add visually-hidden text
    - Add aria-hidden=&quot;true&quot; if purely decorative
  WCAG 4.1.2: Name, Role, Value | See: https://material.angular.io/components/icon/overview#accessibility
  Found: &lt;mat-icon class=&quot;no-components-icon&quot;&gt;web&lt;/mat-icon&gt; (C:/Users/spani/OneDrive/Dokumente/GitHub/noro-wedding/src/app/pages/guest-view/guest-view/guest-view.html:1)
[matIconAccessibility] mat-icon used as interactive without accessible label. Screen readers cannot announce icon-only buttons
  How to fix:
    - Add aria-label to parent button
    - Add visually-hidden text
    - Add aria-hidden=&quot;true&quot; if purely decorative
  WCAG 4.1.2: Name, Role, Value | See: https://material.angular.io/components/icon/overview#accessibility
  Found: &lt;mat-icon&gt;edit&lt;/mat-icon&gt; (C:/Users/spani/OneDrive/Dokumente/GitHub/noro-wedding/src/app/pages/guest-view/guest-view/guest-view.html:1)
[matProgressSpinnerLabel] mat-progress-bar/spinner missing accessible label. Screen readers cannot identify what is loading
  How to fix:
    - Add aria-label=&quot;Loading description&quot;
    - Add aria-labelledby referencing status text
  WCAG 4.1.2: Name, Role, Value | See: https://material.angular.io/components/progress-bar/overview#accessibility
  Found: &lt;mat-spinner diameter=&quot;60&quot;&gt; (C:/Users/spani/OneDrive/Dokumente/GitHub/noro-wedding/src/app/pages/guest-view/guest-view/guest-view.html:1)
[matProgressSpinnerLabel] mat-progress-bar/spinner missing accessible label. Screen readers cannot identify what is loading
  How to fix:
    - Add aria-label=&quot;Loading description&quot;
    - Add aria-labelledby referencing status text
  WCAG 4.1.2: Name, Role, Value | See: https://material.angular.io/components/progress-bar/overview#accessibility
  Found: &lt;mat-spinner diameter=&quot;60&quot;&gt; (C:/Users/spani/OneDrive/Dokumente/GitHub/noro-wedding/src/app/pages/guest-view/guest-view/guest-view.html:1)
[prefersReducedMotion] Animation without prefers-reduced-motion support. Animations can cause vestibular disorders and motion sickness
  How to fix:
    - Add @media (prefers-reduced-motion: reduce) query
    - Disable or reduce animation when preference is set
  WCAG 2.3.3: Animation from Interactions
  Found: File uses animations and transitions without properly disabling them in prefers-reduced-motion: redu... (C:/Users/spani/OneDrive/Dokumente/GitHub/noro-wedding/src/app/pages/guest-view/guest-view/guest-view.scss:1)
]]>
      </failure>
    </testcase>
    <testcase name="/cookies" classname="mat-a11y.accessibility" time="0">
      <failure message="Accessibility score: 83% (threshold: 90%)" type="AccessibilityError">
<![CDATA[
[matIconAccessibility] mat-icon used as interactive without accessible label. Screen readers cannot announce icon-only buttons
  How to fix:
    - Add aria-label to parent button
    - Add visually-hidden text
    - Add aria-hidden=&quot;true&quot; if purely decorative
  WCAG 4.1.2: Name, Role, Value | See: https://material.angular.io/components/icon/overview#accessibility
  Found: &lt;mat-icon&gt;close&lt;/mat-icon&gt; (C:/Users/spani/OneDrive/Dokumente/GitHub/noro-wedding/src/app/pages/guest-view/guest-view/guest-view.html:1)
[matIconAccessibility] mat-icon used as interactive without accessible label. Screen readers cannot announce icon-only buttons
  How to fix:
    - Add aria-label to parent button
    - Add visually-hidden text
    - Add aria-hidden=&quot;true&quot; if purely decorative
  WCAG 4.1.2: Name, Role, Value | See: https://material.angular.io/components/icon/overview#accessibility
  Found: &lt;mat-icon class=&quot;no-components-icon&quot;&gt;web&lt;/mat-icon&gt; (C:/Users/spani/OneDrive/Dokumente/GitHub/noro-wedding/src/app/pages/guest-view/guest-view/guest-view.html:1)
[matIconAccessibility] mat-icon used as interactive without accessible label. Screen readers cannot announce icon-only buttons
  How to fix:
    - Add aria-label to parent button
    - Add visually-hidden text
    - Add aria-hidden=&quot;true&quot; if purely decorative
  WCAG 4.1.2: Name, Role, Value | See: https://material.angular.io/components/icon/overview#accessibility
  Found: &lt;mat-icon&gt;edit&lt;/mat-icon&gt; (C:/Users/spani/OneDrive/Dokumente/GitHub/noro-wedding/src/app/pages/guest-view/guest-view/guest-view.html:1)
[matProgressSpinnerLabel] mat-progress-bar/spinner missing accessible label. Screen readers cannot identify what is loading
  How to fix:
    - Add aria-label=&quot;Loading description&quot;
    - Add aria-labelledby referencing status text
  WCAG 4.1.2: Name, Role, Value | See: https://material.angular.io/components/progress-bar/overview#accessibility
  Found: &lt;mat-spinner diameter=&quot;60&quot;&gt; (C:/Users/spani/OneDrive/Dokumente/GitHub/noro-wedding/src/app/pages/guest-view/guest-view/guest-view.html:1)
[matProgressSpinnerLabel] mat-progress-bar/spinner missing accessible label. Screen readers cannot identify what is loading
  How to fix:
    - Add aria-label=&quot;Loading description&quot;
    - Add aria-labelledby referencing status text
  WCAG 4.1.2: Name, Role, Value | See: https://material.angular.io/components/progress-bar/overview#accessibility
  Found: &lt;mat-spinner diameter=&quot;60&quot;&gt; (C:/Users/spani/OneDrive/Dokumente/GitHub/noro-wedding/src/app/pages/guest-view/guest-view/guest-view.html:1)
[prefersReducedMotion] Animation without prefers-reduced-motion support. Animations can cause vestibular disorders and motion sickness
  How to fix:
    - Add @media (prefers-reduced-motion: reduce) query
    - Disable or reduce animation when preference is set
  WCAG 2.3.3: Animation from Interactions
  Found: File uses animations and transitions without properly disabling them in prefers-reduced-motion: redu... (C:/Users/spani/OneDrive/Dokumente/GitHub/noro-wedding/src/app/pages/guest-view/guest-view/guest-view.scss:1)
]]>
      </failure>
    </testcase>
    <testcase name="/widerrufsrecht" classname="mat-a11y.accessibility" time="0">
      <failure message="Accessibility score: 83% (threshold: 90%)" type="AccessibilityError">
<![CDATA[
[matIconAccessibility] mat-icon used as interactive without accessible label. Screen readers cannot announce icon-only buttons
  How to fix:
    - Add aria-label to parent button
    - Add visually-hidden text
    - Add aria-hidden=&quot;true&quot; if purely decorative
  WCAG 4.1.2: Name, Role, Value | See: https://material.angular.io/components/icon/overview#accessibility
  Found: &lt;mat-icon&gt;close&lt;/mat-icon&gt; (C:/Users/spani/OneDrive/Dokumente/GitHub/noro-wedding/src/app/pages/guest-view/guest-view/guest-view.html:1)
[matIconAccessibility] mat-icon used as interactive without accessible label. Screen readers cannot announce icon-only buttons
  How to fix:
    - Add aria-label to parent button
    - Add visually-hidden text
    - Add aria-hidden=&quot;true&quot; if purely decorative
  WCAG 4.1.2: Name, Role, Value | See: https://material.angular.io/components/icon/overview#accessibility
  Found: &lt;mat-icon class=&quot;no-components-icon&quot;&gt;web&lt;/mat-icon&gt; (C:/Users/spani/OneDrive/Dokumente/GitHub/noro-wedding/src/app/pages/guest-view/guest-view/guest-view.html:1)
[matIconAccessibility] mat-icon used as interactive without accessible label. Screen readers cannot announce icon-only buttons
  How to fix:
    - Add aria-label to parent button
    - Add visually-hidden text
    - Add aria-hidden=&quot;true&quot; if purely decorative
  WCAG 4.1.2: Name, Role, Value | See: https://material.angular.io/components/icon/overview#accessibility
  Found: &lt;mat-icon&gt;edit&lt;/mat-icon&gt; (C:/Users/spani/OneDrive/Dokumente/GitHub/noro-wedding/src/app/pages/guest-view/guest-view/guest-view.html:1)
[matProgressSpinnerLabel] mat-progress-bar/spinner missing accessible label. Screen readers cannot identify what is loading
  How to fix:
    - Add aria-label=&quot;Loading description&quot;
    - Add aria-labelledby referencing status text
  WCAG 4.1.2: Name, Role, Value | See: https://material.angular.io/components/progress-bar/overview#accessibility
  Found: &lt;mat-spinner diameter=&quot;60&quot;&gt; (C:/Users/spani/OneDrive/Dokumente/GitHub/noro-wedding/src/app/pages/guest-view/guest-view/guest-view.html:1)
[matProgressSpinnerLabel] mat-progress-bar/spinner missing accessible label. Screen readers cannot identify what is loading
  How to fix:
    - Add aria-label=&quot;Loading description&quot;
    - Add aria-labelledby referencing status text
  WCAG 4.1.2: Name, Role, Value | See: https://material.angular.io/components/progress-bar/overview#accessibility
  Found: &lt;mat-spinner diameter=&quot;60&quot;&gt; (C:/Users/spani/OneDrive/Dokumente/GitHub/noro-wedding/src/app/pages/guest-view/guest-view/guest-view.html:1)
[prefersReducedMotion] Animation without prefers-reduced-motion support. Animations can cause vestibular disorders and motion sickness
  How to fix:
    - Add @media (prefers-reduced-motion: reduce) query
    - Disable or reduce animation when preference is set
  WCAG 2.3.3: Animation from Interactions
  Found: File uses animations and transitions without properly disabling them in prefers-reduced-motion: redu... (C:/Users/spani/OneDrive/Dokumente/GitHub/noro-wedding/src/app/pages/guest-view/guest-view/guest-view.scss:1)
]]>
      </failure>
    </testcase>
    <testcase name="/" classname="mat-a11y.accessibility" time="0">
      <failure message="Accessibility score: 87% (threshold: 90%)" type="AccessibilityError">
<![CDATA[
[matIconAccessibility] mat-icon used as interactive without accessible label. Screen readers cannot announce icon-only buttons
  How to fix:
    - Add aria-label to parent button
    - Add visually-hidden text
    - Add aria-hidden=&quot;true&quot; if purely decorative
  WCAG 4.1.2: Name, Role, Value | See: https://material.angular.io/components/icon/overview#accessibility
  Found: &lt;mat-icon&gt;info_outline&lt;/mat-icon&gt; (C:/Users/spani/OneDrive/Dokumente/GitHub/noro-wedding/src/app/pages/landing/landing.html:1)
[matIconAccessibility] mat-icon used as interactive without accessible label. Screen readers cannot announce icon-only buttons
  How to fix:
    - Add aria-label to parent button
    - Add visually-hidden text
    - Add aria-hidden=&quot;true&quot; if purely decorative
  WCAG 4.1.2: Name, Role, Value | See: https://material.angular.io/components/icon/overview#accessibility
  Found: &lt;mat-icon&gt;local_offer&lt;/mat-icon&gt; (C:/Users/spani/OneDrive/Dokumente/GitHub/noro-wedding/src/app/pages/landing/landing.html:1)
[matIconAccessibility] mat-icon used as interactive without accessible label. Screen readers cannot announce icon-only buttons
  How to fix:
    - Add aria-label to parent button
    - Add visually-hidden text
    - Add aria-hidden=&quot;true&quot; if purely decorative
  WCAG 4.1.2: Name, Role, Value | See: https://material.angular.io/components/icon/overview#accessibility
  Found: &lt;mat-icon class=&quot;spinning&quot;&gt;hourglass_empty&lt;/mat-icon&gt; (C:/Users/spani/OneDrive/Dokumente/GitHub/noro-wedding/src/app/pages/landing/landing.html:1)
[matIconAccessibility] mat-icon used as interactive without accessible label. Screen readers cannot announce icon-only buttons
  How to fix:
    - Add aria-label to parent button
    - Add visually-hidden text
    - Add aria-hidden=&quot;true&quot; if purely decorative
  WCAG 4.1.2: Name, Role, Value | See: https://material.angular.io/components/icon/overview#accessibility
  Found: &lt;mat-icon&gt;check_circle&lt;/mat-icon&gt; (C:/Users/spani/OneDrive/Dokumente/GitHub/noro-wedding/src/app/pages/landing/landing.html:1)
[matIconAccessibility] mat-icon used as interactive without accessible label. Screen readers cannot announce icon-only buttons
  How to fix:
    - Add aria-label to parent button
    - Add visually-hidden text
    - Add aria-hidden=&quot;true&quot; if purely decorative
  WCAG 4.1.2: Name, Role, Value | See: https://material.angular.io/components/icon/overview#accessibility
  Found: &lt;mat-icon&gt;check_circle&lt;/mat-icon&gt; (C:/Users/spani/OneDrive/Dokumente/GitHub/noro-wedding/src/app/pages/landing/landing.html:1)
[matIconAccessibility] mat-icon used as interactive without accessible label. Screen readers cannot announce icon-only buttons
  How to fix:
    - Add aria-label to parent button
    - Add visually-hidden text
    - Add aria-hidden=&quot;true&quot; if purely decorative
  WCAG 4.1.2: Name, Role, Value | See: https://material.angular.io/components/icon/overview#accessibility
  Found: &lt;mat-icon&gt;check_circle&lt;/mat-icon&gt; (C:/Users/spani/OneDrive/Dokumente/GitHub/noro-wedding/src/app/pages/landing/landing.html:1)
[matIconAccessibility] mat-icon used as interactive without accessible label. Screen readers cannot announce icon-only buttons
  How to fix:
    - Add aria-label to parent button
    - Add visually-hidden text
    - Add aria-hidden=&quot;true&quot; if purely decorative
  WCAG 4.1.2: Name, Role, Value | See: https://material.angular.io/components/icon/overview#accessibility
  Found: &lt;mat-icon&gt;keyboard_arrow_down&lt;/mat-icon&gt; (C:/Users/spani/OneDrive/Dokumente/GitHub/noro-wedding/src/app/pages/landing/landing.html:1)
[matIconAccessibility] mat-icon used as interactive without accessible label. Screen readers cannot announce icon-only buttons
  How to fix:
    - Add aria-label to parent button
    - Add visually-hidden text
    - Add aria-hidden=&quot;true&quot; if purely decorative
  WCAG 4.1.2: Name, Role, Value | See: https://material.angular.io/components/icon/overview#accessibility
  Found: &lt;mat-icon&gt;bolt&lt;/mat-icon&gt; (C:/Users/spani/OneDrive/Dokumente/GitHub/noro-wedding/src/app/pages/landing/landing.html:1)
[matIconAccessibility] mat-icon used as interactive without accessible label. Screen readers cannot announce icon-only buttons
  How to fix:
    - Add aria-label to parent button
    - Add visually-hidden text
    - Add aria-hidden=&quot;true&quot; if purely decorative
  WCAG 4.1.2: Name, Role, Value | See: https://material.angular.io/components/icon/overview#accessibility
  Found: &lt;mat-icon&gt;shield&lt;/mat-icon&gt; (C:/Users/spani/OneDrive/Dokumente/GitHub/noro-wedding/src/app/pages/landing/landing.html:1)
[matIconAccessibility] mat-icon used as interactive without accessible label. Screen readers cannot announce icon-only buttons
  How to fix:
    - Add aria-label to parent button
    - Add visually-hidden text
    - Add aria-hidden=&quot;true&quot; if purely decorative
  WCAG 4.1.2: Name, Role, Value | See: https://material.angular.io/components/icon/overview#accessibility
  Found: &lt;mat-icon&gt;devices&lt;/mat-icon&gt; (C:/Users/spani/OneDrive/Dokumente/GitHub/noro-wedding/src/app/pages/landing/landing.html:1)
... and 55 more issues
]]>
      </failure>
      <system-out>
<![CDATA[
Full issue list for /:
[matIconAccessibility] mat-icon used as interactive without accessible label. Screen readers cannot announce icon-only buttons
  How to fix:
    - Add aria-label to parent button
    - Add visually-hidden text
    - Add aria-hidden=&quot;true&quot; if purely decorative
  WCAG 4.1.2: Name, Role, Value | See: https://material.angular.io/components/icon/overview#accessibility
  Found: &lt;mat-icon&gt;info_outline&lt;/mat-icon&gt; (C:/Users/spani/OneDrive/Dokumente/GitHub/noro-wedding/src/app/pages/landing/landing.html:1)
[matIconAccessibility] mat-icon used as interactive without accessible label. Screen readers cannot announce icon-only buttons
  How to fix:
    - Add aria-label to parent button
    - Add visually-hidden text
    - Add aria-hidden=&quot;true&quot; if purely decorative
  WCAG 4.1.2: Name, Role, Value | See: https://material.angular.io/components/icon/overview#accessibility
  Found: &lt;mat-icon&gt;local_offer&lt;/mat-icon&gt; (C:/Users/spani/OneDrive/Dokumente/GitHub/noro-wedding/src/app/pages/landing/landing.html:1)
[matIconAccessibility] mat-icon used as interactive without accessible label. Screen readers cannot announce icon-only buttons
  How to fix:
    - Add aria-label to parent button
    - Add visually-hidden text
    - Add aria-hidden=&quot;true&quot; if purely decorative
  WCAG 4.1.2: Name, Role, Value | See: https://material.angular.io/components/icon/overview#accessibility
  Found: &lt;mat-icon class=&quot;spinning&quot;&gt;hourglass_empty&lt;/mat-icon&gt; (C:/Users/spani/OneDrive/Dokumente/GitHub/noro-wedding/src/app/pages/landing/landing.html:1)
[matIconAccessibility] mat-icon used as interactive without accessible label. Screen readers cannot announce icon-only buttons
  How to fix:
    - Add aria-label to parent button
    - Add visually-hidden text
    - Add aria-hidden=&quot;true&quot; if purely decorative
  WCAG 4.1.2: Name, Role, Value | See: https://material.angular.io/components/icon/overview#accessibility
  Found: &lt;mat-icon&gt;check_circle&lt;/mat-icon&gt; (C:/Users/spani/OneDrive/Dokumente/GitHub/noro-wedding/src/app/pages/landing/landing.html:1)
[matIconAccessibility] mat-icon used as interactive without accessible label. Screen readers cannot announce icon-only buttons
  How to fix:
    - Add aria-label to parent button
    - Add visually-hidden text
    - Add aria-hidden=&quot;true&quot; if purely decorative
  WCAG 4.1.2: Name, Role, Value | See: https://material.angular.io/components/icon/overview#accessibility
  Found: &lt;mat-icon&gt;check_circle&lt;/mat-icon&gt; (C:/Users/spani/OneDrive/Dokumente/GitHub/noro-wedding/src/app/pages/landing/landing.html:1)
[matIconAccessibility] mat-icon used as interactive without accessible label. Screen readers cannot announce icon-only buttons
  How to fix:
    - Add aria-label to parent button
    - Add visually-hidden text
    - Add aria-hidden=&quot;true&quot; if purely decorative
  WCAG 4.1.2: Name, Role, Value | See: https://material.angular.io/components/icon/overview#accessibility
  Found: &lt;mat-icon&gt;check_circle&lt;/mat-icon&gt; (C:/Users/spani/OneDrive/Dokumente/GitHub/noro-wedding/src/app/pages/landing/landing.html:1)
[matIconAccessibility] mat-icon used as interactive without accessible label. Screen readers cannot announce icon-only buttons
  How to fix:
    - Add aria-label to parent button
    - Add visually-hidden text
    - Add aria-hidden=&quot;true&quot; if purely decorative
  WCAG 4.1.2: Name, Role, Value | See: https://material.angular.io/components/icon/overview#accessibility
  Found: &lt;mat-icon&gt;keyboard_arrow_down&lt;/mat-icon&gt; (C:/Users/spani/OneDrive/Dokumente/GitHub/noro-wedding/src/app/pages/landing/landing.html:1)
[matIconAccessibility] mat-icon used as interactive without accessible label. Screen readers cannot announce icon-only buttons
  How to fix:
    - Add aria-label to parent button
    - Add visually-hidden text
    - Add aria-hidden=&quot;true&quot; if purely decorative
  WCAG 4.1.2: Name, Role, Value | See: https://material.angular.io/components/icon/overview#accessibility
  Found: &lt;mat-icon&gt;bolt&lt;/mat-icon&gt; (C:/Users/spani/OneDrive/Dokumente/GitHub/noro-wedding/src/app/pages/landing/landing.html:1)
[matIconAccessibility] mat-icon used as interactive without accessible label. Screen readers cannot announce icon-only buttons
  How to fix:
    - Add aria-label to parent button
    - Add visually-hidden text
    - Add aria-hidden=&quot;true&quot; if purely decorative
  WCAG 4.1.2: Name, Role, Value | See: https://material.angular.io/components/icon/overview#accessibility
  Found: &lt;mat-icon&gt;shield&lt;/mat-icon&gt; (C:/Users/spani/OneDrive/Dokumente/GitHub/noro-wedding/src/app/pages/landing/landing.html:1)
[matIconAccessibility] mat-icon used as interactive without accessible label. Screen readers cannot announce icon-only buttons
  How to fix:
    - Add aria-label to parent button
    - Add visually-hidden text
    - Add aria-hidden=&quot;true&quot; if purely decorative
  WCAG 4.1.2: Name, Role, Value | See: https://material.angular.io/components/icon/overview#accessibility
  Found: &lt;mat-icon&gt;devices&lt;/mat-icon&gt; (C:/Users/spani/OneDrive/Dokumente/GitHub/noro-wedding/src/app/pages/landing/landing.html:1)
[matIconAccessibility] mat-icon used as interactive without accessible label. Screen readers cannot announce icon-only buttons
  How to fix:
    - Add aria-label to parent button
    - Add visually-hidden text
    - Add aria-hidden=&quot;true&quot; if purely decorative
  WCAG 4.1.2: Name, Role, Value | See: https://material.angular.io/components/icon/overview#accessibility
  Found: &lt;mat-icon&gt;support_agent&lt;/mat-icon&gt; (C:/Users/spani/OneDrive/Dokumente/GitHub/noro-wedding/src/app/pages/landing/landing.html:1)
[matIconAccessibility] mat-icon used as interactive without accessible label. Screen readers cannot announce icon-only buttons
  How to fix:
    - Add aria-label to parent button
    - Add visually-hidden text
    - Add aria-hidden=&quot;true&quot; if purely decorative
  WCAG 4.1.2: Name, Role, Value | See: https://material.angular.io/components/icon/overview#accessibility
  Found: &lt;mat-icon&gt;timeline&lt;/mat-icon&gt; (C:/Users/spani/OneDrive/Dokumente/GitHub/noro-wedding/src/app/pages/landing/landing.html:1)
[matIconAccessibility] mat-icon used as interactive without accessible label. Screen readers cannot announce icon-only buttons
  How to fix:
    - Add aria-label to parent button
    - Add visually-hidden text
    - Add aria-hidden=&quot;true&quot; if purely decorative
  WCAG 4.1.2: Name, Role, Value | See: https://material.angular.io/components/icon/overview#accessibility
  Found: &lt;mat-icon&gt;touch_app&lt;/mat-icon&gt; (C:/Users/spani/OneDrive/Dokumente/GitHub/noro-wedding/src/app/pages/landing/landing.html:1)
[matIconAccessibility] mat-icon used as interactive without accessible label. Screen readers cannot announce icon-only buttons
  How to fix:
    - Add aria-label to parent button
    - Add visually-hidden text
    - Add aria-hidden=&quot;true&quot; if purely decorative
  WCAG 4.1.2: Name, Role, Value | See: https://material.angular.io/components/icon/overview#accessibility
  Found: &lt;mat-icon&gt;edit&lt;/mat-icon&gt; (C:/Users/spani/OneDrive/Dokumente/GitHub/noro-wedding/src/app/pages/landing/landing.html:1)
[matIconAccessibility] mat-icon used as interactive without accessible label. Screen readers cannot announce icon-only buttons
  How to fix:
    - Add aria-label to parent button
    - Add visually-hidden text
    - Add aria-hidden=&quot;true&quot; if purely decorative
  WCAG 4.1.2: Name, Role, Value | See: https://material.angular.io/components/icon/overview#accessibility
  Found: &lt;mat-icon&gt;celebration&lt;/mat-icon&gt; (C:/Users/spani/OneDrive/Dokumente/GitHub/noro-wedding/src/app/pages/landing/landing.html:1)
[matIconAccessibility] mat-icon used as interactive without accessible label. Screen readers cannot announce icon-only buttons
  How to fix:
    - Add aria-label to parent button
    - Add visually-hidden text
    - Add aria-hidden=&quot;true&quot; if purely decorative
  WCAG 4.1.2: Name, Role, Value | See: https://material.angular.io/components/icon/overview#accessibility
  Found: &lt;mat-icon&gt;category&lt;/mat-icon&gt; (C:/Users/spani/OneDrive/Dokumente/GitHub/noro-wedding/src/app/pages/landing/landing.html:1)
[matIconAccessibility] mat-icon used as interactive without accessible label. Screen readers cannot announce icon-only buttons
  How to fix:
    - Add aria-label to parent button
    - Add visually-hidden text
    - Add aria-hidden=&quot;true&quot; if purely decorative
  WCAG 4.1.2: Name, Role, Value | See: https://material.angular.io/components/icon/overview#accessibility
  Found: &lt;mat-icon&gt;auto_awesome&lt;/mat-icon&gt; (C:/Users/spani/OneDrive/Dokumente/GitHub/noro-wedding/src/app/pages/landing/landing.html:1)
[matIconAccessibility] mat-icon used as interactive without accessible label. Screen readers cannot announce icon-only buttons
  How to fix:
    - Add aria-label to parent button
    - Add visually-hidden text
    - Add aria-hidden=&quot;true&quot; if purely decorative
  WCAG 4.1.2: Name, Role, Value | See: https://material.angular.io/components/icon/overview#accessibility
  Found: &lt;mat-icon&gt;dashboard_customize&lt;/mat-icon&gt; (C:/Users/spani/OneDrive/Dokumente/GitHub/noro-wedding/src/app/pages/landing/landing.html:1)
[matIconAccessibility] mat-icon used as interactive without accessible label. Screen readers cannot announce icon-only buttons
  How to fix:
    - Add aria-label to parent button
    - Add visually-hidden text
    - Add aria-hidden=&quot;true&quot; if purely decorative
  WCAG 4.1.2: Name, Role, Value | See: https://material.angular.io/components/icon/overview#accessibility
  Found: &lt;mat-icon&gt;palette&lt;/mat-icon&gt; (C:/Users/spani/OneDrive/Dokumente/GitHub/noro-wedding/src/app/pages/landing/landing.html:1)
[matIconAccessibility] mat-icon used as interactive without accessible label. Screen readers cannot announce icon-only buttons
  How to fix:
    - Add aria-label to parent button
    - Add visually-hidden text
    - Add aria-hidden=&quot;true&quot; if purely decorative
  WCAG 4.1.2: Name, Role, Value | See: https://material.angular.io/components/icon/overview#accessibility
  Found: &lt;mat-icon&gt;widgets&lt;/mat-icon&gt; (C:/Users/spani/OneDrive/Dokumente/GitHub/noro-wedding/src/app/pages/landing/landing.html:1)
[matIconAccessibility] mat-icon used as interactive without accessible label. Screen readers cannot announce icon-only buttons
  How to fix:
    - Add aria-label to parent button
    - Add visually-hidden text
    - Add aria-hidden=&quot;true&quot; if purely decorative
  WCAG 4.1.2: Name, Role, Value | See: https://material.angular.io/components/icon/overview#accessibility
  Found: &lt;mat-icon&gt;swap_vert&lt;/mat-icon&gt; (C:/Users/spani/OneDrive/Dokumente/GitHub/noro-wedding/src/app/pages/landing/landing.html:1)
[matIconAccessibility] mat-icon used as interactive without accessible label. Screen readers cannot announce icon-only buttons
  How to fix:
    - Add aria-label to parent button
    - Add visually-hidden text
    - Add aria-hidden=&quot;true&quot; if purely decorative
  WCAG 4.1.2: Name, Role, Value | See: https://material.angular.io/components/icon/overview#accessibility
  Found: &lt;mat-icon&gt;visibility&lt;/mat-icon&gt; (C:/Users/spani/OneDrive/Dokumente/GitHub/noro-wedding/src/app/pages/landing/landing.html:1)
[matIconAccessibility] mat-icon used as interactive without accessible label. Screen readers cannot announce icon-only buttons
  How to fix:
    - Add aria-label to parent button
    - Add visually-hidden text
    - Add aria-hidden=&quot;true&quot; if purely decorative
  WCAG 4.1.2: Name, Role, Value | See: https://material.angular.io/components/icon/overview#accessibility
  Found: &lt;mat-icon&gt;{{ preset.icon }}&lt;/mat-icon&gt; (C:/Users/spani/OneDrive/Dokumente/GitHub/noro-wedding/src/app/pages/landing/landing.html:1)
[matIconAccessibility] mat-icon used as interactive without accessible label. Screen readers cannot announce icon-only buttons
  How to fix:
    - Add aria-label to parent button
    - Add visually-hidden text
    - Add aria-hidden=&quot;true&quot; if purely decorative
  WCAG 4.1.2: Name, Role, Value | See: https://material.angular.io/components/icon/overview#accessibility
  Found: &lt;mat-icon&gt;visibility&lt;/mat-icon&gt; (C:/Users/spani/OneDrive/Dokumente/GitHub/noro-wedding/src/app/pages/landing/landing.html:1)
[matIconAccessibility] mat-icon used as interactive without accessible label. Screen readers cannot announce icon-only buttons
  How to fix:
    - Add aria-label to parent button
    - Add visually-hidden text
    - Add aria-hidden=&quot;true&quot; if purely decorative
  WCAG 4.1.2: Name, Role, Value | See: https://material.angular.io/components/icon/overview#accessibility
  Found: &lt;mat-icon&gt;expand_more&lt;/mat-icon&gt; (C:/Users/spani/OneDrive/Dokumente/GitHub/noro-wedding/src/app/pages/landing/landing.html:1)
[matIconAccessibility] mat-icon used as interactive without accessible label. Screen readers cannot announce icon-only buttons
  How to fix:
    - Add aria-label to parent button
    - Add visually-hidden text
    - Add aria-hidden=&quot;true&quot; if purely decorative
  WCAG 4.1.2: Name, Role, Value | See: https://material.angular.io/components/icon/overview#accessibility
  Found: &lt;mat-icon&gt;add_circle_outline&lt;/mat-icon&gt; (C:/Users/spani/OneDrive/Dokumente/GitHub/noro-wedding/src/app/pages/landing/landing.html:1)
[matIconAccessibility] mat-icon used as interactive without accessible label. Screen readers cannot announce icon-only buttons
  How to fix:
    - Add aria-label to parent button
    - Add visually-hidden text
    - Add aria-hidden=&quot;true&quot; if purely decorative
  WCAG 4.1.2: Name, Role, Value | See: https://material.angular.io/components/icon/overview#accessibility
  Found: &lt;mat-icon&gt;star&lt;/mat-icon&gt; (C:/Users/spani/OneDrive/Dokumente/GitHub/noro-wedding/src/app/pages/landing/landing.html:1)
[matIconAccessibility] mat-icon used as interactive without accessible label. Screen readers cannot announce icon-only buttons
  How to fix:
    - Add aria-label to parent button
    - Add visually-hidden text
    - Add aria-hidden=&quot;true&quot; if purely decorative
  WCAG 4.1.2: Name, Role, Value | See: https://material.angular.io/components/icon/overview#accessibility
  Found: &lt;mat-icon&gt;event_available&lt;/mat-icon&gt; (C:/Users/spani/OneDrive/Dokumente/GitHub/noro-wedding/src/app/pages/landing/landing.html:1)
[matIconAccessibility] mat-icon used as interactive without accessible label. Screen readers cannot announce icon-only buttons
  How to fix:
    - Add aria-label to parent button
    - Add visually-hidden text
    - Add aria-hidden=&quot;true&quot; if purely decorative
  WCAG 4.1.2: Name, Role, Value | See: https://material.angular.io/components/icon/overview#accessibility
  Found: &lt;mat-icon&gt;photo_library&lt;/mat-icon&gt; (C:/Users/spani/OneDrive/Dokumente/GitHub/noro-wedding/src/app/pages/landing/landing.html:1)
[matIconAccessibility] mat-icon used as interactive without accessible label. Screen readers cannot announce icon-only buttons
  How to fix:
    - Add aria-label to parent button
    - Add visually-hidden text
    - Add aria-hidden=&quot;true&quot; if purely decorative
  WCAG 4.1.2: Name, Role, Value | See: https://material.angular.io/components/icon/overview#accessibility
  Found: &lt;mat-icon&gt;schedule&lt;/mat-icon&gt; (C:/Users/spani/OneDrive/Dokumente/GitHub/noro-wedding/src/app/pages/landing/landing.html:1)
[matIconAccessibility] mat-icon used as interactive without accessible label. Screen readers cannot announce icon-only buttons
  How to fix:
    - Add aria-label to parent button
    - Add visually-hidden text
    - Add aria-hidden=&quot;true&quot; if purely decorative
  WCAG 4.1.2: Name, Role, Value | See: https://material.angular.io/components/icon/overview#accessibility
  Found: &lt;mat-icon&gt;qr_code_2&lt;/mat-icon&gt; (C:/Users/spani/OneDrive/Dokumente/GitHub/noro-wedding/src/app/pages/landing/landing.html:1)
[matIconAccessibility] mat-icon used as interactive without accessible label. Screen readers cannot announce icon-only buttons
  How to fix:
    - Add aria-label to parent button
    - Add visually-hidden text
    - Add aria-hidden=&quot;true&quot; if purely decorative
  WCAG 4.1.2: Name, Role, Value | See: https://material.angular.io/components/icon/overview#accessibility
  Found: &lt;mat-icon&gt;cake&lt;/mat-icon&gt; (C:/Users/spani/OneDrive/Dokumente/GitHub/noro-wedding/src/app/pages/landing/landing.html:1)
[matIconAccessibility] mat-icon used as interactive without accessible label. Screen readers cannot announce icon-only buttons
  How to fix:
    - Add aria-label to parent button
    - Add visually-hidden text
    - Add aria-hidden=&quot;true&quot; if purely decorative
  WCAG 4.1.2: Name, Role, Value | See: https://material.angular.io/components/icon/overview#accessibility
  Found: &lt;mat-icon&gt;palette&lt;/mat-icon&gt; (C:/Users/spani/OneDrive/Dokumente/GitHub/noro-wedding/src/app/pages/landing/landing.html:1)
[matIconAccessibility] mat-icon used as interactive without accessible label. Screen readers cannot announce icon-only buttons
  How to fix:
    - Add aria-label to parent button
    - Add visually-hidden text
    - Add aria-hidden=&quot;true&quot; if purely decorative
  WCAG 4.1.2: Name, Role, Value | See: https://material.angular.io/components/icon/overview#accessibility
  Found: &lt;mat-icon&gt;photo_library&lt;/mat-icon&gt; (C:/Users/spani/OneDrive/Dokumente/GitHub/noro-wedding/src/app/pages/landing/landing.html:1)
[matIconAccessibility] mat-icon used as interactive without accessible label. Screen readers cannot announce icon-only buttons
  How to fix:
    - Add aria-label to parent button
    - Add visually-hidden text
    - Add aria-hidden=&quot;true&quot; if purely decorative
  WCAG 4.1.2: Name, Role, Value | See: https://material.angular.io/components/icon/overview#accessibility
  Found: &lt;mat-icon&gt;upload&lt;/mat-icon&gt; (C:/Users/spani/OneDrive/Dokumente/GitHub/noro-wedding/src/app/pages/landing/landing.html:1)
[matIconAccessibility] mat-icon used as interactive without accessible label. Screen readers cannot announce icon-only buttons
  How to fix:
    - Add aria-label to parent button
    - Add visually-hidden text
    - Add aria-hidden=&quot;true&quot; if purely decorative
  WCAG 4.1.2: Name, Role, Value | See: https://material.angular.io/components/icon/overview#accessibility
  Found: &lt;mat-icon&gt;zoom_in&lt;/mat-icon&gt; (C:/Users/spani/OneDrive/Dokumente/GitHub/noro-wedding/src/app/pages/landing/landing.html:1)
[matIconAccessibility] mat-icon used as interactive without accessible label. Screen readers cannot announce icon-only buttons
  How to fix:
    - Add aria-label to parent button
    - Add visually-hidden text
    - Add aria-hidden=&quot;true&quot; if purely decorative
  WCAG 4.1.2: Name, Role, Value | See: https://material.angular.io/components/icon/overview#accessibility
  Found: &lt;mat-icon&gt;auto_awesome&lt;/mat-icon&gt; (C:/Users/spani/OneDrive/Dokumente/GitHub/noro-wedding/src/app/pages/landing/landing.html:1)
[matIconAccessibility] mat-icon used as interactive without accessible label. Screen readers cannot announce icon-only buttons
  How to fix:
    - Add aria-label to parent button
    - Add visually-hidden text
    - Add aria-hidden=&quot;true&quot; if purely decorative
  WCAG 4.1.2: Name, Role, Value | See: https://material.angular.io/components/icon/overview#accessibility
  Found: &lt;mat-icon&gt;verified&lt;/mat-icon&gt; (C:/Users/spani/OneDrive/Dokumente/GitHub/noro-wedding/src/app/pages/landing/landing.html:1)
[matIconAccessibility] mat-icon used as interactive without accessible label. Screen readers cannot announce icon-only buttons
  How to fix:
    - Add aria-label to parent button
    - Add visually-hidden text
    - Add aria-hidden=&quot;true&quot; if purely decorative
  WCAG 4.1.2: Name, Role, Value | See: https://material.angular.io/components/icon/overview#accessibility
  Found: &lt;mat-icon&gt;language&lt;/mat-icon&gt; (C:/Users/spani/OneDrive/Dokumente/GitHub/noro-wedding/src/app/pages/landing/landing.html:1)
[matIconAccessibility] mat-icon used as interactive without accessible label. Screen readers cannot announce icon-only buttons
  How to fix:
    - Add aria-label to parent button
    - Add visually-hidden text
    - Add aria-hidden=&quot;true&quot; if purely decorative
  WCAG 4.1.2: Name, Role, Value | See: https://material.angular.io/components/icon/overview#accessibility
  Found: &lt;mat-icon&gt;check_circle&lt;/mat-icon&gt; (C:/Users/spani/OneDrive/Dokumente/GitHub/noro-wedding/src/app/pages/landing/landing.html:1)
[matIconAccessibility] mat-icon used as interactive without accessible label. Screen readers cannot announce icon-only buttons
  How to fix:
    - Add aria-label to parent button
    - Add visually-hidden text
    - Add aria-hidden=&quot;true&quot; if purely decorative
  WCAG 4.1.2: Name, Role, Value | See: https://material.angular.io/components/icon/overview#accessibility
  Found: &lt;mat-icon&gt;speed&lt;/mat-icon&gt; (C:/Users/spani/OneDrive/Dokumente/GitHub/noro-wedding/src/app/pages/landing/landing.html:1)
[matIconAccessibility] mat-icon used as interactive without accessible label. Screen readers cannot announce icon-only buttons
  How to fix:
    - Add aria-label to parent button
    - Add visually-hidden text
    - Add aria-hidden=&quot;true&quot; if purely decorative
  WCAG 4.1.2: Name, Role, Value | See: https://material.angular.io/components/icon/overview#accessibility
  Found: &lt;mat-icon&gt;devices&lt;/mat-icon&gt; (C:/Users/spani/OneDrive/Dokumente/GitHub/noro-wedding/src/app/pages/landing/landing.html:1)
[matIconAccessibility] mat-icon used as interactive without accessible label. Screen readers cannot announce icon-only buttons
  How to fix:
    - Add aria-label to parent button
    - Add visually-hidden text
    - Add aria-hidden=&quot;true&quot; if purely decorative
  WCAG 4.1.2: Name, Role, Value | See: https://material.angular.io/components/icon/overview#accessibility
  Found: &lt;mat-icon&gt;palette&lt;/mat-icon&gt; (C:/Users/spani/OneDrive/Dokumente/GitHub/noro-wedding/src/app/pages/landing/landing.html:1)
[matIconAccessibility] mat-icon used as interactive without accessible label. Screen readers cannot announce icon-only buttons
  How to fix:
    - Add aria-label to parent button
    - Add visually-hidden text
    - Add aria-hidden=&quot;true&quot; if purely decorative
  WCAG 4.1.2: Name, Role, Value | See: https://material.angular.io/components/icon/overview#accessibility
  Found: &lt;mat-icon&gt;support_agent&lt;/mat-icon&gt; (C:/Users/spani/OneDrive/Dokumente/GitHub/noro-wedding/src/app/pages/landing/landing.html:1)
[matIconAccessibility] mat-icon used as interactive without accessible label. Screen readers cannot announce icon-only buttons
  How to fix:
    - Add aria-label to parent button
    - Add visually-hidden text
    - Add aria-hidden=&quot;true&quot; if purely decorative
  WCAG 4.1.2: Name, Role, Value | See: https://material.angular.io/components/icon/overview#accessibility
  Found: &lt;mat-icon&gt;favorite&lt;/mat-icon&gt; (C:/Users/spani/OneDrive/Dokumente/GitHub/noro-wedding/src/app/pages/landing/landing.html:1)
[matIconAccessibility] mat-icon used as interactive without accessible label. Screen readers cannot announce icon-only buttons
  How to fix:
    - Add aria-label to parent button
    - Add visually-hidden text
    - Add aria-hidden=&quot;true&quot; if purely decorative
  WCAG 4.1.2: Name, Role, Value | See: https://material.angular.io/components/icon/overview#accessibility
  Found: &lt;mat-icon&gt;auto_awesome&lt;/mat-icon&gt; (C:/Users/spani/OneDrive/Dokumente/GitHub/noro-wedding/src/app/pages/landing/landing.html:1)
[matIconAccessibility] mat-icon used as interactive without accessible label. Screen readers cannot announce icon-only buttons
  How to fix:
    - Add aria-label to parent button
    - Add visually-hidden text
    - Add aria-hidden=&quot;true&quot; if purely decorative
  WCAG 4.1.2: Name, Role, Value | See: https://material.angular.io/components/icon/overview#accessibility
  Found: &lt;mat-icon&gt;rocket_launch&lt;/mat-icon&gt; (C:/Users/spani/OneDrive/Dokumente/GitHub/noro-wedding/src/app/pages/landing/landing.html:1)
[matIconAccessibility] mat-icon used as interactive without accessible label. Screen readers cannot announce icon-only buttons
  How to fix:
    - Add aria-label to parent button
    - Add visually-hidden text
    - Add aria-hidden=&quot;true&quot; if purely decorative
  WCAG 4.1.2: Name, Role, Value | See: https://material.angular.io/components/icon/overview#accessibility
  Found: &lt;mat-icon&gt;verified_user&lt;/mat-icon&gt; (C:/Users/spani/OneDrive/Dokumente/GitHub/noro-wedding/src/app/pages/landing/landing.html:1)
[matIconAccessibility] mat-icon used as interactive without accessible label. Screen readers cannot announce icon-only buttons
  How to fix:
    - Add aria-label to parent button
    - Add visually-hidden text
    - Add aria-hidden=&quot;true&quot; if purely decorative
  WCAG 4.1.2: Name, Role, Value | See: https://material.angular.io/components/icon/overview#accessibility
  Found: &lt;mat-icon&gt;lock&lt;/mat-icon&gt; (C:/Users/spani/OneDrive/Dokumente/GitHub/noro-wedding/src/app/pages/landing/landing.html:1)
[matIconAccessibility] mat-icon used as interactive without accessible label. Screen readers cannot announce icon-only buttons
  How to fix:
    - Add aria-label to parent button
    - Add visually-hidden text
    - Add aria-hidden=&quot;true&quot; if purely decorative
  WCAG 4.1.2: Name, Role, Value | See: https://material.angular.io/components/icon/overview#accessibility
  Found: &lt;mat-icon&gt;support_agent&lt;/mat-icon&gt; (C:/Users/spani/OneDrive/Dokumente/GitHub/noro-wedding/src/app/pages/landing/landing.html:1)
[colorContrast] Highly transparent text is difficult to read. Low opacity reduces effective contrast
  How to fix:
    - Increase opacity to at least 0.55
    - Use solid colors for text
  WCAG 1.4.3: Contrast (Minimum)
  Found: &quot;rgba($color-primary, 0.2)&quot; (C:/Users/spani/OneDrive/Dokumente/GitHub/noro-wedding/src/app/pages/landing/landing.scss:1)
[colorContrast] Highly transparent text is difficult to read. Low opacity reduces effective contrast
  How to fix:
    - Increase opacity to at least 0.55
    - Use solid colors for text
  WCAG 1.4.3: Contrast (Minimum)
  Found: &quot;rgba($color-primary, 0.15)&quot; (C:/Users/spani/OneDrive/Dokumente/GitHub/noro-wedding/src/app/pages/landing/landing.scss:1)
[colorContrast] Highly transparent text is difficult to read. Low opacity reduces effective contrast
  How to fix:
    - Increase opacity to at least 0.55
    - Use solid colors for text
  WCAG 1.4.3: Contrast (Minimum)
  Found: &quot;rgba($color-green, 0.15)&quot; (C:/Users/spani/OneDrive/Dokumente/GitHub/noro-wedding/src/app/pages/landing/landing.scss:1)
[colorContrast] Highly transparent text is difficult to read. Low opacity reduces effective contrast
  How to fix:
    - Increase opacity to at least 0.55
    - Use solid colors for text
  WCAG 1.4.3: Contrast (Minimum)
  Found: &quot;rgba($color-primary-dark, 0.12)&quot; (C:/Users/spani/OneDrive/Dokumente/GitHub/noro-wedding/src/app/pages/landing/landing.scss:1)
[contentOverflow] Potential content overflow detected in &quot;============================================================================

.hero-section&quot;. This may hide text content inaccessibly.
  How to fix:
    - Verify all content remains accessible when overflow is hidden
    - Consider using &quot;overflow: auto&quot; or &quot;overflow: scroll&quot; for scrollable content
    - Ensure responsive design allows content to reflow at 320px width
  WCAG 1.4.10: Reflow (C:/Users/spani/OneDrive/Dokumente/GitHub/noro-wedding/src/app/pages/landing/landing.scss:1)
[contentOverflow] Potential content overflow detected in &quot;============================================================================

.power-strip&quot;. This may hide text content inaccessibly.
  How to fix:
    - Verify all content remains accessible when overflow is hidden
    - Consider using &quot;overflow: auto&quot; or &quot;overflow: scroll&quot; for scrollable content
    - Ensure responsive design allows content to reflow at 320px width
  WCAG 1.4.10: Reflow (C:/Users/spani/OneDrive/Dokumente/GitHub/noro-wedding/src/app/pages/landing/landing.scss:1)
[contentOverflow] Potential content overflow detected in &quot;============================================================================

.cta-banner-inline&quot;. This may hide text content inaccessibly.
  How to fix:
    - Verify all content remains accessible when overflow is hidden
    - Consider using &quot;overflow: auto&quot; or &quot;overflow: scroll&quot; for scrollable content
    - Ensure responsive design allows content to reflow at 320px width
  WCAG 1.4.10: Reflow (C:/Users/spani/OneDrive/Dokumente/GitHub/noro-wedding/src/app/pages/landing/landing.scss:1)
[contentOverflow] Potential content overflow detected in &quot;============================================================================

.mega-cta-section&quot;. This may hide text content inaccessibly.
  How to fix:
    - Verify all content remains accessible when overflow is hidden
    - Consider using &quot;overflow: auto&quot; or &quot;overflow: scroll&quot; for scrollable content
    - Ensure responsive design allows content to reflow at 320px width
  WCAG 1.4.10: Reflow (C:/Users/spani/OneDrive/Dokumente/GitHub/noro-wedding/src/app/pages/landing/landing.scss:1)
[contentOverflow] Potential content overflow detected in &quot;.gallery-preview-wrapper&quot;. This may hide text content inaccessibly.
  How to fix:
    - Verify all content remains accessible when overflow is hidden
    - Consider using &quot;overflow: auto&quot; or &quot;overflow: scroll&quot; for scrollable content
    - Ensure responsive design allows content to reflow at 320px width
  WCAG 1.4.10: Reflow (C:/Users/spani/OneDrive/Dokumente/GitHub/noro-wedding/src/app/pages/landing/landing.scss:1)
[lineHeightTight] Line height too tight for readability. Tight line spacing is difficult for users with dyslexia
  How to fix:
    - Use line-height: 1.5 minimum for body text
    - Use line-height: 1.2 minimum for headings
  WCAG 1.4.12: Text Spacing
  Found: .cta-banner-text { line-height: 1.1; } (C:/Users/spani/OneDrive/Dokumente/GitHub/noro-wedding/src/app/pages/landing/landing.scss:1)
[lineHeightTight] Line height too tight for readability. Tight line spacing is difficult for users with dyslexia
  How to fix:
    - Use line-height: 1.5 minimum for body text
    - Use line-height: 1.2 minimum for headings
  WCAG 1.4.12: Text Spacing
  Found: .cta-title { line-height: 1.1; } (C:/Users/spani/OneDrive/Dokumente/GitHub/noro-wedding/src/app/pages/landing/landing.scss:1)
[pointerEventsNone] pointer-events: none may hide interactive element. Users cannot interact with elements that have pointer-events disabled
  How to fix:
    - Ensure element is not intended to be interactive
    - Use disabled attribute instead for form elements
  WCAG 2.1.1: Keyboard
  Found: button styling } } } .gallery-preview-overlay (C:/Users/spani/OneDrive/Dokumente/GitHub/noro-wedding/src/app/pages/landing/landing.scss:1)
[prefersReducedMotion] Animation without prefers-reduced-motion support. Animations can cause vestibular disorders and motion sickness
  How to fix:
    - Add @media (prefers-reduced-motion: reduce) query
    - Disable or reduce animation when preference is set
  WCAG 2.3.3: Animation from Interactions
  Found: File uses animations and transitions without properly disabling them in prefers-reduced-motion: redu... (C:/Users/spani/OneDrive/Dokumente/GitHub/noro-wedding/src/app/pages/landing/landing.scss:1)
[smallFontSize] Font size 0.625rem (approximately 10px) may be too small. Small text is difficult for users with low vision
  How to fix:
    - Use minimum 16px (1rem) for body text
    - Use relative units (rem, em) for scalability
    - Test at 200% zoom
  WCAG 1.4.4: Resize Text
  Found: &quot;.beta-badge&quot; (C:/Users/spani/OneDrive/Dokumente/GitHub/noro-wedding/src/app/pages/landing/landing.scss:1)
[smallFontSize] Font size 10px may be too small. Small text is difficult for users with low vision
  How to fix:
    - Use minimum 16px (1rem) for body text
    - Use relative units (rem, em) for scalability
    - Test at 200% zoom
  WCAG 1.4.4: Resize Text
  Found: &quot;include phone&quot; (C:/Users/spani/OneDrive/Dokumente/GitHub/noro-wedding/src/app/pages/landing/landing.scss:1)
]]>
      </system-out>
    </testcase>
    <testcase name="/guide" classname="mat-a11y.accessibility" time="0">
      <system-out>
<![CDATA[
Warnings (not failing):
[duplicateIdAria] aria-controls references non-existent id &quot;hidden-categories&quot;. Broken ARIA reference provides no accessibility benefit
  How to fix:
    - Add element with matching id
    - Correct the id reference
    - Remove the broken reference
  WCAG 4.1.1: Parsing
  Found: aria-controls=&quot;hidden-categories&quot;
[duplicateIdAria] aria-controls references non-existent id &quot;hidden-categories&quot;. Broken ARIA reference provides no accessibility benefit
  How to fix:
    - Add element with matching id
    - Correct the id reference
    - Remove the broken reference
  WCAG 4.1.1: Parsing
  Found: aria-controls=&quot;hidden-categories&quot;
[contentOverflow] Content may be hidden without visual indication in &quot;Visually hidden utility for screen reader only content
.visually-hidden&quot;. Text content may be cut off and inaccessible to users.
  How to fix:
    - Add &quot;text-overflow: ellipsis&quot; to show truncation indicator (...)
    - Or remove &quot;overflow: hidden&quot; to allow text to wrap naturally
    - Or ensure content is accessible through other means (tooltips, expand buttons)
  WCAG 1.4.10: Reflow
[contentOverflow] Potential content overflow detected in &quot;h3&quot;. This may hide text content inaccessibly.
  How to fix:
    - Verify all content remains accessible when overflow is hidden
    - Consider using &quot;overflow: auto&quot; or &quot;overflow: scroll&quot; for scrollable content
    - Ensure responsive design allows content to reflow at 320px width
  WCAG 1.4.10: Reflow
[contentOverflow] Potential content overflow detected in &quot;p&quot;. This may hide text content inaccessibly.
  How to fix:
    - Verify all content remains accessible when overflow is hidden
    - Consider using &quot;overflow: auto&quot; or &quot;overflow: scroll&quot; for scrollable content
    - Ensure responsive design allows content to reflow at 320px width
  WCAG 1.4.10: Reflow
[focusWithinSupport] Complex interactive containers without :focus-within. Keyboard users may not see clear visual indication when navigating nested focusable elements.
  How to fix:
    - Add :focus-within pseudo-class to container selectors
    - Or ensure child elements (a, button, input) have visible :focus styles
    - Apply visual styles (border, background, shadow) when children are focused
    - Example: .container:focus-within { outline: 2px solid blue; }
    - Test with keyboard navigation to ensure focus is always visible
  WCAG 2.4.7: Focus Visible
  Found: Complex containers (.card-arrow)
[prefersReducedMotion] Animation without prefers-reduced-motion support. Animations can cause vestibular disorders and motion sickness
  How to fix:
    - Add @media (prefers-reduced-motion: reduce) query
    - Disable or reduce animation when preference is set
  WCAG 2.3.3: Animation from Interactions
  Found: File uses transitions without properly disabling them in prefers-reduced-motion: reduce
[smallFontSize] Font size 11px may be too small. Small text is difficult for users with low vision
  How to fix:
    - Use minimum 16px (1rem) for body text
    - Use relative units (rem, em) for scalability
    - Test at 200% zoom
  WCAG 1.4.4: Resize Text
  Found: &quot;.chip-count&quot;
[smallFontSize] Font size 11px may be too small. Small text is difficult for users with low vision
  How to fix:
    - Use minimum 16px (1rem) for body text
    - Use relative units (rem, em) for scalability
    - Test at 200% zoom
  WCAG 1.4.4: Resize Text
  Found: &quot;.coming-soon-badge&quot;
]]>
      </system-out>
    </testcase>
    <testcase name="/guide/dj-band-buchen" classname="mat-a11y.accessibility" time="0"/>
    <testcase name="/guide/dresscode-kommunizieren" classname="mat-a11y.accessibility" time="0"/>
    <testcase name="/guide/gaesteliste-erstellen" classname="mat-a11y.accessibility" time="0"/>
    <testcase name="/guide/hochzeitseinladung-gestalten" classname="mat-a11y.accessibility" time="0"/>
    <testcase name="/guide/hochzeitsfarben-waehlen" classname="mat-a11y.accessibility" time="0"/>
    <testcase name="/guide/hochzeitstag-ablauf-planen" classname="mat-a11y.accessibility" time="0"/>
    <testcase name="/guide/hochzeitswebsite-erstellen" classname="mat-a11y.accessibility" time="0">
      <system-out>
<![CDATA[
Warnings (not failing):
[prefersReducedMotion] Animation without prefers-reduced-motion support. Animations can cause vestibular disorders and motion sickness
  How to fix:
    - Add @media (prefers-reduced-motion: reduce) query
    - Disable or reduce animation when preference is set
  WCAG 2.3.3: Animation from Interactions
  Found: File uses transitions without properly disabling them in prefers-reduced-motion: reduce
]]>
      </system-out>
    </testcase>
    <testcase name="/guide/notfallkoffer-packen" classname="mat-a11y.accessibility" time="0"/>
    <testcase name="/guide/tischdeko-gestalten" classname="mat-a11y.accessibility" time="0"/>
    <testcase name="/guide/traubogen-bauen" classname="mat-a11y.accessibility" time="0"/>
    <testcase name="/guide/brautkleid-checkliste" classname="mat-a11y.accessibility" time="0"/>
    <testcase name="/guide/budget-checkliste" classname="mat-a11y.accessibility" time="0"/>
    <testcase name="/guide/dienstleister-checkliste" classname="mat-a11y.accessibility" time="0"/>
    <testcase name="/guide/gaesteliste-checkliste" classname="mat-a11y.accessibility" time="0"/>
    <testcase name="/guide/hochzeitsfotos-must-haves" classname="mat-a11y.accessibility" time="0"/>
    <testcase name="/guide/hochzeitslocation-checkliste" classname="mat-a11y.accessibility" time="0"/>
    <testcase name="/guide/honeymoon-planung" classname="mat-a11y.accessibility" time="0"/>
    <testcase name="/guide/notfallkoffer-braut" classname="mat-a11y.accessibility" time="0"/>
    <testcase name="/guide/standesamt-checkliste" classname="mat-a11y.accessibility" time="0"/>
    <testcase name="/guide/trauzeugen-checkliste" classname="mat-a11y.accessibility" time="0"/>
    <testcase name="/guide/danksagung-vorlage" classname="mat-a11y.accessibility" time="0"/>
    <testcase name="/guide/dresscode-nachricht" classname="mat-a11y.accessibility" time="0"/>
    <testcase name="/guide/eheversprechen-editor" classname="mat-a11y.accessibility" time="0"/>
    <testcase name="/guide/einladungstext-generator" classname="mat-a11y.accessibility" time="0"/>
    <testcase name="/guide/gaestebuch-spiel" classname="mat-a11y.accessibility" time="0"/>
    <testcase name="/guide/hochzeitsquiz-fragen" classname="mat-a11y.accessibility" time="0"/>
    <testcase name="/guide/hochzeitsrede-assistent" classname="mat-a11y.accessibility" time="0"/>
    <testcase name="/guide/save-the-date-texte" classname="mat-a11y.accessibility" time="0">
      <system-out>
<![CDATA[
Warnings (not failing):
[prefersReducedMotion] Animation without prefers-reduced-motion support. Animations can cause vestibular disorders and motion sickness
  How to fix:
    - Add @media (prefers-reduced-motion: reduce) query
    - Disable or reduce animation when preference is set
  WCAG 2.3.3: Animation from Interactions
  Found: File uses transitions without properly disabling them in prefers-reduced-motion: reduce
]]>
      </system-out>
    </testcase>
    <testcase name="/guide/verkuendung-varianten" classname="mat-a11y.accessibility" time="0"/>
    <testcase name="/guide/zeremonien-ablauf" classname="mat-a11y.accessibility" time="0"/>
    <testcase name="/guide/boho-hochzeit-ideen" classname="mat-a11y.accessibility" time="0"/>
    <testcase name="/guide/farbkonzept-inspiration" classname="mat-a11y.accessibility" time="0"/>
    <testcase name="/guide/hochzeitsdeko-trends" classname="mat-a11y.accessibility" time="0"/>
    <testcase name="/guide/hochzeitsfrisuren-inspiration" classname="mat-a11y.accessibility" time="0"/>
    <testcase name="/guide/hochzeitskleid-stile" classname="mat-a11y.accessibility" time="0"/>
    <testcase name="/guide/hochzeitspapeterie-designs" classname="mat-a11y.accessibility" time="0"/>
    <testcase name="/guide/hochzeitsstil-quiz" classname="mat-a11y.accessibility" time="0"/>
    <testcase name="/guide/saisonale-hochzeitsblumen" classname="mat-a11y.accessibility" time="0"/>
    <testcase name="/guide/tischdeko-inspiration" classname="mat-a11y.accessibility" time="0"/>
    <testcase name="/guide/traubogen-designs" classname="mat-a11y.accessibility" time="0"/>
    <testcase name="/guide/12-monate-zeitplan" classname="mat-a11y.accessibility" time="0"/>
    <testcase name="/guide/budget-planung" classname="mat-a11y.accessibility" time="0"/>
    <testcase name="/guide/dienstleister-koordination" classname="mat-a11y.accessibility" time="0"/>
    <testcase name="/guide/getting-ready-zeitplan" classname="mat-a11y.accessibility" time="0"/>
    <testcase name="/guide/hochzeitstag-koordination" classname="mat-a11y.accessibility" time="0"/>
    <testcase name="/guide/hochzeitstag-zeitplan" classname="mat-a11y.accessibility" time="0"/>
    <testcase name="/guide/musik-wunschliste" classname="mat-a11y.accessibility" time="0"/>
    <testcase name="/guide/rsvp-tracking" classname="mat-a11y.accessibility" time="0"/>
    <testcase name="/guide/sitzplan-erstellung" classname="mat-a11y.accessibility" time="0"/>
    <testcase name="/guide/zeremonie-ablaufplan" classname="mat-a11y.accessibility" time="0"/>
    <testcase name="/guide/budget-schwerpunkte-quiz" classname="mat-a11y.accessibility" time="0"/>
    <testcase name="/guide/entscheidungs-stil-quiz" classname="mat-a11y.accessibility" time="0"/>
    <testcase name="/guide/feier-typ-quiz" classname="mat-a11y.accessibility" time="0"/>
    <testcase name="/guide/hochzeits-vorlieben-quiz" classname="mat-a11y.accessibility" time="0"/>
    <testcase name="/guide/hochzeits-wissen-test" classname="mat-a11y.accessibility" time="0"/>
    <testcase name="/guide/hochzeitsstil-finder" classname="mat-a11y.accessibility" time="0"/>
    <testcase name="/guide/paar-harmonie-quiz" classname="mat-a11y.accessibility" time="0"/>
    <testcase name="/guide/planungs-profil-quiz" classname="mat-a11y.accessibility" time="0"/>
    <testcase name="/guide/prioritaeten-ranking-quiz" classname="mat-a11y.accessibility" time="0"/>
    <testcase name="/guide/schnell-check-hochzeit" classname="mat-a11y.accessibility" time="0"/>
    <testcase name="/verwaltung/fotoalbum" classname="mat-a11y.accessibility" time="0">
      <failure message="Accessibility score: 42% (threshold: 90%)" type="CriticalAccessibilityError">
<![CDATA[
[buttonNames] Button missing accessible name. Screen readers cannot announce the button purpose
  How to fix:
    - Add text content inside &lt;button&gt;
    - Add aria-label=&quot;description&quot;
    - Add aria-labelledby referencing visible text
    - For icon buttons, add visually-hidden text
  WCAG 4.1.2: Name, Role, Value
  Found: &lt;button mat-icon-button class=&quot;refresh-button&quot; (click)=&quot;reloadImages()&quot;... (line 11) (C:/Users/spani/OneDrive/Dokumente/GitHub/noro-wedding/src/app/pages/administration/photo-album/photo-album.html:1)
[buttonNames] Button missing accessible name. Screen readers cannot announce the button purpose
  How to fix:
    - Add text content inside &lt;button&gt;
    - Add aria-label=&quot;description&quot;
    - Add aria-labelledby referencing visible text
    - For icon buttons, add visually-hidden text
  WCAG 4.1.2: Name, Role, Value
  Found: &lt;button mat-mini-fab color=&quot;warn&quot; class=&quot;action-bt... (line 226) (C:/Users/spani/OneDrive/Dokumente/GitHub/noro-wedding/src/app/pages/administration/photo-album/photo-album.html:1)
[buttonNames] Button missing accessible name. Screen readers cannot announce the button purpose
  How to fix:
    - Add text content inside &lt;button&gt;
    - Add aria-label=&quot;description&quot;
    - Add aria-labelledby referencing visible text
    - For icon buttons, add visually-hidden text
  WCAG 4.1.2: Name, Role, Value
  Found: &lt;button mat-mini-fab color=&quot;primary&quot; class=&quot;action... (line 233) (C:/Users/spani/OneDrive/Dokumente/GitHub/noro-wedding/src/app/pages/administration/photo-album/photo-album.html:1)
[clickWithoutKeyboard] Click handler without keyboard support. Keyboard users cannot activate this element
  How to fix:
    - Add (keydown.enter) or (keydown.space) handler
    - Use &lt;button&gt; instead of &lt;div&gt; or &lt;span&gt;
    - Add tabindex=&quot;0&quot; and keyboard event handlers
  WCAG 2.1.1: Keyboard
  Found: &lt;div&gt; (line 183) (C:/Users/spani/OneDrive/Dokumente/GitHub/noro-wedding/src/app/pages/administration/photo-album/photo-album.html:1)
[clickWithoutRole] Clickable element missing role. Screen readers cannot identify the element as interactive
  How to fix:
    - Use semantic element: &lt;button&gt;, &lt;a&gt;, &lt;input&gt;
    - Add role=&quot;button&quot; with tabindex=&quot;0&quot;
    - Add appropriate ARIA role
  WCAG 4.1.2: Name, Role, Value
  Found: &lt;div&gt; (line 183) (C:/Users/spani/OneDrive/Dokumente/GitHub/noro-wedding/src/app/pages/administration/photo-album/photo-album.html:1)
[formLabels] Form input missing label. Screen readers cannot identify the input purpose
  How to fix:
    - Add &lt;label for=&quot;inputId&quot;&gt;
    - Add aria-label attribute
    - Add aria-labelledby referencing visible text
    - Wrap input in &lt;label&gt; element
  WCAG 3.3.2: Labels or Instructions
  Found: &lt;input #fileInput type=&quot;file&quot; accept=&quot;image/*&quot; mul... (C:/Users/spani/OneDrive/Dokumente/GitHub/noro-wedding/src/app/pages/administration/photo-album/photo-album.html:1)
[matCheckboxLabel] mat-checkbox missing accessible label. Screen readers cannot announce the checkbox purpose
  How to fix:
    - Add text content inside &lt;mat-checkbox&gt;
    - Add aria-label attribute
  WCAG 4.1.2: Name, Role, Value | See: https://material.angular.io/components/checkbox/overview#accessibility
  Found: &lt;mat-checkbox [checked]=&quot;isPhotoSelected(photo.id)&quot; (change)=&quot;togglePhotoSelection(photo.id)&quot; (click... (line 190) (C:/Users/spani/OneDrive/Dokumente/GitHub/noro-wedding/src/app/pages/administration/photo-album/photo-album.html:1)
[matIconAccessibility] mat-icon used as interactive without accessible label. Screen readers cannot announce icon-only buttons
  How to fix:
    - Add aria-label to parent button
    - Add visually-hidden text
    - Add aria-hidden=&quot;true&quot; if purely decorative
  WCAG 4.1.2: Name, Role, Value | See: https://material.angular.io/components/icon/overview#accessibility
  Found: &lt;mat-icon class=&quot;large-icon&quot;&gt;photo_library&lt;/mat-icon&gt; (C:/Users/spani/OneDrive/Dokumente/GitHub/noro-wedding/src/app/pages/administration/photo-album/photo-album.html:1)
[matIconAccessibility] mat-icon used as interactive without accessible label. Screen readers cannot announce icon-only buttons
  How to fix:
    - Add aria-label to parent button
    - Add visually-hidden text
    - Add aria-hidden=&quot;true&quot; if purely decorative
  WCAG 4.1.2: Name, Role, Value | See: https://material.angular.io/components/icon/overview#accessibility
  Found: &lt;mat-icon&gt;refresh&lt;/mat-icon&gt; (C:/Users/spani/OneDrive/Dokumente/GitHub/noro-wedding/src/app/pages/administration/photo-album/photo-album.html:1)
[matIconAccessibility] mat-icon used as interactive without accessible label. Screen readers cannot announce icon-only buttons
  How to fix:
    - Add aria-label to parent button
    - Add visually-hidden text
    - Add aria-hidden=&quot;true&quot; if purely decorative
  WCAG 4.1.2: Name, Role, Value | See: https://material.angular.io/components/icon/overview#accessibility
  Found: &lt;mat-icon&gt;photo&lt;/mat-icon&gt; (C:/Users/spani/OneDrive/Dokumente/GitHub/noro-wedding/src/app/pages/administration/photo-album/photo-album.html:1)
... and 28 more issues
]]>
      </failure>
      <system-out>
<![CDATA[
Full issue list for /verwaltung/fotoalbum:
[buttonNames] Button missing accessible name. Screen readers cannot announce the button purpose
  How to fix:
    - Add text content inside &lt;button&gt;
    - Add aria-label=&quot;description&quot;
    - Add aria-labelledby referencing visible text
    - For icon buttons, add visually-hidden text
  WCAG 4.1.2: Name, Role, Value
  Found: &lt;button mat-icon-button class=&quot;refresh-button&quot; (click)=&quot;reloadImages()&quot;... (line 11) (C:/Users/spani/OneDrive/Dokumente/GitHub/noro-wedding/src/app/pages/administration/photo-album/photo-album.html:1)
[buttonNames] Button missing accessible name. Screen readers cannot announce the button purpose
  How to fix:
    - Add text content inside &lt;button&gt;
    - Add aria-label=&quot;description&quot;
    - Add aria-labelledby referencing visible text
    - For icon buttons, add visually-hidden text
  WCAG 4.1.2: Name, Role, Value
  Found: &lt;button mat-mini-fab color=&quot;warn&quot; class=&quot;action-bt... (line 226) (C:/Users/spani/OneDrive/Dokumente/GitHub/noro-wedding/src/app/pages/administration/photo-album/photo-album.html:1)
[buttonNames] Button missing accessible name. Screen readers cannot announce the button purpose
  How to fix:
    - Add text content inside &lt;button&gt;
    - Add aria-label=&quot;description&quot;
    - Add aria-labelledby referencing visible text
    - For icon buttons, add visually-hidden text
  WCAG 4.1.2: Name, Role, Value
  Found: &lt;button mat-mini-fab color=&quot;primary&quot; class=&quot;action... (line 233) (C:/Users/spani/OneDrive/Dokumente/GitHub/noro-wedding/src/app/pages/administration/photo-album/photo-album.html:1)
[clickWithoutKeyboard] Click handler without keyboard support. Keyboard users cannot activate this element
  How to fix:
    - Add (keydown.enter) or (keydown.space) handler
    - Use &lt;button&gt; instead of &lt;div&gt; or &lt;span&gt;
    - Add tabindex=&quot;0&quot; and keyboard event handlers
  WCAG 2.1.1: Keyboard
  Found: &lt;div&gt; (line 183) (C:/Users/spani/OneDrive/Dokumente/GitHub/noro-wedding/src/app/pages/administration/photo-album/photo-album.html:1)
[clickWithoutRole] Clickable element missing role. Screen readers cannot identify the element as interactive
  How to fix:
    - Use semantic element: &lt;button&gt;, &lt;a&gt;, &lt;input&gt;
    - Add role=&quot;button&quot; with tabindex=&quot;0&quot;
    - Add appropriate ARIA role
  WCAG 4.1.2: Name, Role, Value
  Found: &lt;div&gt; (line 183) (C:/Users/spani/OneDrive/Dokumente/GitHub/noro-wedding/src/app/pages/administration/photo-album/photo-album.html:1)
[formLabels] Form input missing label. Screen readers cannot identify the input purpose
  How to fix:
    - Add &lt;label for=&quot;inputId&quot;&gt;
    - Add aria-label attribute
    - Add aria-labelledby referencing visible text
    - Wrap input in &lt;label&gt; element
  WCAG 3.3.2: Labels or Instructions
  Found: &lt;input #fileInput type=&quot;file&quot; accept=&quot;image/*&quot; mul... (C:/Users/spani/OneDrive/Dokumente/GitHub/noro-wedding/src/app/pages/administration/photo-album/photo-album.html:1)
[matCheckboxLabel] mat-checkbox missing accessible label. Screen readers cannot announce the checkbox purpose
  How to fix:
    - Add text content inside &lt;mat-checkbox&gt;
    - Add aria-label attribute
  WCAG 4.1.2: Name, Role, Value | See: https://material.angular.io/components/checkbox/overview#accessibility
  Found: &lt;mat-checkbox [checked]=&quot;isPhotoSelected(photo.id)&quot; (change)=&quot;togglePhotoSelection(photo.id)&quot; (click... (line 190) (C:/Users/spani/OneDrive/Dokumente/GitHub/noro-wedding/src/app/pages/administration/photo-album/photo-album.html:1)
[matIconAccessibility] mat-icon used as interactive without accessible label. Screen readers cannot announce icon-only buttons
  How to fix:
    - Add aria-label to parent button
    - Add visually-hidden text
    - Add aria-hidden=&quot;true&quot; if purely decorative
  WCAG 4.1.2: Name, Role, Value | See: https://material.angular.io/components/icon/overview#accessibility
  Found: &lt;mat-icon class=&quot;large-icon&quot;&gt;photo_library&lt;/mat-icon&gt; (C:/Users/spani/OneDrive/Dokumente/GitHub/noro-wedding/src/app/pages/administration/photo-album/photo-album.html:1)
[matIconAccessibility] mat-icon used as interactive without accessible label. Screen readers cannot announce icon-only buttons
  How to fix:
    - Add aria-label to parent button
    - Add visually-hidden text
    - Add aria-hidden=&quot;true&quot; if purely decorative
  WCAG 4.1.2: Name, Role, Value | See: https://material.angular.io/components/icon/overview#accessibility
  Found: &lt;mat-icon&gt;refresh&lt;/mat-icon&gt; (C:/Users/spani/OneDrive/Dokumente/GitHub/noro-wedding/src/app/pages/administration/photo-album/photo-album.html:1)
[matIconAccessibility] mat-icon used as interactive without accessible label. Screen readers cannot announce icon-only buttons
  How to fix:
    - Add aria-label to parent button
    - Add visually-hidden text
    - Add aria-hidden=&quot;true&quot; if purely decorative
  WCAG 4.1.2: Name, Role, Value | See: https://material.angular.io/components/icon/overview#accessibility
  Found: &lt;mat-icon&gt;photo&lt;/mat-icon&gt; (C:/Users/spani/OneDrive/Dokumente/GitHub/noro-wedding/src/app/pages/administration/photo-album/photo-album.html:1)
[matIconAccessibility] mat-icon used as interactive without accessible label. Screen readers cannot announce icon-only buttons
  How to fix:
    - Add aria-label to parent button
    - Add visually-hidden text
    - Add aria-hidden=&quot;true&quot; if purely decorative
  WCAG 4.1.2: Name, Role, Value | See: https://material.angular.io/components/icon/overview#accessibility
  Found: &lt;mat-icon&gt;storage&lt;/mat-icon&gt; (C:/Users/spani/OneDrive/Dokumente/GitHub/noro-wedding/src/app/pages/administration/photo-album/photo-album.html:1)
[matIconAccessibility] mat-icon used as interactive without accessible label. Screen readers cannot announce icon-only buttons
  How to fix:
    - Add aria-label to parent button
    - Add visually-hidden text
    - Add aria-hidden=&quot;true&quot; if purely decorative
  WCAG 4.1.2: Name, Role, Value | See: https://material.angular.io/components/icon/overview#accessibility
  Found: &lt;mat-icon&gt;{{ getMaxResolution().isPremium ? &apos;auto_awesome&apos; : &apos;favorite&apos; }}&lt;/mat-icon&gt; (C:/Users/spani/OneDrive/Dokumente/GitHub/noro-wedding/src/app/pages/administration/photo-album/photo-album.html:1)
[matIconAccessibility] mat-icon used as interactive without accessible label. Screen readers cannot announce icon-only buttons
  How to fix:
    - Add aria-label to parent button
    - Add visually-hidden text
    - Add aria-hidden=&quot;true&quot; if purely decorative
  WCAG 4.1.2: Name, Role, Value | See: https://material.angular.io/components/icon/overview#accessibility
  Found: &lt;mat-icon&gt;{{ warning.icon }}&lt;/mat-icon&gt; (C:/Users/spani/OneDrive/Dokumente/GitHub/noro-wedding/src/app/pages/administration/photo-album/photo-album.html:1)
[matIconAccessibility] mat-icon used as interactive without accessible label. Screen readers cannot announce icon-only buttons
  How to fix:
    - Add aria-label to parent button
    - Add visually-hidden text
    - Add aria-hidden=&quot;true&quot; if purely decorative
  WCAG 4.1.2: Name, Role, Value | See: https://material.angular.io/components/icon/overview#accessibility
  Found: &lt;mat-icon&gt;upgrade&lt;/mat-icon&gt; (C:/Users/spani/OneDrive/Dokumente/GitHub/noro-wedding/src/app/pages/administration/photo-album/photo-album.html:1)
[matIconAccessibility] mat-icon used as interactive without accessible label. Screen readers cannot announce icon-only buttons
  How to fix:
[...]
  Found: &lt;mat-icon matPrefix&gt;info&lt;/mat-icon&gt; (C:/Users/spani/OneDrive/Dokumente/GitHub/noro-wedding/src/app/pages/configurator-view/replies/replies.html:1)
[matIconAccessibility] mat-icon used as interactive without accessible label. Screen readers cannot announce icon-only buttons
  How to fix:
    - Add aria-label to parent button
    - Add visually-hidden text
    - Add aria-hidden=&quot;true&quot; if purely decorative
  WCAG 4.1.2: Name, Role, Value | See: https://material.angular.io/components/icon/overview#accessibility
  Found: &lt;mat-icon matPrefix&gt;label&lt;/mat-icon&gt; (C:/Users/spani/OneDrive/Dokumente/GitHub/noro-wedding/src/app/pages/configurator-view/replies/replies.html:1)
[matIconAccessibility] mat-icon used as interactive without accessible label. Screen readers cannot announce icon-only buttons
  How to fix:
    - Add aria-label to parent button
    - Add visually-hidden text
    - Add aria-hidden=&quot;true&quot; if purely decorative
  WCAG 4.1.2: Name, Role, Value | See: https://material.angular.io/components/icon/overview#accessibility
  Found: &lt;mat-icon matPrefix&gt;text_fields&lt;/mat-icon&gt; (C:/Users/spani/OneDrive/Dokumente/GitHub/noro-wedding/src/app/pages/configurator-view/replies/replies.html:1)
[matIconAccessibility] mat-icon used as interactive without accessible label. Screen readers cannot announce icon-only buttons
  How to fix:
    - Add aria-label to parent button
    - Add visually-hidden text
    - Add aria-hidden=&quot;true&quot; if purely decorative
  WCAG 4.1.2: Name, Role, Value | See: https://material.angular.io/components/icon/overview#accessibility
  Found: &lt;mat-icon matPrefix&gt;refresh&lt;/mat-icon&gt; (C:/Users/spani/OneDrive/Dokumente/GitHub/noro-wedding/src/app/pages/configurator-view/replies/replies.html:1)
[matIconAccessibility] mat-icon used as interactive without accessible label. Screen readers cannot announce icon-only buttons
  How to fix:
    - Add aria-label to parent button
    - Add visually-hidden text
    - Add aria-hidden=&quot;true&quot; if purely decorative
  WCAG 4.1.2: Name, Role, Value | See: https://material.angular.io/components/icon/overview#accessibility
  Found: &lt;mat-icon matPrefix&gt;check_circle&lt;/mat-icon&gt; (C:/Users/spani/OneDrive/Dokumente/GitHub/noro-wedding/src/app/pages/configurator-view/replies/replies.html:1)
[matIconAccessibility] mat-icon used as interactive without accessible label. Screen readers cannot announce icon-only buttons
  How to fix:
    - Add aria-label to parent button
    - Add visually-hidden text
    - Add aria-hidden=&quot;true&quot; if purely decorative
  WCAG 4.1.2: Name, Role, Value | See: https://material.angular.io/components/icon/overview#accessibility
  Found: &lt;mat-icon matPrefix&gt;error&lt;/mat-icon&gt; (C:/Users/spani/OneDrive/Dokumente/GitHub/noro-wedding/src/app/pages/configurator-view/replies/replies.html:1)
[matIconAccessibility] mat-icon used as interactive without accessible label. Screen readers cannot announce icon-only buttons
  How to fix:
    - Add aria-label to parent button
    - Add visually-hidden text
    - Add aria-hidden=&quot;true&quot; if purely decorative
  WCAG 4.1.2: Name, Role, Value | See: https://material.angular.io/components/icon/overview#accessibility
  Found: &lt;mat-icon&gt;refresh&lt;/mat-icon&gt; (C:/Users/spani/OneDrive/Dokumente/GitHub/noro-wedding/src/app/pages/configurator-view/replies/replies.html:1)
[matProgressSpinnerLabel] mat-progress-bar/spinner missing accessible label. Screen readers cannot identify what is loading
  How to fix:
    - Add aria-label=&quot;Loading description&quot;
    - Add aria-labelledby referencing status text
  WCAG 4.1.2: Name, Role, Value | See: https://material.angular.io/components/progress-bar/overview#accessibility
  Found: &lt;mat-spinner diameter=&quot;48&quot;&gt; (C:/Users/spani/OneDrive/Dokumente/GitHub/noro-wedding/src/app/pages/configurator-view/replies/replies.html:1)
[prefersReducedMotion] Animation without prefers-reduced-motion support. Animations can cause vestibular disorders and motion sickness
  How to fix:
    - Add @media (prefers-reduced-motion: reduce) query
    - Disable or reduce animation when preference is set
  WCAG 2.3.3: Animation from Interactions
  Found: File uses transitions without properly disabling them in prefers-reduced-motion: reduce (C:/Users/spani/OneDrive/Dokumente/GitHub/noro-wedding/src/app/pages/configurator-view/replies/replies.scss:1)
]]>
      </system-out>
    </testcase>
    <testcase name="/konto/anmelden" classname="mat-a11y.accessibility" time="0">
      <failure message="Accessibility score: 89% (threshold: 90%)" type="AccessibilityError">
<![CDATA[
[matIconAccessibility] mat-icon used as interactive without accessible label. Screen readers cannot announce icon-only buttons
  How to fix:
    - Add aria-label to parent button
    - Add visually-hidden text
    - Add aria-hidden=&quot;true&quot; if purely decorative
  WCAG 4.1.2: Name, Role, Value | See: https://material.angular.io/components/icon/overview#accessibility
  Found: &lt;mat-icon class=&quot;discount-icon&quot;&gt;local_offer&lt;/mat-icon&gt; (C:/Users/spani/OneDrive/Dokumente/GitHub/noro-wedding/src/app/pages/account/signin/signin.html:1)
[matIconAccessibility] mat-icon used as interactive without accessible label. Screen readers cannot announce icon-only buttons
  How to fix:
    - Add aria-label to parent button
    - Add visually-hidden text
    - Add aria-hidden=&quot;true&quot; if purely decorative
  WCAG 4.1.2: Name, Role, Value | See: https://material.angular.io/components/icon/overview#accessibility
  Found: &lt;mat-icon&gt;check_circle&lt;/mat-icon&gt; (C:/Users/spani/OneDrive/Dokumente/GitHub/noro-wedding/src/app/pages/account/signin/signin.html:1)
[matIconAccessibility] mat-icon used as interactive without accessible label. Screen readers cannot announce icon-only buttons
  How to fix:
    - Add aria-label to parent button
    - Add visually-hidden text
    - Add aria-hidden=&quot;true&quot; if purely decorative
  WCAG 4.1.2: Name, Role, Value | See: https://material.angular.io/components/icon/overview#accessibility
  Found: &lt;mat-icon&gt;error_outline&lt;/mat-icon&gt; (C:/Users/spani/OneDrive/Dokumente/GitHub/noro-wedding/src/app/pages/account/signin/signin.html:1)
[matIconAccessibility] mat-icon used as interactive without accessible label. Screen readers cannot announce icon-only buttons
  How to fix:
    - Add aria-label to parent button
    - Add visually-hidden text
    - Add aria-hidden=&quot;true&quot; if purely decorative
  WCAG 4.1.2: Name, Role, Value | See: https://material.angular.io/components/icon/overview#accessibility
  Found: &lt;mat-icon&gt;hourglass_empty&lt;/mat-icon&gt; (C:/Users/spani/OneDrive/Dokumente/GitHub/noro-wedding/src/app/pages/account/signin/signin.html:1)
[matIconAccessibility] mat-icon used as interactive without accessible label. Screen readers cannot announce icon-only buttons
  How to fix:
    - Add aria-label to parent button
    - Add visually-hidden text
    - Add aria-hidden=&quot;true&quot; if purely decorative
  WCAG 4.1.2: Name, Role, Value | See: https://material.angular.io/components/icon/overview#accessibility
  Found: &lt;mat-icon&gt;check_circle&lt;/mat-icon&gt; (C:/Users/spani/OneDrive/Dokumente/GitHub/noro-wedding/src/app/pages/account/signin/signin.html:1)
[matIconAccessibility] mat-icon used as interactive without accessible label. Screen readers cannot announce icon-only buttons
  How to fix:
    - Add aria-label to parent button
    - Add visually-hidden text
    - Add aria-hidden=&quot;true&quot; if purely decorative
  WCAG 4.1.2: Name, Role, Value | See: https://material.angular.io/components/icon/overview#accessibility
  Found: &lt;mat-icon&gt;error_outline&lt;/mat-icon&gt; (C:/Users/spani/OneDrive/Dokumente/GitHub/noro-wedding/src/app/pages/account/signin/signin.html:1)
[matIconAccessibility] mat-icon used as interactive without accessible label. Screen readers cannot announce icon-only buttons
  How to fix:
    - Add aria-label to parent button
    - Add visually-hidden text
    - Add aria-hidden=&quot;true&quot; if purely decorative
  WCAG 4.1.2: Name, Role, Value | See: https://material.angular.io/components/icon/overview#accessibility
  Found: &lt;mat-icon&gt;info&lt;/mat-icon&gt; (C:/Users/spani/OneDrive/Dokumente/GitHub/noro-wedding/src/app/pages/account/signin/signin.html:1)
[colorContrast] Contrast 3.46:1 only meets AA for large text (18pt+). Normal-sized text requires higher contrast ratio
  How to fix:
    - Increase contrast to 4.5:1 for normal text
    - Acceptable for text 18pt+ or 14pt bold
  WCAG 1.4.3: Contrast (Minimum)
  Found: &quot;&amp;.validating&quot;: #e65100 on #fff3e0 (C:/Users/spani/OneDrive/Dokumente/GitHub/noro-wedding/src/app/pages/account/signin/signin.scss:1)
[colorContrast] Low contrast 1.00:1 (needs 4.5:1). Low contrast text is difficult to read for users with low vision
  How to fix:
    - Increase contrast by darkening text or lightening background
    - Use contrast checker tool to verify
  WCAG 1.4.3: Contrast (Minimum) | See: https://webaim.org/resources/contrastchecker/
  Found: &quot;Privacy hint - LEGALLY REQUIRED - must always be v&quot;: rgba(0, 0, 0, 0.6) on rgba(0, 0, 0, 0.02) (C:/Users/spani/OneDrive/Dokumente/GitHub/noro-wedding/src/app/pages/account/signin/signin.scss:1)
[colorContrast] Highly transparent text is difficult to read. Low opacity reduces effective contrast
  How to fix:
    - Increase opacity to at least 0.55
    - Use solid colors for text
  WCAG 1.4.3: Contrast (Minimum)
  Found: &quot;rgba(0, 0, 0, 0.38)&quot; (C:/Users/spani/OneDrive/Dokumente/GitHub/noro-wedding/src/app/pages/account/signin/signin.scss:1)
... and 2 more issues
]]>
      </failure>
      <system-out>
<![CDATA[
Full issue list for /konto/anmelden:
[matIconAccessibility] mat-icon used as interactive without accessible label. Screen readers cannot announce icon-only buttons
  How to fix:
    - Add aria-label to parent button
    - Add visually-hidden text
    - Add aria-hidden=&quot;true&quot; if purely decorative
  WCAG 4.1.2: Name, Role, Value | See: https://material.angular.io/components/icon/overview#accessibility
  Found: &lt;mat-icon class=&quot;discount-icon&quot;&gt;local_offer&lt;/mat-icon&gt; (C:/Users/spani/OneDrive/Dokumente/GitHub/noro-wedding/src/app/pages/account/signin/signin.html:1)
[matIconAccessibility] mat-icon used as interactive without accessible label. Screen readers cannot announce icon-only buttons
  How to fix:
    - Add aria-label to parent button
    - Add visually-hidden text
    - Add aria-hidden=&quot;true&quot; if purely decorative
  WCAG 4.1.2: Name, Role, Value | See: https://material.angular.io/components/icon/overview#accessibility
  Found: &lt;mat-icon&gt;check_circle&lt;/mat-icon&gt; (C:/Users/spani/OneDrive/Dokumente/GitHub/noro-wedding/src/app/pages/account/signin/signin.html:1)
[matIconAccessibility] mat-icon used as interactive without accessible label. Screen readers cannot announce icon-only buttons
  How to fix:
    - Add aria-label to parent button
    - Add visually-hidden text
    - Add aria-hidden=&quot;true&quot; if purely decorative
  WCAG 4.1.2: Name, Role, Value | See: https://material.angular.io/components/icon/overview#accessibility
  Found: &lt;mat-icon&gt;error_outline&lt;/mat-icon&gt; (C:/Users/spani/OneDrive/Dokumente/GitHub/noro-wedding/src/app/pages/account/signin/signin.html:1)
[matIconAccessibility] mat-icon used as interactive without accessible label. Screen readers cannot announce icon-only buttons
  How to fix:
    - Add aria-label to parent button
    - Add visually-hidden text
    - Add aria-hidden=&quot;true&quot; if purely decorative
  WCAG 4.1.2: Name, Role, Value | See: https://material.angular.io/components/icon/overview#accessibility
  Found: &lt;mat-icon&gt;hourglass_empty&lt;/mat-icon&gt; (C:/Users/spani/OneDrive/Dokumente/GitHub/noro-wedding/src/app/pages/account/signin/signin.html:1)
[matIconAccessibility] mat-icon used as interactive without accessible label. Screen readers cannot announce icon-only buttons
  How to fix:
    - Add aria-label to parent button
    - Add visually-hidden text
    - Add aria-hidden=&quot;true&quot; if purely decorative
  WCAG 4.1.2: Name, Role, Value | See: https://material.angular.io/components/icon/overview#accessibility
  Found: &lt;mat-icon&gt;check_circle&lt;/mat-icon&gt; (C:/Users/spani/OneDrive/Dokumente/GitHub/noro-wedding/src/app/pages/account/signin/signin.html:1)
[matIconAccessibility] mat-icon used as interactive without accessible label. Screen readers cannot announce icon-only buttons
  How to fix:
    - Add aria-label to parent button
    - Add visually-hidden text
    - Add aria-hidden=&quot;true&quot; if purely decorative
  WCAG 4.1.2: Name, Role, Value | See: https://material.angular.io/components/icon/overview#accessibility
  Found: &lt;mat-icon&gt;error_outline&lt;/mat-icon&gt; (C:/Users/spani/OneDrive/Dokumente/GitHub/noro-wedding/src/app/pages/account/signin/signin.html:1)
[matIconAccessibility] mat-icon used as interactive without accessible label. Screen readers cannot announce icon-only buttons
  How to fix:
    - Add aria-label to parent button
    - Add visually-hidden text
    - Add aria-hidden=&quot;true&quot; if purely decorative
  WCAG 4.1.2: Name, Role, Value | See: https://material.angular.io/components/icon/overview#accessibility
  Found: &lt;mat-icon&gt;info&lt;/mat-icon&gt; (C:/Users/spani/OneDrive/Dokumente/GitHub/noro-wedding/src/app/pages/account/signin/signin.html:1)
[colorContrast] Contrast 3.46:1 only meets AA for large text (18pt+). Normal-sized text requires higher contrast ratio
  How to fix:
    - Increase contrast to 4.5:1 for normal text
    - Acceptable for text 18pt+ or 14pt bold
  WCAG 1.4.3: Contrast (Minimum)
  Found: &quot;&amp;.validating&quot;: #e65100 on #fff3e0 (C:/Users/spani/OneDrive/Dokumente/GitHub/noro-wedding/src/app/pages/account/signin/signin.scss:1)
[colorContrast] Low contrast 1.00:1 (needs 4.5:1). Low contrast text is difficult to read for users with low vision
  How to fix:
    - Increase contrast by darkening text or lightening background
    - Use contrast checker tool to verify
  WCAG 1.4.3: Contrast (Minimum) | See: https://webaim.org/resources/contrastchecker/
  Found: &quot;Privacy hint - LEGALLY REQUIRED - must always be v&quot;: rgba(0, 0, 0, 0.6) on rgba(0, 0, 0, 0.02) (C:/Users/spani/OneDrive/Dokumente/GitHub/noro-wedding/src/app/pages/account/signin/signin.scss:1)
[colorContrast] Highly transparent text is difficult to read. Low opacity reduces effective contrast
  How to fix:
    - Increase opacity to at least 0.55
    - Use solid colors for text
  WCAG 1.4.3: Contrast (Minimum)
  Found: &quot;rgba(0, 0, 0, 0.38)&quot; (C:/Users/spani/OneDrive/Dokumente/GitHub/noro-wedding/src/app/pages/account/signin/signin.scss:1)
[focusWithinSupport] Complex interactive containers without :focus-within. Keyboard users may not see clear visual indication when navigating nested focusable elements.
  How to fix:
    - Add :focus-within pseudo-class to container selectors
    - Or ensure child elements (a, button, input) have visible :focus styles
    - Apply visual styles (border, background, shadow) when children are focused
    - Example: .container:focus-within { outline: 2px solid blue; }
    - Test with keyboard navigation to ensure focus is always visible
  WCAG 2.4.7: Focus Visible
  Found: Complex containers (.form-group) (C:/Users/spani/OneDrive/Dokumente/GitHub/noro-wedding/src/app/pages/account/signin/signin.scss:1)
[prefersReducedMotion] Animation without prefers-reduced-motion support. Animations can cause vestibular disorders and motion sickness
  How to fix:
    - Add @media (prefers-reduced-motion: reduce) query
    - Disable or reduce animation when preference is set
  WCAG 2.3.3: Animation from Interactions
  Found: File uses animations and transitions without properly disabling them in prefers-reduced-motion: redu... (C:/Users/spani/OneDrive/Dokumente/GitHub/noro-wedding/src/app/pages/account/signin/signin.scss:1)
]]>
      </system-out>
    </testcase>
    <testcase name="/konto/konto-loeschen" classname="mat-a11y.accessibility" time="0">
      <system-out>
<![CDATA[
Warnings (not failing):
[headingOrder] Heading skips from h1 to h3. Screen reader users rely on heading hierarchy for navigation
  How to fix:
    - Use h2 instead of h3
    - Restructure content to follow logical hierarchy
  WCAG 1.3.1: Info and Relationships
  Found: &lt;h3&gt;
[focusWithinSupport] Complex interactive containers without :focus-within. Keyboard users may not see clear visual indication when navigating nested focusable elements.
  How to fix:
    - Add :focus-within pseudo-class to container selectors
    - Or ensure child elements (a, button, input) have visible :focus styles
    - Apply visual styles (border, background, shadow) when children are focused
    - Example: .container:focus-within { outline: 2px solid blue; }
    - Test with keyboard navigation to ensure focus is always visible
  WCAG 2.4.7: Focus Visible
  Found: Complex containers (.form-group)
[prefersReducedMotion] Animation without prefers-reduced-motion support. Animations can cause vestibular disorders and motion sickness
  How to fix:
    - Add @media (prefers-reduced-motion: reduce) query
    - Disable or reduce animation when preference is set
  WCAG 2.3.3: Animation from Interactions
  Found: File uses animations and transitions without properly disabling them in prefers-reduced-motion: redu...
]]>
      </system-out>
    </testcase>
    <testcase name="/verwaltung/sprache" classname="mat-a11y.accessibility" time="0"/>
    <testcase name="/verwaltung/gestaltung" classname="mat-a11y.accessibility" time="0"/>
    <testcase name="/konto/zugang" classname="mat-a11y.accessibility" time="0"/>
    <testcase name="/konto/konto-geloescht" classname="mat-a11y.accessibility" time="0">
      <system-out>
<![CDATA[
Warnings (not failing):
[prefersReducedMotion] Animation without prefers-reduced-motion support. Animations can cause vestibular disorders and motion sickness
  How to fix:
    - Add @media (prefers-reduced-motion: reduce) query
    - Disable or reduce animation when preference is set
  WCAG 2.3.3: Animation from Interactions
  Found: File uses animations and transitions without properly disabling them in prefers-reduced-motion: redu...
]]>
      </system-out>
    </testcase>
    <testcase name="/konto/abmelden" classname="mat-a11y.accessibility" time="0">
      <system-out>
<![CDATA[
Warnings (not failing):
[prefersReducedMotion] Animation without prefers-reduced-motion support. Animations can cause vestibular disorders and motion sickness
  How to fix:
    - Add @media (prefers-reduced-motion: reduce) query
    - Disable or reduce animation when preference is set
  WCAG 2.3.3: Animation from Interactions
  Found: File uses animations without properly disabling them in prefers-reduced-motion: reduce
]]>
      </system-out>
    </testcase>
    <testcase name="/konto/namen-einrichten" classname="mat-a11y.accessibility" time="0"/>
    <testcase name="/konto/sitzung-abgelaufen" classname="mat-a11y.accessibility" time="0">
      <system-out>
<![CDATA[
Warnings (not failing):
[prefersReducedMotion] Animation without prefers-reduced-motion support. Animations can cause vestibular disorders and motion sickness
  How to fix:
    - Add @media (prefers-reduced-motion: reduce) query
    - Disable or reduce animation when preference is set
  WCAG 2.3.3: Animation from Interactions
  Found: File uses animations and transitions without properly disabling them in prefers-reduced-motion: redu...
]]>
      </system-out>
    </testcase>
    <testcase name="/konfigurator/passwortschutz" classname="mat-a11y.accessibility" time="0"/>
  </testsuite>
</testsuites>