<?xml version="1.0" encoding="UTF-8"?>
<!-- Generated by mat-a11y - do not edit -->
<testsuites name="mat-a11y" tests="208" failures="127" errors="0" skipped="0" time="0" timestamp="2025-12-15T11:12:11.652Z">
  <testsuite name="mat-a11y" tests="208" failures="127" errors="0" skipped="0" time="0" timestamp="2025-12-15T11:12:11.652Z" hostname="localhost">

    <properties>
      <property name="tier" value="full"/>
      <property name="urlCount" value="303"/>
      <property name="failThreshold" value="90"/>
      <property name="passing" value="176"/>
      <property name="warning" value="127"/>
      <property name="failing" value="0"/>
    </properties>
    <testcase name="Locations" classname="mat-a11y.accessibility" time="0">
      <failure message="Accessibility score: 79% (threshold: 90%)" type="AccessibilityError">
<![CDATA[
[matIconAccessibility] mat-icon used as interactive without accessible label. Screen readers cannot announce icon-only buttons
  How to fix:
    - Add aria-label to parent button
    - Add visually-hidden text
    - Add aria-hidden=&quot;true&quot; if purely decorative
  WCAG 4.1.2: Name, Role, Value | See: https://material.angular.io/components/icon/overview#accessibility
  Found: &lt;mat-icon&gt;place&lt;/mat-icon&gt; (C:\Users\spani\OneDrive\Dokumente\GitHub\noro-wedding\src\app\pages\guest-view\locations\locations.html:1)
[matIconAccessibility] mat-icon used as interactive without accessible label. Screen readers cannot announce icon-only buttons
  How to fix:
    - Add aria-label to parent button
    - Add visually-hidden text
    - Add aria-hidden=&quot;true&quot; if purely decorative
  WCAG 4.1.2: Name, Role, Value | See: https://material.angular.io/components/icon/overview#accessibility
  Found: &lt;mat-icon&gt;directions_car&lt;/mat-icon&gt; (C:\Users\spani\OneDrive\Dokumente\GitHub\noro-wedding\src\app\pages\guest-view\locations\locations.html:1)
[matIconAccessibility] mat-icon used as interactive without accessible label. Screen readers cannot announce icon-only buttons
  How to fix:
    - Add aria-label to parent button
    - Add visually-hidden text
    - Add aria-hidden=&quot;true&quot; if purely decorative
  WCAG 4.1.2: Name, Role, Value | See: https://material.angular.io/components/icon/overview#accessibility
  Found: &lt;mat-icon&gt;schedule&lt;/mat-icon&gt; (C:\Users\spani\OneDrive\Dokumente\GitHub\noro-wedding\src\app\pages\guest-view\locations\locations.html:1)
[matIconAccessibility] mat-icon used as interactive without accessible label. Screen readers cannot announce icon-only buttons
  How to fix:
    - Add aria-label to parent button
    - Add visually-hidden text
    - Add aria-hidden=&quot;true&quot; if purely decorative
  WCAG 4.1.2: Name, Role, Value | See: https://material.angular.io/components/icon/overview#accessibility
  Found: &lt;mat-icon&gt;local_parking&lt;/mat-icon&gt; (C:\Users\spani\OneDrive\Dokumente\GitHub\noro-wedding\src\app\pages\guest-view\locations\locations.html:1)
[matIconAccessibility] mat-icon used as interactive without accessible label. Screen readers cannot announce icon-only buttons
  How to fix:
    - Add aria-label to parent button
    - Add visually-hidden text
    - Add aria-hidden=&quot;true&quot; if purely decorative
  WCAG 4.1.2: Name, Role, Value | See: https://material.angular.io/components/icon/overview#accessibility
  Found: &lt;mat-icon&gt;phone&lt;/mat-icon&gt; (C:\Users\spani\OneDrive\Dokumente\GitHub\noro-wedding\src\app\pages\guest-view\locations\locations.html:1)
[matIconAccessibility] mat-icon used as interactive without accessible label. Screen readers cannot announce icon-only buttons
  How to fix:
    - Add aria-label to parent button
    - Add visually-hidden text
    - Add aria-hidden=&quot;true&quot; if purely decorative
  WCAG 4.1.2: Name, Role, Value | See: https://material.angular.io/components/icon/overview#accessibility
  Found: &lt;mat-icon&gt;language&lt;/mat-icon&gt; (C:\Users\spani\OneDrive\Dokumente\GitHub\noro-wedding\src\app\pages\guest-view\locations\locations.html:1)
[matIconAccessibility] mat-icon used as interactive without accessible label. Screen readers cannot announce icon-only buttons
  How to fix:
    - Add aria-label to parent button
    - Add visually-hidden text
    - Add aria-hidden=&quot;true&quot; if purely decorative
  WCAG 4.1.2: Name, Role, Value | See: https://material.angular.io/components/icon/overview#accessibility
  Found: &lt;mat-icon&gt;map&lt;/mat-icon&gt; (C:\Users\spani\OneDrive\Dokumente\GitHub\noro-wedding\src\app\pages\guest-view\locations\locations.html:1)
[colorContrast] Low contrast 2.17:1 (needs 4.5:1). Low contrast text is difficult to read for users with low vision
  How to fix:
    - Increase contrast by darkening text or lightening background
    - Use contrast checker tool to verify
  WCAG 1.4.3: Contrast (Minimum) | See: https://webaim.org/resources/contrastchecker/
  Found: &quot;&amp;:hover&quot;: #ffffff on #ef97a9 (C:\Users\spani\OneDrive\Dokumente\GitHub\noro-wedding\src\app\pages\guest-view\locations\locations.scss:1)
[colorContrast] Low contrast 2.17:1 (needs 4.5:1). Low contrast text is difficult to read for users with low vision
  How to fix:
    - Increase contrast by darkening text or lightening background
    - Use contrast checker tool to verify
  WCAG 1.4.3: Contrast (Minimum) | See: https://webaim.org/resources/contrastchecker/
  Found: &quot;&amp;::before&quot;: #ef97a9 on #ffffff (c:\users\spani\onedrive\dokumente\github\noro-wedding\src\app\pages\guest-view\guest-view-global.scss:1)
[colorContrast] Low contrast 2.17:1 (needs 4.5:1). Low contrast text is difficult to read for users with low vision
  How to fix:
    - Increase contrast by darkening text or lightening background
    - Use contrast checker tool to verify
  WCAG 1.4.3: Contrast (Minimum) | See: https://webaim.org/resources/contrastchecker/
  Found: &quot;.detail-row&quot;: #ef97a9 on #ffffff (C:\Users\spani\OneDrive\Dokumente\GitHub\noro-wedding\src\app\pages\guest-view\locations\locations.scss:1)
... and 10 more issues
]]>
      </failure>
      <system-out>
<![CDATA[
      Full issue list for Locations:
[matIconAccessibility] mat-icon used as interactive without accessible label. Screen readers cannot announce icon-only buttons
  How to fix:
    - Add aria-label to parent button
    - Add visually-hidden text
    - Add aria-hidden=&quot;true&quot; if purely decorative
  WCAG 4.1.2: Name, Role, Value | See: https://material.angular.io/components/icon/overview#accessibility
  Found: &lt;mat-icon&gt;place&lt;/mat-icon&gt; (C:\Users\spani\OneDrive\Dokumente\GitHub\noro-wedding\src\app\pages\guest-view\locations\locations.html:1)
[matIconAccessibility] mat-icon used as interactive without accessible label. Screen readers cannot announce icon-only buttons
  How to fix:
    - Add aria-label to parent button
    - Add visually-hidden text
    - Add aria-hidden=&quot;true&quot; if purely decorative
  WCAG 4.1.2: Name, Role, Value | See: https://material.angular.io/components/icon/overview#accessibility
  Found: &lt;mat-icon&gt;directions_car&lt;/mat-icon&gt; (C:\Users\spani\OneDrive\Dokumente\GitHub\noro-wedding\src\app\pages\guest-view\locations\locations.html:1)
[matIconAccessibility] mat-icon used as interactive without accessible label. Screen readers cannot announce icon-only buttons
  How to fix:
    - Add aria-label to parent button
    - Add visually-hidden text
    - Add aria-hidden=&quot;true&quot; if purely decorative
  WCAG 4.1.2: Name, Role, Value | See: https://material.angular.io/components/icon/overview#accessibility
  Found: &lt;mat-icon&gt;schedule&lt;/mat-icon&gt; (C:\Users\spani\OneDrive\Dokumente\GitHub\noro-wedding\src\app\pages\guest-view\locations\locations.html:1)
[matIconAccessibility] mat-icon used as interactive without accessible label. Screen readers cannot announce icon-only buttons
  How to fix:
    - Add aria-label to parent button
    - Add visually-hidden text
    - Add aria-hidden=&quot;true&quot; if purely decorative
  WCAG 4.1.2: Name, Role, Value | See: https://material.angular.io/components/icon/overview#accessibility
  Found: &lt;mat-icon&gt;local_parking&lt;/mat-icon&gt; (C:\Users\spani\OneDrive\Dokumente\GitHub\noro-wedding\src\app\pages\guest-view\locations\locations.html:1)
[matIconAccessibility] mat-icon used as interactive without accessible label. Screen readers cannot announce icon-only buttons
  How to fix:
    - Add aria-label to parent button
    - Add visually-hidden text
    - Add aria-hidden=&quot;true&quot; if purely decorative
  WCAG 4.1.2: Name, Role, Value | See: https://material.angular.io/components/icon/overview#accessibility
  Found: &lt;mat-icon&gt;phone&lt;/mat-icon&gt; (C:\Users\spani\OneDrive\Dokumente\GitHub\noro-wedding\src\app\pages\guest-view\locations\locations.html:1)
[matIconAccessibility] mat-icon used as interactive without accessible label. Screen readers cannot announce icon-only buttons
  How to fix:
    - Add aria-label to parent button
    - Add visually-hidden text
    - Add aria-hidden=&quot;true&quot; if purely decorative
  WCAG 4.1.2: Name, Role, Value | See: https://material.angular.io/components/icon/overview#accessibility
  Found: &lt;mat-icon&gt;language&lt;/mat-icon&gt; (C:\Users\spani\OneDrive\Dokumente\GitHub\noro-wedding\src\app\pages\guest-view\locations\locations.html:1)
[matIconAccessibility] mat-icon used as interactive without accessible label. Screen readers cannot announce icon-only buttons
  How to fix:
    - Add aria-label to parent button
    - Add visually-hidden text
    - Add aria-hidden=&quot;true&quot; if purely decorative
  WCAG 4.1.2: Name, Role, Value | See: https://material.angular.io/components/icon/overview#accessibility
  Found: &lt;mat-icon&gt;map&lt;/mat-icon&gt; (C:\Users\spani\OneDrive\Dokumente\GitHub\noro-wedding\src\app\pages\guest-view\locations\locations.html:1)
[colorContrast] Low contrast 2.17:1 (needs 4.5:1). Low contrast text is difficult to read for users with low vision
  How to fix:
    - Increase contrast by darkening text or lightening background
    - Use contrast checker tool to verify
  WCAG 1.4.3: Contrast (Minimum) | See: https://webaim.org/resources/contrastchecker/
  Found: &quot;&amp;:hover&quot;: #ffffff on #ef97a9 (C:\Users\spani\OneDrive\Dokumente\GitHub\noro-wedding\src\app\pages\guest-view\locations\locations.scss:1)
[colorContrast] Low contrast 2.17:1 (needs 4.5:1). Low contrast text is difficult to read for users with low vision
  How to fix:
    - Increase contrast by darkening text or lightening background
    - Use contrast checker tool to verify
  WCAG 1.4.3: Contrast (Minimum) | See: https://webaim.org/resources/contrastchecker/
  Found: &quot;&amp;::before&quot;: #ef97a9 on #ffffff (c:\users\spani\onedrive\dokumente\github\noro-wedding\src\app\pages\guest-view\guest-view-global.scss:1)
[colorContrast] Low contrast 2.17:1 (needs 4.5:1). Low contrast text is difficult to read for users with low vision
  How to fix:
    - Increase contrast by darkening text or lightening background
    - Use contrast checker tool to verify
  WCAG 1.4.3: Contrast (Minimum) | See: https://webaim.org/resources/contrastchecker/
  Found: &quot;.detail-row&quot;: #ef97a9 on #ffffff (C:\Users\spani\OneDrive\Dokumente\GitHub\noro-wedding\src\app\pages\guest-view\locations\locations.scss:1)
[colorContrast] Low contrast 2.17:1 (needs 4.5:1). Low contrast text is difficult to read for users with low vision
  How to fix:
    - Increase contrast by darkening text or lightening background
    - Use contrast checker tool to verify
  WCAG 1.4.3: Contrast (Minimum) | See: https://webaim.org/resources/contrastchecker/
  Found: &quot;&amp;:hover&quot;: #ffffff on #ef97a9 (C:\Users\spani\OneDrive\Dokumente\GitHub\noro-wedding\src\app\pages\guest-view\locations\locations.scss:1)
[colorContrast] Low contrast 2.17:1 (needs 4.5:1). Low contrast text is difficult to read for users with low vision
  How to fix:
    - Increase contrast by darkening text or lightening background
    - Use contrast checker tool to verify
  WCAG 1.4.3: Contrast (Minimum) | See: https://webaim.org/resources/contrastchecker/
  Found: &quot;&amp;:hover&quot;: #ffffff on #ef97a9 (C:\Users\spani\OneDrive\Dokumente\GitHub\noro-wedding\src\app\pages\guest-view\locations\locations.scss:1)
[colorContrast] Low contrast 1.90:1 (needs 4.5:1). Low contrast text is difficult to read for users with low vision
  How to fix:
    - Increase contrast by darkening text or lightening background
    - Use contrast checker tool to verify
  WCAG 1.4.3: Contrast (Minimum) | See: https://webaim.org/resources/contrastchecker/
  Found: &quot;&amp;::after&quot;: #f2a8b7 on #ffffff (c:\users\spani\onedrive\dokumente\github\noro-wedding\src\app\pages\guest-view\guest-view-global.scss:1)
[colorContrast] Low contrast 1.90:1 (needs 4.5:1). Low contrast text is difficult to read for users with low vision
  How to fix:
    - Increase contrast by darkening text or lightening background
    - Use contrast checker tool to verify
  WCAG 1.4.3: Contrast (Minimum) | See: https://webaim.org/resources/contrastchecker/
  Found: &quot;.location-icon&quot;: #f2a8b7 on #ffffff (C:\Users\spani\OneDrive\Dokumente\GitHub\noro-wedding\src\app\pages\guest-view\locations\locations.scss:1)
[colorContrast] Low contrast 1.90:1 (needs 4.5:1). Low contrast text is difficult to read for users with low vision
  How to fix:
    - Increase contrast by darkening text or lightening background
    - Use contrast checker tool to verify
  WCAG 1.4.3: Contrast (Minimum) | See: https://webaim.org/resources/contrastchecker/
  Found: &quot;.detail-row&quot;: #f2a8b7 on #ffffff (C:\Users\spani\OneDrive\Dokumente\GitHub\noro-wedding\src\app\pages\guest-view\locations\locations.scss:1)
[colorContrast] Low contrast 1.90:1 (needs 4.5:1). Low contrast text is difficult to read for users with low vision
  How to fix:
    - Increase contrast by darkening text or lightening background
    - Use contrast checker tool to verify
  WCAG 1.4.3: Contrast (Minimum) | See: https://webaim.org/resources/contrastchecker/
  Found: &quot;&amp;:hover&quot;: #ffffff on #f2a8b7 (C:\Users\spani\OneDrive\Dokumente\GitHub\noro-wedding\src\app\pages\guest-view\locations\locations.scss:1)
[colorContrast] Low contrast 2.17:1 (needs 4.5:1). Low contrast text is difficult to read for users with low vision
  How to fix:
    - Increase contrast by darkening text or lightening background
    - Use contrast checker tool to verify
  WCAG 1.4.3: Contrast (Minimum) | See: https://webaim.org/resources/contrastchecker/
  Found: &quot;&amp;:hover&quot;: #ffffff on #ef97a9 (C:\Users\spani\OneDrive\Dokumente\GitHub\noro-wedding\src\app\pages\guest-view\locations\locations.scss:1)
[colorContrast] Low contrast 2.17:1 (needs 4.5:1). Low contrast text is difficult to read for users with low vision
  How to fix:
    - Increase contrast by darkening text or lightening background
    - Use contrast checker tool to verify
  WCAG 1.4.3: Contrast (Minimum) | See: https://webaim.org/resources/contrastchecker/
  Found: &quot;.detail-row&quot;: #ef97a9 on #ffffff (C:\Users\spani\OneDrive\Dokumente\GitHub\noro-wedding\src\app\pages\guest-view\locations\locations.scss:1)
[colorContrast] Low contrast 2.17:1 (needs 4.5:1). Low contrast text is difficult to read for users with low vision
  How to fix:
    - Increase contrast by darkening text or lightening background
    - Use contrast checker tool to verify
  WCAG 1.4.3: Contrast (Minimum) | See: https://webaim.org/resources/contrastchecker/
  Found: &quot;&amp;:hover&quot;: #ffffff on #ef97a9 (C:\Users\spani\OneDrive\Dokumente\GitHub\noro-wedding\src\app\pages\guest-view\locations\locations.scss:1)
[prefersReducedMotion] Animation without prefers-reduced-motion support. Animations can cause vestibular disorders and motion sickness
  How to fix:
    - Add @media (prefers-reduced-motion: reduce) query
    - Disable or reduce animation when preference is set
  WCAG 2.3.3: Animation from Interactions
  Found: File uses animations and transitions without properly disabling them in prefers-reduced-motion: redu... (C:\Users\spani\OneDrive\Dokumente\GitHub\noro-wedding\src\app\pages\guest-view\locations\locations.scss:1)
]]>
      </system-out>
    </testcase>
    <testcase name="Navigation" classname="mat-a11y.accessibility" time="0">
      <system-out>
<![CDATA[
Warnings (not failing):
[colorContrast] Low contrast 1.42:1 (needs 4.5:1). Low contrast text is difficult to read for users with low vision
  How to fix:
    - Increase contrast by darkening text or lightening background
    - Use contrast checker tool to verify
  WCAG 1.4.3: Contrast (Minimum) | See: https://webaim.org/resources/contrastchecker/
  Found: &quot;button&quot;: #4a1426 on rgba(0, 0, 0, 0.04)
[colorContrast] Low contrast 1.42:1 (needs 4.5:1). Low contrast text is difficult to read for users with low vision
  How to fix:
    - Increase contrast by darkening text or lightening background
    - Use contrast checker tool to verify
  WCAG 1.4.3: Contrast (Minimum) | See: https://webaim.org/resources/contrastchecker/
  Found: &quot;&amp;:hover&quot;: rgba(74, 20, 38, 0.7) on rgba(0, 0, 0, 0.04)
[colorContrast] Low contrast 1.42:1 (needs 4.5:1). Low contrast text is difficult to read for users with low vision
  How to fix:
    - Increase contrast by darkening text or lightening background
    - Use contrast checker tool to verify
  WCAG 1.4.3: Contrast (Minimum) | See: https://webaim.org/resources/contrastchecker/
  Found: &quot;&amp;:focus-visible&quot;: rgba(74, 20, 38, 0.7) on rgba(0, 0, 0, 0.04)
[colorContrast] Low contrast 1.42:1 (needs 4.5:1). Low contrast text is difficult to read for users with low vision
  How to fix:
    - Increase contrast by darkening text or lightening background
    - Use contrast checker tool to verify
  WCAG 1.4.3: Contrast (Minimum) | See: https://webaim.org/resources/contrastchecker/
  Found: &quot;&amp;:focus&quot;: rgba(74, 20, 38, 0.7) on rgba(0, 0, 0, 0.04)
[colorContrast] Low contrast 1.00:1 (needs 4.5:1). Low contrast text is difficult to read for users with low vision
  How to fix:
    - Increase contrast by darkening text or lightening background
    - Use contrast checker tool to verify
  WCAG 1.4.3: Contrast (Minimum) | See: https://webaim.org/resources/contrastchecker/
  Found: &quot;.activate-badge&quot;: rgba(0, 0, 0, 0.5) on rgba(0, 0, 0, 0.08)
[colorContrast] Low contrast 1.00:1 (needs 4.5:1). Low contrast text is difficult to read for users with low vision
  How to fix:
    - Increase contrast by darkening text or lightening background
    - Use contrast checker tool to verify
  WCAG 1.4.3: Contrast (Minimum) | See: https://webaim.org/resources/contrastchecker/
  Found: &quot;.upgrade-badge&quot;: #daa520 on rgba(218, 165, 32, 0.15)
[colorContrast] Low contrast 1.27:1 (needs 4.5:1). Low contrast text is difficult to read for users with low vision
  How to fix:
    - Increase contrast by darkening text or lightening background
    - Use contrast checker tool to verify
  WCAG 1.4.3: Contrast (Minimum) | See: https://webaim.org/resources/contrastchecker/
  Found: &quot;h3[mat-subheader].konfigurator-section&quot;: #5a8fc4 on rgba(107, 163, 212, 0.08)
[colorContrast] Low contrast 1.37:1 (needs 4.5:1). Low contrast text is difficult to read for users with low vision
  How to fix:
    - Increase contrast by darkening text or lightening background
    - Use contrast checker tool to verify
  WCAG 1.4.3: Contrast (Minimum) | See: https://webaim.org/resources/contrastchecker/
  Found: &quot;h3[mat-subheader].konfigurator-section&quot;: #d27d90 on rgba(239, 151, 169, 0.1)
[colorContrast] Low contrast 1.52:1 (needs 4.5:1). Low contrast text is difficult to read for users with low vision
  How to fix:
    - Increase contrast by darkening text or lightening background
    - Use contrast checker tool to verify
  WCAG 1.4.3: Contrast (Minimum) | See: https://webaim.org/resources/contrastchecker/
  Found: &quot;h3[mat-subheader].konfigurator-section&quot;: #3d8b40 on rgba(76, 175, 80, 0.08)
[colorContrast] Low contrast 1.33:1 (needs 4.5:1). Low contrast text is difficult to read for users with low vision
  How to fix:
    - Increase contrast by darkening text or lightening background
    - Use contrast checker tool to verify
  WCAG 1.4.3: Contrast (Minimum) | See: https://webaim.org/resources/contrastchecker/
  Found: &quot;h3[mat-subheader].konfigurator-section&quot;: #6d1e38 on rgba(74, 20, 38, 0.06)
[colorContrast] Low contrast 1.45:1 (needs 4.5:1). Low contrast text is difficult to read for users with low vision
  How to fix:
    - Increase contrast by darkening text or lightening background
    - Use contrast checker tool to verify
  WCAG 1.4.3: Contrast (Minimum) | See: https://webaim.org/resources/contrastchecker/
  Found: &quot;h3[mat-subheader].konfigurator-section&quot;: #b8860b on rgba(218, 165, 32, 0.1)
[colorContrast] Low contrast 1.25:1 (needs 4.5:1). Low contrast text is difficult to read for users with low vision
  How to fix:
    - Increase contrast by darkening text or lightening background
    - Use contrast checker tool to verify
  WCAG 1.4.3: Contrast (Minimum) | See: https://webaim.org/resources/contrastchecker/
  Found: &quot;h3[mat-subheader].konfigurator-section&quot;: #c06b7d on rgba(210, 125, 144, 0.08)
[colorContrast] Low contrast 1.24:1 (needs 4.5:1). Low contrast text is difficult to read for users with low vision
  How to fix:
    - Increase contrast by darkening text or lightening background
    - Use contrast checker tool to verify
  WCAG 1.4.3: Contrast (Minimum) | See: https://webaim.org/resources/contrastchecker/
  Found: &quot;a[mat-list-item]:focus-visible&quot;: #5a92c2 on rgba(107, 163, 212, 0.06)
[colorContrast] Low contrast 1.37:1 (needs 4.5:1). Low contrast text is difficult to read for users with low vision
  How to fix:
    - Increase contrast by darkening text or lightening background
    - Use contrast checker tool to verify
  WCAG 1.4.3: Contrast (Minimum) | See: https://webaim.org/resources/contrastchecker/
  Found: &quot;a[mat-list-item]:focus-visible&quot;: #d27d90 on rgba(239, 151, 169, 0.06)
[colorContrast] Low contrast 1.42:1 (needs 4.5:1). Low contrast text is difficult to read for users with low vision
  How to fix:
    - Increase contrast by darkening text or lightening background
    - Use contrast checker tool to verify
  WCAG 1.4.3: Contrast (Minimum) | See: https://webaim.org/resources/contrastchecker/
  Found: &quot;a[mat-list-item]:focus-visible&quot;: #3d9140 on rgba(76, 175, 80, 0.06)
[colorContrast] Low contrast 1.13:1 (needs 4.5:1). Low contrast text is difficult to read for users with low vision
  How to fix:
    - Increase contrast by darkening text or lightening background
    - Use contrast checker tool to verify
  WCAG 1.4.3: Contrast (Minimum) | See: https://webaim.org/resources/contrastchecker/
  Found: &quot;a[mat-list-item]:focus-visible&quot;: #380f1c on rgba(74, 20, 38, 0.05)
[colorContrast] Low contrast 1.45:1 (needs 4.5:1). Low contrast text is difficult to read for users with low vision
  How to fix:
    - Increase contrast by darkening text or lightening background
    - Use contrast checker tool to verify
  WCAG 1.4.3: Contrast (Minimum) | See: https://webaim.org/resources/contrastchecker/
  Found: &quot;a[mat-list-item]:focus-visible&quot;: #b8860b on rgba(218, 165, 32, 0.06)
[colorContrast] Low contrast 1.35:1 (needs 4.5:1). Low contrast text is difficult to read for users with low vision
  How to fix:
    - Increase contrast by darkening text or lightening background
    - Use contrast checker tool to verify
  WCAG 1.4.3: Contrast (Minimum) | See: https://webaim.org/resources/contrastchecker/
  Found: &quot;a[mat-list-item]:focus-visible&quot;: #7c3aed on rgba(139, 92, 246, 0.06)
[colorContrast] Highly transparent text is difficult to read. Low opacity reduces effective contrast
  How to fix:
    - Increase opacity to at least 0.55
    - Use solid colors for text
  WCAG 1.4.3: Contrast (Minimum)
  Found: &quot;rgba(0, 0, 0, 0.3)&quot;
[colorContrast] Highly transparent text is difficult to read. Low opacity reduces effective contrast
  How to fix:
    - Increase opacity to at least 0.55
    - Use solid colors for text
  WCAG 1.4.3: Contrast (Minimum)
  Found: &quot;rgba(0, 0, 0, 0.35)&quot;
]]>
      </system-out>
    </testcase>
    <testcase name="ChecklistProgress" classname="mat-a11y.accessibility" time="0">
      <failure message="Accessibility score: 81% (threshold: 90%)" type="AccessibilityError">
<![CDATA[
[colorContrast] Low contrast 2.17:1 (needs 4.5:1). Low contrast text is difficult to read for users with low vision
  How to fix:
    - Increase contrast by darkening text or lightening background
    - Use contrast checker tool to verify
  WCAG 1.4.3: Contrast (Minimum) | See: https://webaim.org/resources/contrastchecker/
  Found: &quot;.form-actions&quot;: #ffffff on #ef97a9 (C:\Users\spani\OneDrive\Dokumente\GitHub\noro-wedding\src\app\media\category-interactive-components\planer\checklist-progress.scss:1)
[colorContrast] Low contrast 2.17:1 (needs 4.5:1). Low contrast text is difficult to read for users with low vision
  How to fix:
    - Increase contrast by darkening text or lightening background
    - Use contrast checker tool to verify
  WCAG 1.4.3: Contrast (Minimum) | See: https://webaim.org/resources/contrastchecker/
  Found: &quot;button&quot;: #ef97a9 on #ffffff (C:\Users\spani\OneDrive\Dokumente\GitHub\noro-wedding\src\app\media\category-interactive-components\planer\checklist-progress.scss:1)
[colorContrast] Low contrast 2.17:1 (needs 4.5:1). Low contrast text is difficult to read for users with low vision
  How to fix:
    - Increase contrast by darkening text or lightening background
    - Use contrast checker tool to verify
  WCAG 1.4.3: Contrast (Minimum) | See: https://webaim.org/resources/contrastchecker/
  Found: &quot;button&quot;: #ef97a9 on #ffffff (C:\Users\spani\OneDrive\Dokumente\GitHub\noro-wedding\src\app\media\category-interactive-components\planer\checklist-progress.scss:1)
[colorContrast] Low contrast 1.00:1 (needs 4.5:1). Low contrast text is difficult to read for users with low vision
  How to fix:
    - Increase contrast by darkening text or lightening background
    - Use contrast checker tool to verify
  WCAG 1.4.3: Contrast (Minimum) | See: https://webaim.org/resources/contrastchecker/
  Found: &quot;.category-badge&quot;: #ef97a9 on rgba(239, 151, 169, 0.10) (c:\users\spani\onedrive\dokumente\github\noro-wedding\src\styles.scss:1)
[colorContrast] Contrast 4.36:1 only meets AA for large text (18pt+). Normal-sized text requires higher contrast ratio
  How to fix:
    - Increase contrast to 4.5:1 for normal text
    - Acceptable for text 18pt+ or 14pt bold
  WCAG 1.4.3: Contrast (Minimum)
  Found: &quot;&amp;.overdue&quot;: #d32f2f on #ffebee (C:\Users\spani\OneDrive\Dokumente\GitHub\noro-wedding\src\app\media\category-interactive-components\planer\checklist-progress.scss:1)
[colorContrast] Low contrast 2.17:1 (needs 4.5:1). Low contrast text is difficult to read for users with low vision
  How to fix:
    - Increase contrast by darkening text or lightening background
    - Use contrast checker tool to verify
  WCAG 1.4.3: Contrast (Minimum) | See: https://webaim.org/resources/contrastchecker/
  Found: &quot;.save-btn&quot;: #ffffff on #ef97a9 (c:\users\spani\onedrive\dokumente\github\noro-wedding\src\styles.scss:1)
[colorContrast] Low contrast 2.17:1 (needs 4.5:1). Low contrast text is difficult to read for users with low vision
  How to fix:
    - Increase contrast by darkening text or lightening background
    - Use contrast checker tool to verify
  WCAG 1.4.3: Contrast (Minimum) | See: https://webaim.org/resources/contrastchecker/
  Found: &quot;.add-first-btn&quot;: #ffffff on #ef97a9 (C:\Users\spani\OneDrive\Dokumente\GitHub\noro-wedding\src\app\media\category-interactive-components\planer\checklist-progress.scss:1)
[contentOverflow] Potential content overflow detected in &quot;.progress-bar&quot;. This may hide text content inaccessibly.
  How to fix:
    - Verify all content remains accessible when overflow is hidden
    - Consider using &quot;overflow: auto&quot; or &quot;overflow: scroll&quot; for scrollable content
    - Ensure responsive design allows content to reflow at 320px width
  WCAG 1.4.10: Reflow (c:\users\spani\onedrive\dokumente\github\noro-wedding\src\styles.scss:1)
[contentOverflow] Potential content overflow detected in &quot;.mini-progress-bar&quot;. This may hide text content inaccessibly.
  How to fix:
    - Verify all content remains accessible when overflow is hidden
    - Consider using &quot;overflow: auto&quot; or &quot;overflow: scroll&quot; for scrollable content
    - Ensure responsive design allows content to reflow at 320px width
  WCAG 1.4.10: Reflow (C:\Users\spani\OneDrive\Dokumente\GitHub\noro-wedding\src\app\media\category-interactive-components\planer\checklist-progress.scss:1)
[smallFontSize] Font size 11px may be too small. Small text is difficult for users with low vision
  How to fix:
    - Use minimum 16px (1rem) for body text
    - Use relative units (rem, em) for scalability
    - Test at 200% zoom
  WCAG 1.4.4: Resize Text
  Found: &quot;.category-group-title&quot; (C:\Users\spani\OneDrive\Dokumente\GitHub\noro-wedding\src\app\media\category-interactive-components\planer\checklist-progress.scss:1)
... and 4 more issues
]]>
      </failure>
      <system-out>
<![CDATA[
      Full issue list for ChecklistProgress:
[colorContrast] Low contrast 2.17:1 (needs 4.5:1). Low contrast text is difficult to read for users with low vision
  How to fix:
    - Increase contrast by darkening text or lightening background
    - Use contrast checker tool to verify
  WCAG 1.4.3: Contrast (Minimum) | See: https://webaim.org/resources/contrastchecker/
  Found: &quot;.form-actions&quot;: #ffffff on #ef97a9 (C:\Users\spani\OneDrive\Dokumente\GitHub\noro-wedding\src\app\media\category-interactive-components\planer\checklist-progress.scss:1)
[colorContrast] Low contrast 2.17:1 (needs 4.5:1). Low contrast text is difficult to read for users with low vision
  How to fix:
    - Increase contrast by darkening text or lightening background
    - Use contrast checker tool to verify
  WCAG 1.4.3: Contrast (Minimum) | See: https://webaim.org/resources/contrastchecker/
  Found: &quot;button&quot;: #ef97a9 on #ffffff (C:\Users\spani\OneDrive\Dokumente\GitHub\noro-wedding\src\app\media\category-interactive-components\planer\checklist-progress.scss:1)
[colorContrast] Low contrast 2.17:1 (needs 4.5:1). Low contrast text is difficult to read for users with low vision
  How to fix:
    - Increase contrast by darkening text or lightening background
    - Use contrast checker tool to verify
  WCAG 1.4.3: Contrast (Minimum) | See: https://webaim.org/resources/contrastchecker/
  Found: &quot;button&quot;: #ef97a9 on #ffffff (C:\Users\spani\OneDrive\Dokumente\GitHub\noro-wedding\src\app\media\category-interactive-components\planer\checklist-progress.scss:1)
[colorContrast] Low contrast 1.00:1 (needs 4.5:1). Low contrast text is difficult to read for users with low vision
  How to fix:
    - Increase contrast by darkening text or lightening background
    - Use contrast checker tool to verify
  WCAG 1.4.3: Contrast (Minimum) | See: https://webaim.org/resources/contrastchecker/
  Found: &quot;.category-badge&quot;: #ef97a9 on rgba(239, 151, 169, 0.10) (c:\users\spani\onedrive\dokumente\github\noro-wedding\src\styles.scss:1)
[colorContrast] Contrast 4.36:1 only meets AA for large text (18pt+). Normal-sized text requires higher contrast ratio
  How to fix:
    - Increase contrast to 4.5:1 for normal text
    - Acceptable for text 18pt+ or 14pt bold
  WCAG 1.4.3: Contrast (Minimum)
  Found: &quot;&amp;.overdue&quot;: #d32f2f on #ffebee (C:\Users\spani\OneDrive\Dokumente\GitHub\noro-wedding\src\app\media\category-interactive-components\planer\checklist-progress.scss:1)
[colorContrast] Low contrast 2.17:1 (needs 4.5:1). Low contrast text is difficult to read for users with low vision
  How to fix:
    - Increase contrast by darkening text or lightening background
    - Use contrast checker tool to verify
  WCAG 1.4.3: Contrast (Minimum) | See: https://webaim.org/resources/contrastchecker/
  Found: &quot;.save-btn&quot;: #ffffff on #ef97a9 (c:\users\spani\onedrive\dokumente\github\noro-wedding\src\styles.scss:1)
[colorContrast] Low contrast 2.17:1 (needs 4.5:1). Low contrast text is difficult to read for users with low vision
  How to fix:
    - Increase contrast by darkening text or lightening background
    - Use contrast checker tool to verify
  WCAG 1.4.3: Contrast (Minimum) | See: https://webaim.org/resources/contrastchecker/
  Found: &quot;.add-first-btn&quot;: #ffffff on #ef97a9 (C:\Users\spani\OneDrive\Dokumente\GitHub\noro-wedding\src\app\media\category-interactive-components\planer\checklist-progress.scss:1)
[contentOverflow] Potential content overflow detected in &quot;.progress-bar&quot;. This may hide text content inaccessibly.
  How to fix:
    - Verify all content remains accessible when overflow is hidden
    - Consider using &quot;overflow: auto&quot; or &quot;overflow: scroll&quot; for scrollable content
    - Ensure responsive design allows content to reflow at 320px width
  WCAG 1.4.10: Reflow (c:\users\spani\onedrive\dokumente\github\noro-wedding\src\styles.scss:1)
[contentOverflow] Potential content overflow detected in &quot;.mini-progress-bar&quot;. This may hide text content inaccessibly.
  How to fix:
    - Verify all content remains accessible when overflow is hidden
    - Consider using &quot;overflow: auto&quot; or &quot;overflow: scroll&quot; for scrollable content
    - Ensure responsive design allows content to reflow at 320px width
  WCAG 1.4.10: Reflow (C:\Users\spani\OneDrive\Dokumente\GitHub\noro-wedding\src\app\media\category-interactive-components\planer\checklist-progress.scss:1)
[smallFontSize] Font size 11px may be too small. Small text is difficult for users with low vision
  How to fix:
    - Use minimum 16px (1rem) for body text
    - Use relative units (rem, em) for scalability
    - Test at 200% zoom
  WCAG 1.4.4: Resize Text
  Found: &quot;.category-group-title&quot; (C:\Users\spani\OneDrive\Dokumente\GitHub\noro-wedding\src\app\media\category-interactive-components\planer\checklist-progress.scss:1)
[smallFontSize] Font size 10px may be too small. Small text is difficult for users with low vision
  How to fix:
    - Use minimum 16px (1rem) for body text
    - Use relative units (rem, em) for scalability
    - Test at 200% zoom
  WCAG 1.4.4: Resize Text
  Found: &quot;.category-count&quot; (C:\Users\spani\OneDrive\Dokumente\GitHub\noro-wedding\src\app\media\category-interactive-components\planer\checklist-progress.scss:1)
[smallFontSize] Font size 10px may be too small. Small text is difficult for users with low vision
  How to fix:
    - Use minimum 16px (1rem) for body text
    - Use relative units (rem, em) for scalability
    - Test at 200% zoom
  WCAG 1.4.4: Resize Text
  Found: &quot;.milestone-meta&quot; (C:\Users\spani\OneDrive\Dokumente\GitHub\noro-wedding\src\app\media\category-interactive-components\planer\checklist-progress.scss:1)
[touchTargets] Touch target below 24px minimum (WCAG AA). Users with motor impairments cannot reliably activate
  How to fix:
    - Ensure minimum 24x24px clickable area (44x44px recommended)
  WCAG 2.5.5: Target Size | See: https://www.w3.org/WAI/WCAG21/Understanding/target-size
  Found: &lt;button&gt; (height: 14px effective) (c:\users\spani\onedrive\dokumente\github\noro-wedding\src\styles.scss:1)
[touchTargets] Touch target below 24px minimum (WCAG AA). Users with motor impairments cannot reliably activate
  How to fix:
    - Ensure minimum 24x24px clickable area (44x44px recommended)
  WCAG 2.5.5: Target Size | See: https://www.w3.org/WAI/WCAG21/Understanding/target-size
  Found: &lt;button&gt; (width: 14px effective) (c:\users\spani\onedrive\dokumente\github\noro-wedding\src\styles.scss:1)
]]>
      </system-out>
    </testcase>
    <testcase name="GuideIndexComponent" classname="mat-a11y.accessibility" time="0">
      <failure message="Accessibility score: 73% (threshold: 90%)" type="AccessibilityError">
<![CDATA[
[duplicateIdAria] aria-controls references non-existent id &quot;hidden-categories&quot;. Broken ARIA reference provides no accessibility benefit
  How to fix:
    - Add element with matching id
    - Correct the id reference
    - Remove the broken reference
  WCAG 4.1.1: Parsing
  Found: aria-controls=&quot;hidden-categories&quot; (C:\Users\spani\OneDrive\Dokumente\GitHub\noro-wedding\src\app\media\guide-index\guide-index.html:1)
[duplicateIdAria] aria-controls references non-existent id &quot;hidden-categories&quot;. Broken ARIA reference provides no accessibility benefit
  How to fix:
    - Add element with matching id
    - Correct the id reference
    - Remove the broken reference
  WCAG 4.1.1: Parsing
  Found: aria-controls=&quot;hidden-categories&quot; (C:\Users\spani\OneDrive\Dokumente\GitHub\noro-wedding\src\app\media\guide-index\guide-index.html:1)
[colorContrast] Low contrast 1.91:1 (needs 4.5:1). Low contrast text is difficult to read for users with low vision
  How to fix:
    - Increase contrast by darkening text or lightening background
    - Use contrast checker tool to verify
  WCAG 1.4.3: Contrast (Minimum) | See: https://webaim.org/resources/contrastchecker/
  Found: &quot;&amp;:hover&quot;: #ef97a9 on #ffecee (C:\Users\spani\OneDrive\Dokumente\GitHub\noro-wedding\src\app\media\guide-index\guide-index.scss:1)
[colorContrast] Low contrast 2.17:1 (needs 4.5:1). Low contrast text is difficult to read for users with low vision
  How to fix:
    - Increase contrast by darkening text or lightening background
    - Use contrast checker tool to verify
  WCAG 1.4.3: Contrast (Minimum) | See: https://webaim.org/resources/contrastchecker/
  Found: &quot;&amp;.active&quot;: #ffffff on #ef97a9 (C:\Users\spani\OneDrive\Dokumente\GitHub\noro-wedding\src\app\media\guide-index\guide-index.scss:1)
[colorContrast] Low contrast 2.17:1 (needs 4.5:1). Low contrast text is difficult to read for users with low vision
  How to fix:
    - Increase contrast by darkening text or lightening background
    - Use contrast checker tool to verify
  WCAG 1.4.3: Contrast (Minimum) | See: https://webaim.org/resources/contrastchecker/
  Found: &quot;.featured-icon&quot;: #ffffff on #ef97a9 (C:\Users\spani\OneDrive\Dokumente\GitHub\noro-wedding\src\app\media\guide-index\guide-index.scss:1)
[colorContrast] Low contrast 1.00:1 (needs 4.5:1). Low contrast text is difficult to read for users with low vision
  How to fix:
    - Increase contrast by darkening text or lightening background
    - Use contrast checker tool to verify
  WCAG 1.4.3: Contrast (Minimum) | See: https://webaim.org/resources/contrastchecker/
  Found: &quot;.featured-icon&quot;: rgba(239, 151, 169, 0.70) on rgba(239, 151, 169, 0.15) (C:\Users\spani\OneDrive\Dokumente\GitHub\noro-wedding\src\app\media\guide-index\guide-index.scss:1)
[colorContrast] Low contrast 2.17:1 (needs 4.5:1). Low contrast text is difficult to read for users with low vision
  How to fix:
    - Increase contrast by darkening text or lightening background
    - Use contrast checker tool to verify
  WCAG 1.4.3: Contrast (Minimum) | See: https://webaim.org/resources/contrastchecker/
  Found: &quot;.coming-soon-badge&quot;: #ffffff on #ef97a9 (C:\Users\spani\OneDrive\Dokumente\GitHub\noro-wedding\src\app\media\guide-index\guide-index.scss:1)
[colorContrast] Low contrast 2.17:1 (needs 4.5:1). Low contrast text is difficult to read for users with low vision
  How to fix:
    - Increase contrast by darkening text or lightening background
    - Use contrast checker tool to verify
  WCAG 1.4.3: Contrast (Minimum) | See: https://webaim.org/resources/contrastchecker/
  Found: &quot;.card-icon&quot;: #ffffff on #ef97a9 (C:\Users\spani\OneDrive\Dokumente\GitHub\noro-wedding\src\app\media\guide-index\guide-index.scss:1)
[contentOverflow] Content may be hidden without visual indication in &quot;Visually hidden utility for screen reader only content
.visually-hidden&quot;. Text content may be cut off and inaccessible to users.
  How to fix:
    - Add &quot;text-overflow: ellipsis&quot; to show truncation indicator (...)
    - Or remove &quot;overflow: hidden&quot; to allow text to wrap naturally
    - Or ensure content is accessible through other means (tooltips, expand buttons)
  WCAG 1.4.10: Reflow (C:\Users\spani\OneDrive\Dokumente\GitHub\noro-wedding\src\app\media\guide-index\guide-index.scss:1)
[contentOverflow] Potential content overflow detected in &quot;h3&quot;. This may hide text content inaccessibly.
  How to fix:
    - Verify all content remains accessible when overflow is hidden
    - Consider using &quot;overflow: auto&quot; or &quot;overflow: scroll&quot; for scrollable content
    - Ensure responsive design allows content to reflow at 320px width
  WCAG 1.4.10: Reflow (C:\Users\spani\OneDrive\Dokumente\GitHub\noro-wedding\src\app\media\guide-index\guide-index.scss:1)
... and 5 more issues
]]>
      </failure>
      <system-out>
<![CDATA[
      Full issue list for GuideIndexComponent:
[duplicateIdAria] aria-controls references non-existent id &quot;hidden-categories&quot;. Broken ARIA reference provides no accessibility benefit
  How to fix:
    - Add element with matching id
    - Correct the id reference
    - Remove the broken reference
  WCAG 4.1.1: Parsing
  Found: aria-controls=&quot;hidden-categories&quot; (C:\Users\spani\OneDrive\Dokumente\GitHub\noro-wedding\src\app\media\guide-index\guide-index.html:1)
[duplicateIdAria] aria-controls references non-existent id &quot;hidden-categories&quot;. Broken ARIA reference provides no accessibility benefit
  How to fix:
    - Add element with matching id
    - Correct the id reference
    - Remove the broken reference
  WCAG 4.1.1: Parsing
  Found: aria-controls=&quot;hidden-categories&quot; (C:\Users\spani\OneDrive\Dokumente\GitHub\noro-wedding\src\app\media\guide-index\guide-index.html:1)
[colorContrast] Low contrast 1.91:1 (needs 4.5:1). Low contrast text is difficult to read for users with low vision
  How to fix:
    - Increase contrast by darkening text or lightening background
    - Use contrast checker tool to verify
  WCAG 1.4.3: Contrast (Minimum) | See: https://webaim.org/resources/contrastchecker/
  Found: &quot;&amp;:hover&quot;: #ef97a9 on #ffecee (C:\Users\spani\OneDrive\Dokumente\GitHub\noro-wedding\src\app\media\guide-index\guide-index.scss:1)
[colorContrast] Low contrast 2.17:1 (needs 4.5:1). Low contrast text is difficult to read for users with low vision
  How to fix:
    - Increase contrast by darkening text or lightening background
    - Use contrast checker tool to verify
  WCAG 1.4.3: Contrast (Minimum) | See: https://webaim.org/resources/contrastchecker/
  Found: &quot;&amp;.active&quot;: #ffffff on #ef97a9 (C:\Users\spani\OneDrive\Dokumente\GitHub\noro-wedding\src\app\media\guide-index\guide-index.scss:1)
[colorContrast] Low contrast 2.17:1 (needs 4.5:1). Low contrast text is difficult to read for users with low vision
  How to fix:
    - Increase contrast by darkening text or lightening background
    - Use contrast checker tool to verify
  WCAG 1.4.3: Contrast (Minimum) | See: https://webaim.org/resources/contrastchecker/
  Found: &quot;.featured-icon&quot;: #ffffff on #ef97a9 (C:\Users\spani\OneDrive\Dokumente\GitHub\noro-wedding\src\app\media\guide-index\guide-index.scss:1)
[colorContrast] Low contrast 1.00:1 (needs 4.5:1). Low contrast text is difficult to read for users with low vision
  How to fix:
    - Increase contrast by darkening text or lightening background
    - Use contrast checker tool to verify
  WCAG 1.4.3: Contrast (Minimum) | See: https://webaim.org/resources/contrastchecker/
  Found: &quot;.featured-icon&quot;: rgba(239, 151, 169, 0.70) on rgba(239, 151, 169, 0.15) (C:\Users\spani\OneDrive\Dokumente\GitHub\noro-wedding\src\app\media\guide-index\guide-index.scss:1)
[colorContrast] Low contrast 2.17:1 (needs 4.5:1). Low contrast text is difficult to read for users with low vision
  How to fix:
    - Increase contrast by darkening text or lightening background
    - Use contrast checker tool to verify
  WCAG 1.4.3: Contrast (Minimum) | See: https://webaim.org/resources/contrastchecker/
  Found: &quot;.coming-soon-badge&quot;: #ffffff on #ef97a9 (C:\Users\spani\OneDrive\Dokumente\GitHub\noro-wedding\src\app\media\guide-index\guide-index.scss:1)
[colorContrast] Low contrast 2.17:1 (needs 4.5:1). Low contrast text is difficult to read for users with low vision
  How to fix:
    - Increase contrast by darkening text or lightening background
    - Use contrast checker tool to verify
  WCAG 1.4.3: Contrast (Minimum) | See: https://webaim.org/resources/contrastchecker/
  Found: &quot;.card-icon&quot;: #ffffff on #ef97a9 (C:\Users\spani\OneDrive\Dokumente\GitHub\noro-wedding\src\app\media\guide-index\guide-index.scss:1)
[contentOverflow] Content may be hidden without visual indication in &quot;Visually hidden utility for screen reader only content
.visually-hidden&quot;. Text content may be cut off and inaccessible to users.
  How to fix:
    - Add &quot;text-overflow: ellipsis&quot; to show truncation indicator (...)
    - Or remove &quot;overflow: hidden&quot; to allow text to wrap naturally
    - Or ensure content is accessible through other means (tooltips, expand buttons)
  WCAG 1.4.10: Reflow (C:\Users\spani\OneDrive\Dokumente\GitHub\noro-wedding\src\app\media\guide-index\guide-index.scss:1)
[contentOverflow] Potential content overflow detected in &quot;h3&quot;. This may hide text content inaccessibly.
  How to fix:
    - Verify all content remains accessible when overflow is hidden
    - Consider using &quot;overflow: auto&quot; or &quot;overflow: scroll&quot; for scrollable content
    - Ensure responsive design allows content to reflow at 320px width
  WCAG 1.4.10: Reflow (C:\Users\spani\OneDrive\Dokumente\GitHub\noro-wedding\src\app\media\guide-index\guide-index.scss:1)
[contentOverflow] Potential content overflow detected in &quot;p&quot;. This may hide text content inaccessibly.
  How to fix:
    - Verify all content remains accessible when overflow is hidden
    - Consider using &quot;overflow: auto&quot; or &quot;overflow: scroll&quot; for scrollable content
    - Ensure responsive design allows content to reflow at 320px width
  WCAG 1.4.10: Reflow (C:\Users\spani\OneDrive\Dokumente\GitHub\noro-wedding\src\app\media\guide-index\guide-index.scss:1)
[focusWithinSupport] Complex interactive containers without :focus-within. Keyboard users may not see clear visual indication when navigating nested focusable elements.
  How to fix:
    - Add :focus-within pseudo-class to container selectors
    - Or ensure child elements (a, button, input) have visible :focus styles
    - Apply visual styles (border, background, shadow) when children are focused
    - Example: .container:focus-within { outline: 2px solid blue; }
    - Test with keyboard navigation to ensure focus is always visible
  WCAG 2.4.7: Focus Visible
  Found: Complex containers (.card-arrow) (C:\Users\spani\OneDrive\Dokumente\GitHub\noro-wedding\src\app\media\guide-index\guide-index.scss:1)
[prefersReducedMotion] Animation without prefers-reduced-motion support. Animations can cause vestibular disorders and motion sickness
  How to fix:
    - Add @media (prefers-reduced-motion: reduce) query
    - Disable or reduce animation when preference is set
  WCAG 2.3.3: Animation from Interactions
  Found: File uses transitions without properly disabling them in prefers-reduced-motion: reduce (C:\Users\spani\OneDrive\Dokumente\GitHub\noro-wedding\src\app\media\guide-index\guide-index.scss:1)
[smallFontSize] Font size 11px may be too small. Small text is difficult for users with low vision
  How to fix:
    - Use minimum 16px (1rem) for body text
    - Use relative units (rem, em) for scalability
    - Test at 200% zoom
  WCAG 1.4.4: Resize Text
  Found: &quot;.chip-count&quot; (C:\Users\spani\OneDrive\Dokumente\GitHub\noro-wedding\src\app\media\guide-index\guide-index.scss:1)
[smallFontSize] Font size 11px may be too small. Small text is difficult for users with low vision
  How to fix:
    - Use minimum 16px (1rem) for body text
    - Use relative units (rem, em) for scalability
    - Test at 200% zoom
  WCAG 1.4.4: Resize Text
  Found: &quot;.coming-soon-badge&quot; (C:\Users\spani\OneDrive\Dokumente\GitHub\noro-wedding\src\app\media\guide-index\guide-index.scss:1)
]]>
      </system-out>
    </testcase>
    <testcase name="Upgrade" classname="mat-a11y.accessibility" time="0">
      <failure message="Accessibility score: 81% (threshold: 90%)" type="AccessibilityError">
<![CDATA[
[colorContrast] Low contrast 2.78:1 (needs 4.5:1). Low contrast text is difficult to read for users with low vision
  How to fix:
    - Increase contrast by darkening text or lightening background
    - Use contrast checker tool to verify
  WCAG 1.4.3: Contrast (Minimum) | See: https://webaim.org/resources/contrastchecker/
  Found: &quot;.current-ribbon&quot;: white on #4caf50 (C:\Users\spani\OneDrive\Dokumente\GitHub\noro-wedding\src\app\pages\administration\upgrade\upgrade.scss:1)
[colorContrast] Contrast 3.30:1 only meets AA for large text (18pt+). Normal-sized text requires higher contrast ratio
  How to fix:
    - Increase contrast to 4.5:1 for normal text
    - Acceptable for text 18pt+ or 14pt bold
  WCAG 1.4.3: Contrast (Minimum)
  Found: &quot;.yearly-savings-badge&quot;: #ffffff on #43a047 (C:\Users\spani\OneDrive\Dokumente\GitHub\noro-wedding\src\app\pages\administration\upgrade\upgrade.scss:1)
[colorContrast] Contrast 3.19:1 only meets AA for large text (18pt+). Normal-sized text requires higher contrast ratio
  How to fix:
    - Increase contrast to 4.5:1 for normal text
    - Acceptable for text 18pt+ or 14pt bold
  WCAG 1.4.3: Contrast (Minimum)
  Found: &quot;.discount-badge&quot;: white on #ff5252 (C:\Users\spani\OneDrive\Dokumente\GitHub\noro-wedding\src\app\pages\administration\upgrade\upgrade.scss:1)
[colorContrast] Low contrast 2.68:1 (needs 4.5:1). Low contrast text is difficult to read for users with low vision
  How to fix:
    - Increase contrast by darkening text or lightening background
    - Use contrast checker tool to verify
  WCAG 1.4.3: Contrast (Minimum) | See: https://webaim.org/resources/contrastchecker/
  Found: &quot;.downgrade-btn&quot;: #ffffff on #9e9e9e (C:\Users\spani\OneDrive\Dokumente\GitHub\noro-wedding\src\app\pages\administration\upgrade\upgrade.scss:1)
[colorContrast] Low contrast 1.19:1 (needs 4.5:1). Low contrast text is difficult to read for users with low vision
  How to fix:
    - Increase contrast by darkening text or lightening background
    - Use contrast checker tool to verify
  WCAG 1.4.3: Contrast (Minimum) | See: https://webaim.org/resources/contrastchecker/
  Found: &quot;.current-btn&quot;: #43a047 on rgba(76, 175, 80, 0.08) (C:\Users\spani\OneDrive\Dokumente\GitHub\noro-wedding\src\app\pages\administration\upgrade\upgrade.scss:1)
[colorContrast] Low contrast 1.00:1 (needs 4.5:1). Low contrast text is difficult to read for users with low vision
  How to fix:
    - Increase contrast by darkening text or lightening background
    - Use contrast checker tool to verify
  WCAG 1.4.3: Contrast (Minimum) | See: https://webaim.org/resources/contrastchecker/
  Found: &quot;.included-btn&quot;: #9c27b0 on rgba(156, 39, 176, 0.06) (C:\Users\spani\OneDrive\Dokumente\GitHub\noro-wedding\src\app\pages\administration\upgrade\upgrade.scss:1)
[contentOverflow] Potential content overflow detected in &quot;.celebration-overlay&quot;. This may hide text content inaccessibly.
  How to fix:
    - Verify all content remains accessible when overflow is hidden
    - Consider using &quot;overflow: auto&quot; or &quot;overflow: scroll&quot; for scrollable content
    - Ensure responsive design allows content to reflow at 320px width
  WCAG 1.4.10: Reflow (C:\Users\spani\OneDrive\Dokumente\GitHub\noro-wedding\src\app\pages\administration\upgrade\upgrade.scss:1)
[contentOverflow] Potential content overflow detected in &quot;confetti
.sparkles&quot;. This may hide text content inaccessibly.
  How to fix:
    - Verify all content remains accessible when overflow is hidden
    - Consider using &quot;overflow: auto&quot; or &quot;overflow: scroll&quot; for scrollable content
    - Ensure responsive design allows content to reflow at 320px width
  WCAG 1.4.10: Reflow (C:\Users\spani\OneDrive\Dokumente\GitHub\noro-wedding\src\app\pages\administration\upgrade\upgrade.scss:1)
[prefersReducedMotion] Animation without prefers-reduced-motion support. Animations can cause vestibular disorders and motion sickness
  How to fix:
    - Add @media (prefers-reduced-motion: reduce) query
    - Disable or reduce animation when preference is set
  WCAG 2.3.3: Animation from Interactions
  Found: File uses animations and transitions without properly disabling them in prefers-reduced-motion: redu... (C:\Users\spani\OneDrive\Dokumente\GitHub\noro-wedding\src\app\pages\administration\upgrade\upgrade.scss:1)
[smallFontSize] Font size 0.7rem (approximately 11.2px) may be too small. Small text is difficult for users with low vision
  How to fix:
    - Use minimum 16px (1rem) for body text
    - Use relative units (rem, em) for scalability
    - Test at 200% zoom
  WCAG 1.4.4: Resize Text
  Found: &quot;span&quot; (C:\Users\spani\OneDrive\Dokumente\GitHub\noro-wedding\src\app\pages\administration\upgrade\upgrade.scss:1)
... and 2 more issues
]]>
      </failure>
      <system-out>
<![CDATA[
      Full issue list for Upgrade:
[colorContrast] Low contrast 2.78:1 (needs 4.5:1). Low contrast text is difficult to read for users with low vision
  How to fix:
    - Increase contrast by darkening text or lightening background
    - Use contrast checker tool to verify
  WCAG 1.4.3: Contrast (Minimum) | See: https://webaim.org/resources/contrastchecker/
  Found: &quot;.current-ribbon&quot;: white on #4caf50 (C:\Users\spani\OneDrive\Dokumente\GitHub\noro-wedding\src\app\pages\administration\upgrade\upgrade.scss:1)
[colorContrast] Contrast 3.30:1 only meets AA for large text (18pt+). Normal-sized text requires higher contrast ratio
  How to fix:
    - Increase contrast to 4.5:1 for normal text
    - Acceptable for text 18pt+ or 14pt bold
  WCAG 1.4.3: Contrast (Minimum)
  Found: &quot;.yearly-savings-badge&quot;: #ffffff on #43a047 (C:\Users\spani\OneDrive\Dokumente\GitHub\noro-wedding\src\app\pages\administration\upgrade\upgrade.scss:1)
[colorContrast] Contrast 3.19:1 only meets AA for large text (18pt+). Normal-sized text requires higher contrast ratio
  How to fix:
    - Increase contrast to 4.5:1 for normal text
    - Acceptable for text 18pt+ or 14pt bold
  WCAG 1.4.3: Contrast (Minimum)
  Found: &quot;.discount-badge&quot;: white on #ff5252 (C:\Users\spani\OneDrive\Dokumente\GitHub\noro-wedding\src\app\pages\administration\upgrade\upgrade.scss:1)
[colorContrast] Low contrast 2.68:1 (needs 4.5:1). Low contrast text is difficult to read for users with low vision
  How to fix:
    - Increase contrast by darkening text or lightening background
    - Use contrast checker tool to verify
  WCAG 1.4.3: Contrast (Minimum) | See: https://webaim.org/resources/contrastchecker/
  Found: &quot;.downgrade-btn&quot;: #ffffff on #9e9e9e (C:\Users\spani\OneDrive\Dokumente\GitHub\noro-wedding\src\app\pages\administration\upgrade\upgrade.scss:1)
[colorContrast] Low contrast 1.19:1 (needs 4.5:1). Low contrast text is difficult to read for users with low vision
  How to fix:
    - Increase contrast by darkening text or lightening background
    - Use contrast checker tool to verify
  WCAG 1.4.3: Contrast (Minimum) | See: https://webaim.org/resources/contrastchecker/
  Found: &quot;.current-btn&quot;: #43a047 on rgba(76, 175, 80, 0.08) (C:\Users\spani\OneDrive\Dokumente\GitHub\noro-wedding\src\app\pages\administration\upgrade\upgrade.scss:1)
[colorContrast] Low contrast 1.00:1 (needs 4.5:1). Low contrast text is difficult to read for users with low vision
  How to fix:
    - Increase contrast by darkening text or lightening background
    - Use contrast checker tool to verify
  WCAG 1.4.3: Contrast (Minimum) | See: https://webaim.org/resources/contrastchecker/
  Found: &quot;.included-btn&quot;: #9c27b0 on rgba(156, 39, 176, 0.06) (C:\Users\spani\OneDrive\Dokumente\GitHub\noro-wedding\src\app\pages\administration\upgrade\upgrade.scss:1)
[contentOverflow] Potential content overflow detected in &quot;.celebration-overlay&quot;. This may hide text content inaccessibly.
  How to fix:
    - Verify all content remains accessible when overflow is hidden
    - Consider using &quot;overflow: auto&quot; or &quot;overflow: scroll&quot; for scrollable content
    - Ensure responsive design allows content to reflow at 320px width
  WCAG 1.4.10: Reflow (C:\Users\spani\OneDrive\Dokumente\GitHub\noro-wedding\src\app\pages\administration\upgrade\upgrade.scss:1)
[contentOverflow] Potential content overflow detected in &quot;confetti
.sparkles&quot;. This may hide text content inaccessibly.
  How to fix:
    - Verify all content remains accessible when overflow is hidden
    - Consider using &quot;overflow: auto&quot; or &quot;overflow: scroll&quot; for scrollable content
    - Ensure responsive design allows content to reflow at 320px width
  WCAG 1.4.10: Reflow (C:\Users\spani\OneDrive\Dokumente\GitHub\noro-wedding\src\app\pages\administration\upgrade\upgrade.scss:1)
[prefersReducedMotion] Animation without prefers-reduced-motion support. Animations can cause vestibular disorders and motion sickness
  How to fix:
    - Add @media (prefers-reduced-motion: reduce) query
    - Disable or reduce animation when preference is set
  WCAG 2.3.3: Animation from Interactions
  Found: File uses animations and transitions without properly disabling them in prefers-reduced-motion: redu... (C:\Users\spani\OneDrive\Dokumente\GitHub\noro-wedding\src\app\pages\administration\upgrade\upgrade.scss:1)
[smallFontSize] Font size 0.7rem (approximately 11.2px) may be too small. Small text is difficult for users with low vision
  How to fix:
    - Use minimum 16px (1rem) for body text
    - Use relative units (rem, em) for scalability
    - Test at 200% zoom
  WCAG 1.4.4: Resize Text
  Found: &quot;span&quot; (C:\Users\spani\OneDrive\Dokumente\GitHub\noro-wedding\src\app\pages\administration\upgrade\upgrade.scss:1)
[smallFontSize] Font size 0.7rem (approximately 11.2px) may be too small. Small text is difficult for users with low vision
  How to fix:
    - Use minimum 16px (1rem) for body text
    - Use relative units (rem, em) for scalability
    - Test at 200% zoom
  WCAG 1.4.4: Resize Text
  Found: &quot;Legal Footnotes under cards .legal-footnotes&quot; (C:\Users\spani\OneDrive\Dokumente\GitHub\noro-wedding\src\app\pages\administration\upgrade\upgrade.scss:1)
[smallFontSize] Font size 0.6rem (approximately 9.6px) may be too small. Small text is difficult for users with low vision
  How to fix:
    - Use minimum 16px (1rem) for body text
    - Use relative units (rem, em) for scalability
    - Test at 200% zoom
  WCAG 1.4.4: Resize Text
  Found: &quot;sup&quot; (C:\Users\spani\OneDrive\Dokumente\GitHub\noro-wedding\src\app\pages\administration\upgrade\upgrade.scss:1)
]]>
      </system-out>
    </testcase>
    <testcase name="Landing" classname="mat-a11y.accessibility" time="0">
      <failure message="Accessibility score: 80% (threshold: 90%)" type="AccessibilityError">
<![CDATA[
[colorContrast] Low contrast 2.17:1 (needs 4.5:1). Low contrast text is difficult to read for users with low vision
  How to fix:
    - Increase contrast by darkening text or lightening background
    - Use contrast checker tool to verify
  WCAG 1.4.3: Contrast (Minimum) | See: https://webaim.org/resources/contrastchecker/
  Found: &quot;.bento-badge&quot;: #ffffff on #ef97a9 (C:\Users\spani\OneDrive\Dokumente\GitHub\noro-wedding\src\app\pages\landing\landing.scss:1)
[colorContrast] Low contrast 1.00:1 (needs 4.5:1). Low contrast text is difficult to read for users with low vision
  How to fix:
    - Increase contrast by darkening text or lightening background
    - Use contrast checker tool to verify
  WCAG 1.4.3: Contrast (Minimum) | See: https://webaim.org/resources/contrastchecker/
  Found: &quot;.timeline-number&quot;: #1a1a1a on rgba(26, 26, 26, 0.10) (C:\Users\spani\OneDrive\Dokumente\GitHub\noro-wedding\src\app\pages\landing\landing.scss:1)
[colorContrast] Low contrast 1.00:1 (needs 4.5:1). Low contrast text is difficult to read for users with low vision
  How to fix:
    - Increase contrast by darkening text or lightening background
    - Use contrast checker tool to verify
  WCAG 1.4.3: Contrast (Minimum) | See: https://webaim.org/resources/contrastchecker/
  Found: &quot;.cta-badge-large&quot;: #ffffff on rgba(255, 255, 255, 0.10) (c:\users\spani\onedrive\dokumente\github\noro-wedding\src\styles.scss:1)
[colorContrast] Highly transparent text is difficult to read. Low opacity reduces effective contrast
  How to fix:
    - Increase opacity to at least 0.55
    - Use solid colors for text
  WCAG 1.4.3: Contrast (Minimum)
  Found: &quot;rgba($color-primary, 0.15)&quot; (C:\Users\spani\OneDrive\Dokumente\GitHub\noro-wedding\src\app\pages\landing\landing.scss:1)
[colorContrast] Highly transparent text is difficult to read. Low opacity reduces effective contrast
  How to fix:
    - Increase opacity to at least 0.55
    - Use solid colors for text
  WCAG 1.4.3: Contrast (Minimum)
  Found: &quot;rgba($color-green, 0.15)&quot; (C:\Users\spani\OneDrive\Dokumente\GitHub\noro-wedding\src\app\pages\landing\landing.scss:1)
[colorContrast] Highly transparent text is difficult to read. Low opacity reduces effective contrast
  How to fix:
    - Increase opacity to at least 0.55
    - Use solid colors for text
  WCAG 1.4.3: Contrast (Minimum)
  Found: &quot;rgba($color-primary-dark, 0.12)&quot; (C:\Users\spani\OneDrive\Dokumente\GitHub\noro-wedding\src\app\pages\landing\landing.scss:1)
[contentOverflow] Potential content overflow detected in &quot;============================================================================

.hero-section&quot;. This may hide text content inaccessibly.
  How to fix:
    - Verify all content remains accessible when overflow is hidden
    - Consider using &quot;overflow: auto&quot; or &quot;overflow: scroll&quot; for scrollable content
    - Ensure responsive design allows content to reflow at 320px width
  WCAG 1.4.10: Reflow (C:\Users\spani\OneDrive\Dokumente\GitHub\noro-wedding\src\app\pages\landing\landing.scss:1)
[contentOverflow] Potential content overflow detected in &quot;============================================================================

.power-strip&quot;. This may hide text content inaccessibly.
  How to fix:
    - Verify all content remains accessible when overflow is hidden
    - Consider using &quot;overflow: auto&quot; or &quot;overflow: scroll&quot; for scrollable content
    - Ensure responsive design allows content to reflow at 320px width
  WCAG 1.4.10: Reflow (c:\users\spani\onedrive\dokumente\github\noro-wedding\src\styles.scss:1)
[contentOverflow] Potential content overflow detected in &quot;============================================================================

.cta-banner-inline&quot;. This may hide text content inaccessibly.
  How to fix:
    - Verify all content remains accessible when overflow is hidden
    - Consider using &quot;overflow: auto&quot; or &quot;overflow: scroll&quot; for scrollable content
    - Ensure responsive design allows content to reflow at 320px width
  WCAG 1.4.10: Reflow (C:\Users\spani\OneDrive\Dokumente\GitHub\noro-wedding\src\app\pages\landing\landing.scss:1)
[contentOverflow] Potential content overflow detected in &quot;============================================================================

.mega-cta-section&quot;. This may hide text content inaccessibly.
  How to fix:
    - Verify all content remains accessible when overflow is hidden
    - Consider using &quot;overflow: auto&quot; or &quot;overflow: scroll&quot; for scrollable content
    - Ensure responsive design allows content to reflow at 320px width
  WCAG 1.4.10: Reflow (c:\users\spani\onedrive\dokumente\github\noro-wedding\src\styles.scss:1)
... and 3 more issues
]]>
      </failure>
      <system-out>
<![CDATA[
      Full issue list for Landing:
[colorContrast] Low contrast 2.17:1 (needs 4.5:1). Low contrast text is difficult to read for users with low vision
  How to fix:
    - Increase contrast by darkening text or lightening background
    - Use contrast checker tool to verify
  WCAG 1.4.3: Contrast (Minimum) | See: https://webaim.org/resources/contrastchecker/
  Found: &quot;.bento-badge&quot;: #ffffff on #ef97a9 (C:\Users\spani\OneDrive\Dokumente\GitHub\noro-wedding\src\app\pages\landing\landing.scss:1)
[colorContrast] Low contrast 1.00:1 (needs 4.5:1). Low contrast text is difficult to read for users with low vision
  How to fix:
    - Increase contrast by darkening text or lightening background
    - Use contrast checker tool to verify
  WCAG 1.4.3: Contrast (Minimum) | See: https://webaim.org/resources/contrastchecker/
  Found: &quot;.timeline-number&quot;: #1a1a1a on rgba(26, 26, 26, 0.10) (C:\Users\spani\OneDrive\Dokumente\GitHub\noro-wedding\src\app\pages\landing\landing.scss:1)
[colorContrast] Low contrast 1.00:1 (needs 4.5:1). Low contrast text is difficult to read for users with low vision
  How to fix:
    - Increase contrast by darkening text or lightening background
    - Use contrast checker tool to verify
  WCAG 1.4.3: Contrast (Minimum) | See: https://webaim.org/resources/contrastchecker/
  Found: &quot;.cta-badge-large&quot;: #ffffff on rgba(255, 255, 255, 0.10) (c:\users\spani\onedrive\dokumente\github\noro-wedding\src\styles.scss:1)
[colorContrast] Highly transparent text is difficult to read. Low opacity reduces effective contrast
  How to fix:
    - Increase opacity to at least 0.55
    - Use solid colors for text
  WCAG 1.4.3: Contrast (Minimum)
  Found: &quot;rgba($color-primary, 0.15)&quot; (C:\Users\spani\OneDrive\Dokumente\GitHub\noro-wedding\src\app\pages\landing\landing.scss:1)
[colorContrast] Highly transparent text is difficult to read. Low opacity reduces effective contrast
  How to fix:
    - Increase opacity to at least 0.55
    - Use solid colors for text
  WCAG 1.4.3: Contrast (Minimum)
  Found: &quot;rgba($color-green, 0.15)&quot; (C:\Users\spani\OneDrive\Dokumente\GitHub\noro-wedding\src\app\pages\landing\landing.scss:1)
[colorContrast] Highly transparent text is difficult to read. Low opacity reduces effective contrast
  How to fix:
    - Increase opacity to at least 0.55
    - Use solid colors for text
  WCAG 1.4.3: Contrast (Minimum)
  Found: &quot;rgba($color-primary-dark, 0.12)&quot; (C:\Users\spani\OneDrive\Dokumente\GitHub\noro-wedding\src\app\pages\landing\landing.scss:1)
[contentOverflow] Potential content overflow detected in &quot;============================================================================

.hero-section&quot;. This may hide text content inaccessibly.
  How to fix:
    - Verify all content remains accessible when overflow is hidden
    - Consider using &quot;overflow: auto&quot; or &quot;overflow: scroll&quot; for scrollable content
    - Ensure responsive design allows content to reflow at 320px width
  WCAG 1.4.10: Reflow (C:\Users\spani\OneDrive\Dokumente\GitHub\noro-wedding\src\app\pages\landing\landing.scss:1)
[contentOverflow] Potential content overflow detected in &quot;============================================================================

.power-strip&quot;. This may hide text content inaccessibly.
  How to fix:
    - Verify all content remains accessible when overflow is hidden
    - Consider using &quot;overflow: auto&quot; or &quot;overflow: scroll&quot; for scrollable content
    - Ensure responsive design allows content to reflow at 320px width
  WCAG 1.4.10: Reflow (c:\users\spani\onedrive\dokumente\github\noro-wedding\src\styles.scss:1)
[contentOverflow] Potential content overflow detected in &quot;============================================================================

.cta-banner-inline&quot;. This may hide text content inaccessibly.
  How to fix:
    - Verify all content remains accessible when overflow is hidden
    - Consider using &quot;overflow: auto&quot; or &quot;overflow: scroll&quot; for scrollable content
    - Ensure responsive design allows content to reflow at 320px width
  WCAG 1.4.10: Reflow (C:\Users\spani\OneDrive\Dokumente\GitHub\noro-wedding\src\app\pages\landing\landing.scss:1)
[contentOverflow] Potential content overflow detected in &quot;============================================================================

.mega-cta-section&quot;. This may hide text content inaccessibly.
  How to fix:
    - Verify all content remains accessible when overflow is hidden
    - Consider using &quot;overflow: auto&quot; or &quot;overflow: scroll&quot; for scrollable content
    - Ensure responsive design allows content to reflow at 320px width
  WCAG 1.4.10: Reflow (c:\users\spani\onedrive\dokumente\github\noro-wedding\src\styles.scss:1)
[contentOverflow] Potential content overflow detected in &quot;.gallery-preview-wrapper&quot;. This may hide text content inaccessibly.
  How to fix:
    - Verify all content remains accessible when overflow is hidden
    - Consider using &quot;overflow: auto&quot; or &quot;overflow: scroll&quot; for scrollable content
    - Ensure responsive design allows content to reflow at 320px width
  WCAG 1.4.10: Reflow (C:\Users\spani\OneDrive\Dokumente\GitHub\noro-wedding\src\app\pages\landing\landing.scss:1)
[pointerEventsNone] pointer-events: none may hide interactive element. Users cannot interact with elements that have pointer-events disabled
  How to fix:
    - Ensure element is not intended to be interactive
    - Use disabled attribute instead for form elements
  WCAG 2.1.1: Keyboard
  Found: button styling } } } .gallery-preview-overlay (C:\Users\spani\OneDrive\Dokumente\GitHub\noro-wedding\src\app\pages\landing\landing.scss:1)
[smallFontSize] Font size 10px may be too small. Small text is difficult for users with low vision
  How to fix:
    - Use minimum 16px (1rem) for body text
    - Use relative units (rem, em) for scalability
    - Test at 200% zoom
  WCAG 1.4.4: Resize Text
  Found: &quot;include phone&quot; (c:\users\spani\onedrive\dokumente\github\noro-wedding\src\styles.scss:1)
]]>
      </system-out>
    </testcase>
    <testcase name="Referral" classname="mat-a11y.accessibility" time="0">
      <failure message="Accessibility score: 89% (threshold: 90%)" type="AccessibilityError">
<![CDATA[
[matIconAccessibility] mat-icon used as interactive without accessible label. Screen readers cannot announce icon-only buttons
  How to fix:
    - Add aria-label to parent button
    - Add visually-hidden text
    - Add aria-hidden=&quot;true&quot; if purely decorative
  WCAG 4.1.2: Name, Role, Value | See: https://material.angular.io/components/icon/overview#accessibility
  Found: &lt;mat-icon&gt;handshake&lt;/mat-icon&gt; (C:\Users\spani\OneDrive\Dokumente\GitHub\noro-wedding\src\app\pages\referral\referral\referral.html:1)
[matIconAccessibility] mat-icon used as interactive without accessible label. Screen readers cannot announce icon-only buttons
  How to fix:
    - Add aria-label to parent button
    - Add visually-hidden text
    - Add aria-hidden=&quot;true&quot; if purely decorative
  WCAG 4.1.2: Name, Role, Value | See: https://material.angular.io/components/icon/overview#accessibility
  Found: &lt;mat-icon&gt;edit_document&lt;/mat-icon&gt; (C:\Users\spani\OneDrive\Dokumente\GitHub\noro-wedding\src\app\pages\referral\referral\referral.html:1)
[matIconAccessibility] mat-icon used as interactive without accessible label. Screen readers cannot announce icon-only buttons
  How to fix:
    - Add aria-label to parent button
    - Add visually-hidden text
    - Add aria-hidden=&quot;true&quot; if purely decorative
  WCAG 4.1.2: Name, Role, Value | See: https://material.angular.io/components/icon/overview#accessibility
  Found: &lt;mat-icon&gt;flash_on&lt;/mat-icon&gt; (C:\Users\spani\OneDrive\Dokumente\GitHub\noro-wedding\src\app\pages\referral\referral\referral.html:1)
[matIconAccessibility] mat-icon used as interactive without accessible label. Screen readers cannot announce icon-only buttons
  How to fix:
    - Add aria-label to parent button
    - Add visually-hidden text
    - Add aria-hidden=&quot;true&quot; if purely decorative
  WCAG 4.1.2: Name, Role, Value | See: https://material.angular.io/components/icon/overview#accessibility
  Found: &lt;mat-icon&gt;person&lt;/mat-icon&gt; (C:\Users\spani\OneDrive\Dokumente\GitHub\noro-wedding\src\app\pages\referral\referral\referral.html:1)
[matIconAccessibility] mat-icon used as interactive without accessible label. Screen readers cannot announce icon-only buttons
  How to fix:
    - Add aria-label to parent button
    - Add visually-hidden text
    - Add aria-hidden=&quot;true&quot; if purely decorative
  WCAG 4.1.2: Name, Role, Value | See: https://material.angular.io/components/icon/overview#accessibility
  Found: &lt;mat-icon&gt;payments&lt;/mat-icon&gt; (C:\Users\spani\OneDrive\Dokumente\GitHub\noro-wedding\src\app\pages\referral\referral\referral.html:1)
[colorContrast] Low contrast 1.21:1 (needs 4.5:1). Low contrast text is difficult to read for users with low vision
  How to fix:
    - Increase contrast by darkening text or lightening background
    - Use contrast checker tool to verify
  WCAG 1.4.3: Contrast (Minimum) | See: https://webaim.org/resources/contrastchecker/
  Found: &quot;.section-badge&quot;: #000000 on rgba(26, 26, 26, 0.30) (C:\Users\spani\OneDrive\Dokumente\GitHub\noro-wedding\src\app\pages\referral\referral\referral.scss:1)
[colorContrast] Low contrast 1.21:1 (needs 4.5:1). Low contrast text is difficult to read for users with low vision
  How to fix:
    - Increase contrast by darkening text or lightening background
    - Use contrast checker tool to verify
  WCAG 1.4.3: Contrast (Minimum) | See: https://webaim.org/resources/contrastchecker/
  Found: &quot;.tier-badge&quot;: #000000 on rgba(26, 26, 26, 0.10) (C:\Users\spani\OneDrive\Dokumente\GitHub\noro-wedding\src\app\pages\referral\referral\referral.scss:1)
[colorContrast] Low contrast 1.00:1 (needs 4.5:1). Low contrast text is difficult to read for users with low vision
  How to fix:
    - Increase contrast by darkening text or lightening background
    - Use contrast checker tool to verify
  WCAG 1.4.3: Contrast (Minimum) | See: https://webaim.org/resources/contrastchecker/
  Found: &quot;.error-banner&quot;: #e53935 on rgba(229, 57, 53, 0.05) (C:\Users\spani\OneDrive\Dokumente\GitHub\noro-wedding\src\app\pages\referral\referral\referral.scss:1)
[colorContrast] Low contrast 1.21:1 (needs 4.5:1). Low contrast text is difficult to read for users with low vision
  How to fix:
    - Increase contrast by darkening text or lightening background
    - Use contrast checker tool to verify
  WCAG 1.4.3: Contrast (Minimum) | See: https://webaim.org/resources/contrastchecker/
  Found: &quot;label&quot;: #000000 on rgba(26, 26, 26, 0.05) (C:\Users\spani\OneDrive\Dokumente\GitHub\noro-wedding\src\app\pages\referral\referral\referral.scss:1)
[colorContrast] Highly transparent text is difficult to read. Low opacity reduces effective contrast
  How to fix:
    - Increase opacity to at least 0.55
    - Use solid colors for text
  WCAG 1.4.3: Contrast (Minimum)
  Found: &quot;rgba($color-primary, 0.2)&quot; (C:\Users\spani\OneDrive\Dokumente\GitHub\noro-wedding\src\app\pages\referral\referral\referral.scss:1)
]]>
      </failure>
    </testcase>
    <testcase name="RsvpTracker" classname="mat-a11y.accessibility" time="0">
      <failure message="Accessibility score: 83% (threshold: 90%)" type="AccessibilityError">
<![CDATA[
[colorContrast] Low contrast 2.17:1 (needs 4.5:1). Low contrast text is difficult to read for users with low vision
  How to fix:
    - Increase contrast by darkening text or lightening background
    - Use contrast checker tool to verify
  WCAG 1.4.3: Contrast (Minimum) | See: https://webaim.org/resources/contrastchecker/
  Found: &quot;.btn-primary&quot;: #ffffff on #ef97a9 (c:\users\spani\onedrive\dokumente\github\noro-wedding\src\styles.scss:1)
[colorContrast] Low contrast 2.17:1 (needs 4.5:1). Low contrast text is difficult to read for users with low vision
  How to fix:
    - Increase contrast by darkening text or lightening background
    - Use contrast checker tool to verify
  WCAG 1.4.3: Contrast (Minimum) | See: https://webaim.org/resources/contrastchecker/
  Found: &quot;.plus-one-badge&quot;: #ffffff on #ef97a9 (C:\Users\spani\OneDrive\Dokumente\GitHub\noro-wedding\src\app\media\category-interactive-components\planer\rsvp-tracker.scss:1)
[colorContrast] Contrast 4.03:1 only meets AA for large text (18pt+). Normal-sized text requires higher contrast ratio
  How to fix:
    - Increase contrast to 4.5:1 for normal text
    - Acceptable for text 18pt+ or 14pt bold
  WCAG 1.4.3: Contrast (Minimum)
  Found: &quot;.table-badge&quot;: #1976d2 on #e3f2fd (C:\Users\spani\OneDrive\Dokumente\GitHub\noro-wedding\src\app\media\category-interactive-components\planer\rsvp-tracker.scss:1)
[prefersReducedMotion] Animation without prefers-reduced-motion support. Animations can cause vestibular disorders and motion sickness
  How to fix:
    - Add @media (prefers-reduced-motion: reduce) query
    - Disable or reduce animation when preference is set
  WCAG 2.3.3: Animation from Interactions
  Found: File uses transitions without properly disabling them in prefers-reduced-motion: reduce (C:\Users\spani\OneDrive\Dokumente\GitHub\noro-wedding\src\app\media\category-interactive-components\planer\rsvp-tracker.scss:1)
[smallFontSize] Font size 11px may be too small. Small text is difficult for users with low vision
  How to fix:
    - Use minimum 16px (1rem) for body text
    - Use relative units (rem, em) for scalability
    - Test at 200% zoom
  WCAG 1.4.4: Resize Text
  Found: &quot;include phone&quot; (c:\users\spani\onedrive\dokumente\github\noro-wedding\src\styles.scss:1)
[smallFontSize] Font size 10px may be too small. Small text is difficult for users with low vision
  How to fix:
    - Use minimum 16px (1rem) for body text
    - Use relative units (rem, em) for scalability
    - Test at 200% zoom
  WCAG 1.4.4: Resize Text
  Found: &quot;.label&quot; (C:\Users\spani\OneDrive\Dokumente\GitHub\noro-wedding\src\app\media\category-interactive-components\planer\rsvp-tracker.scss:1)
[smallFontSize] Font size 11px may be too small. Small text is difficult for users with low vision
  How to fix:
    - Use minimum 16px (1rem) for body text
    - Use relative units (rem, em) for scalability
    - Test at 200% zoom
  WCAG 1.4.4: Resize Text
  Found: &quot;.meal-name&quot; (C:\Users\spani\OneDrive\Dokumente\GitHub\noro-wedding\src\app\media\category-interactive-components\planer\rsvp-tracker.scss:1)
[smallFontSize] Font size 11px may be too small. Small text is difficult for users with low vision
  How to fix:
    - Use minimum 16px (1rem) for body text
    - Use relative units (rem, em) for scalability
    - Test at 200% zoom
  WCAG 1.4.4: Resize Text
  Found: &quot;.filter-tabs&quot; (C:\Users\spani\OneDrive\Dokumente\GitHub\noro-wedding\src\app\media\category-interactive-components\planer\rsvp-tracker.scss:1)
[smallFontSize] Font size 10px may be too small. Small text is difficult for users with low vision
  How to fix:
    - Use minimum 16px (1rem) for body text
[...]
    <testcase name="ChecklisteLanding" classname="mat-a11y.accessibility" time="0">
      <system-out>
<![CDATA[
Warnings (not failing):
[prefersReducedMotion] Animation without prefers-reduced-motion support. Animations can cause vestibular disorders and motion sickness
  How to fix:
    - Add @media (prefers-reduced-motion: reduce) query
    - Disable or reduce animation when preference is set
  WCAG 2.3.3: Animation from Interactions
  Found: File uses animations and transitions without properly disabling them in prefers-reduced-motion: redu...
]]>
      </system-out>
    </testcase>
    <testcase name="GeneratorLandingComponent" classname="mat-a11y.accessibility" time="0">
      <system-out>
<![CDATA[
Warnings (not failing):
[prefersReducedMotion] Animation without prefers-reduced-motion support. Animations can cause vestibular disorders and motion sickness
  How to fix:
    - Add @media (prefers-reduced-motion: reduce) query
    - Disable or reduce animation when preference is set
  WCAG 2.3.3: Animation from Interactions
  Found: File uses animations and transitions without properly disabling them in prefers-reduced-motion: redu...
]]>
      </system-out>
    </testcase>
    <testcase name="InspirationLandingComponent" classname="mat-a11y.accessibility" time="0">
      <system-out>
<![CDATA[
Warnings (not failing):
[prefersReducedMotion] Animation without prefers-reduced-motion support. Animations can cause vestibular disorders and motion sickness
  How to fix:
    - Add @media (prefers-reduced-motion: reduce) query
    - Disable or reduce animation when preference is set
  WCAG 2.3.3: Animation from Interactions
  Found: File uses animations and transitions without properly disabling them in prefers-reduced-motion: redu...
]]>
      </system-out>
    </testcase>
    <testcase name="PlanerLandingComponent" classname="mat-a11y.accessibility" time="0">
      <system-out>
<![CDATA[
Warnings (not failing):
[prefersReducedMotion] Animation without prefers-reduced-motion support. Animations can cause vestibular disorders and motion sickness
  How to fix:
    - Add @media (prefers-reduced-motion: reduce) query
    - Disable or reduce animation when preference is set
  WCAG 2.3.3: Animation from Interactions
  Found: File uses animations and transitions without properly disabling them in prefers-reduced-motion: redu...
]]>
      </system-out>
    </testcase>
    <testcase name="QuizLandingComponent" classname="mat-a11y.accessibility" time="0">
      <system-out>
<![CDATA[
Warnings (not failing):
[prefersReducedMotion] Animation without prefers-reduced-motion support. Animations can cause vestibular disorders and motion sickness
  How to fix:
    - Add @media (prefers-reduced-motion: reduce) query
    - Disable or reduce animation when preference is set
  WCAG 2.3.3: Animation from Interactions
  Found: File uses animations and transitions without properly disabling them in prefers-reduced-motion: redu...
]]>
      </system-out>
    </testcase>
    <testcase name="RatgeberLandingComponent" classname="mat-a11y.accessibility" time="0">
      <system-out>
<![CDATA[
Warnings (not failing):
[prefersReducedMotion] Animation without prefers-reduced-motion support. Animations can cause vestibular disorders and motion sickness
  How to fix:
    - Add @media (prefers-reduced-motion: reduce) query
    - Disable or reduce animation when preference is set
  WCAG 2.3.3: Animation from Interactions
  Found: File uses animations and transitions without properly disabling them in prefers-reduced-motion: redu...
]]>
      </system-out>
    </testcase>
    <testcase name="RechnerLanding" classname="mat-a11y.accessibility" time="0">
      <system-out>
<![CDATA[
Warnings (not failing):
[prefersReducedMotion] Animation without prefers-reduced-motion support. Animations can cause vestibular disorders and motion sickness
  How to fix:
    - Add @media (prefers-reduced-motion: reduce) query
    - Disable or reduce animation when preference is set
  WCAG 2.3.3: Animation from Interactions
  Found: File uses animations and transitions without properly disabling them in prefers-reduced-motion: redu...
]]>
      </system-out>
    </testcase>
    <testcase name="TrackerLanding" classname="mat-a11y.accessibility" time="0">
      <system-out>
<![CDATA[
Warnings (not failing):
[prefersReducedMotion] Animation without prefers-reduced-motion support. Animations can cause vestibular disorders and motion sickness
  How to fix:
    - Add @media (prefers-reduced-motion: reduce) query
    - Disable or reduce animation when preference is set
  WCAG 2.3.3: Animation from Interactions
  Found: File uses animations and transitions without properly disabling them in prefers-reduced-motion: redu...
]]>
      </system-out>
    </testcase>
    <testcase name="VergleichLanding" classname="mat-a11y.accessibility" time="0">
      <system-out>
<![CDATA[
Warnings (not failing):
[prefersReducedMotion] Animation without prefers-reduced-motion support. Animations can cause vestibular disorders and motion sickness
  How to fix:
    - Add @media (prefers-reduced-motion: reduce) query
    - Disable or reduce animation when preference is set
  WCAG 2.3.3: Animation from Interactions
  Found: File uses animations and transitions without properly disabling them in prefers-reduced-motion: redu...
]]>
      </system-out>
    </testcase>
    <testcase name="SaveTheDateTexteComponent" classname="mat-a11y.accessibility" time="0">
      <system-out>
<![CDATA[
Warnings (not failing):
[prefersReducedMotion] Animation without prefers-reduced-motion support. Animations can cause vestibular disorders and motion sickness
  How to fix:
    - Add @media (prefers-reduced-motion: reduce) query
    - Disable or reduce animation when preference is set
  WCAG 2.3.3: Animation from Interactions
  Found: File uses transitions without properly disabling them in prefers-reduced-motion: reduce
]]>
      </system-out>
    </testcase>
    <testcase name="GuideHeader" classname="mat-a11y.accessibility" time="0">
      <system-out>
<![CDATA[
Warnings (not failing):
[prefersReducedMotion] Animation without prefers-reduced-motion support. Animations can cause vestibular disorders and motion sickness
  How to fix:
    - Add @media (prefers-reduced-motion: reduce) query
    - Disable or reduce animation when preference is set
  WCAG 2.3.3: Animation from Interactions
  Found: File uses transitions without properly disabling them in prefers-reduced-motion: reduce
]]>
      </system-out>
    </testcase>
    <testcase name="GuideImage" classname="mat-a11y.accessibility" time="0">
      <system-out>
<![CDATA[
Warnings (not failing):
[prefersReducedMotion] Animation without prefers-reduced-motion support. Animations can cause vestibular disorders and motion sickness
  How to fix:
    - Add @media (prefers-reduced-motion: reduce) query
    - Disable or reduce animation when preference is set
  WCAG 2.3.3: Animation from Interactions
  Found: File uses transitions without properly disabling them in prefers-reduced-motion: reduce
]]>
      </system-out>
    </testcase>
    <testcase name="GuideLanding" classname="mat-a11y.accessibility" time="0">
      <failure message="Accessibility score: 89% (threshold: 90%)" type="AccessibilityError">
<![CDATA[
[contentOverflow] Content may be hidden without visual indication in &quot;Visually hidden utility for screen readers
.visually-hidden&quot;. Text content may be cut off and inaccessible to users.
  How to fix:
    - Add &quot;text-overflow: ellipsis&quot; to show truncation indicator (...)
    - Or remove &quot;overflow: hidden&quot; to allow text to wrap naturally
    - Or ensure content is accessible through other means (tooltips, expand buttons)
  WCAG 1.4.10: Reflow (C:\Users\spani\OneDrive\Dokumente\GitHub\noro-wedding\src\app\media\guide-landing\guide-landing.scss:1)
]]>
      </failure>
    </testcase>
    <testcase name="GuideLink" classname="mat-a11y.accessibility" time="0">
      <system-out>
<![CDATA[
Warnings (not failing):
[contentOverflow] Content may be hidden without visual indication in &quot;Visually hidden class for screen readers only
.visually-hidden&quot;. Text content may be cut off and inaccessible to users.
  How to fix:
    - Add &quot;text-overflow: ellipsis&quot; to show truncation indicator (...)
    - Or remove &quot;overflow: hidden&quot; to allow text to wrap naturally
    - Or ensure content is accessible through other means (tooltips, expand buttons)
  WCAG 1.4.10: Reflow
]]>
      </system-out>
    </testcase>
    <testcase name="GuideLoaderComponent" classname="mat-a11y.accessibility" time="0">
      <system-out>
<![CDATA[
Warnings (not failing):
[contentOverflow] Content may be hidden without visual indication in &quot;.visually-hidden&quot;. Text content may be cut off and inaccessible to users.
  How to fix:
    - Add &quot;text-overflow: ellipsis&quot; to show truncation indicator (...)
    - Or remove &quot;overflow: hidden&quot; to allow text to wrap naturally
    - Or ensure content is accessible through other means (tooltips, expand buttons)
  WCAG 1.4.10: Reflow
]]>
      </system-out>
    </testcase>
    <testcase name="ConfigConflictDialog" classname="mat-a11y.accessibility" time="0">
      <system-out>
<![CDATA[
Warnings (not failing):
[colorContrast] Low contrast 1.11:1 (needs 4.5:1). Low contrast text is difficult to read for users with low vision
  How to fix:
    - Increase contrast by darkening text or lightening background
    - Use contrast checker tool to verify
  WCAG 1.4.3: Contrast (Minimum) | See: https://webaim.org/resources/contrastchecker/
  Found: &quot;.option-content&quot;: #111 on rgba(0, 0, 0, 0.05)
]]>
      </system-out>
    </testcase>
    <testcase name="ShareButtonComponent" classname="mat-a11y.accessibility" time="0">
      <system-out>
<![CDATA[
Warnings (not failing):
[outlineNoneWithoutAlt] Focus outline removed without alternative. Keyboard users cannot see which element has focus
  How to fix:
    - Remove outline:none or outline:0
    - Provide custom :focus styles
    - Use :focus-visible for mouse/keyboard distinction
  WCAG 2.4.7: Focus Visible
  Found: :focus (line 27)
]]>
      </system-out>
    </testcase>
    <testcase name="Logout" classname="mat-a11y.accessibility" time="0">
      <failure message="Accessibility score: 89% (threshold: 90%)" type="AccessibilityError">
<![CDATA[
[prefersReducedMotion] Animation without prefers-reduced-motion support. Animations can cause vestibular disorders and motion sickness
  How to fix:
    - Add @media (prefers-reduced-motion: reduce) query
    - Disable or reduce animation when preference is set
  WCAG 2.3.3: Animation from Interactions
  Found: File uses animations without properly disabling them in prefers-reduced-motion: reduce (C:\Users\spani\OneDrive\Dokumente\GitHub\noro-wedding\src\app\pages\account\logout\logout.scss:1)
]]>
      </failure>
    </testcase>
    <testcase name="AddReplyDialog" classname="mat-a11y.accessibility" time="0">
      <system-out>
<![CDATA[
Warnings (not failing):
[matDialogFocus] mat-dialog should manage focus. Focus should move to dialog and return on close
  How to fix:
    - MatDialog handles focus automatically
    - Use cdkFocusInitial for custom initial focus
    - Ensure focusable element exists in dialog
  WCAG 2.4.3: Focus Order | See: https://material.angular.io/components/dialog/overview#accessibility
  Found: &lt;mat-dialog-content&gt; &lt;p class=&quot;dialog-description&quot;&gt;Tragen Sie die Rückmeldung eines Gastes manuell e...
]]>
      </system-out>
    </testcase>
    <testcase name="ClosingWords" classname="mat-a11y.accessibility" time="0">
      <system-out>
<![CDATA[
Warnings (not failing):
[matIconAccessibility] mat-icon used as interactive without accessible label. Screen readers cannot announce icon-only buttons
  How to fix:
    - Add aria-label to parent button
    - Add visually-hidden text
    - Add aria-hidden=&quot;true&quot; if purely decorative
  WCAG 4.1.2: Name, Role, Value | See: https://material.angular.io/components/icon/overview#accessibility
  Found: &lt;mat-icon&gt;refresh&lt;/mat-icon&gt;
]]>
      </system-out>
    </testcase>
    <testcase name="ContactInformation" classname="mat-a11y.accessibility" time="0">
      <system-out>
<![CDATA[
Warnings (not failing):
[matIconAccessibility] mat-icon used as interactive without accessible label. Screen readers cannot announce icon-only buttons
  How to fix:
    - Add aria-label to parent button
    - Add visually-hidden text
    - Add aria-hidden=&quot;true&quot; if purely decorative
  WCAG 4.1.2: Name, Role, Value | See: https://material.angular.io/components/icon/overview#accessibility
  Found: &lt;mat-icon&gt;refresh&lt;/mat-icon&gt;
]]>
      </system-out>
    </testcase>
    <testcase name="Organisators" classname="mat-a11y.accessibility" time="0">
      <system-out>
<![CDATA[
Warnings (not failing):
[prefersReducedMotion] Animation without prefers-reduced-motion support. Animations can cause vestibular disorders and motion sickness
  How to fix:
    - Add @media (prefers-reduced-motion: reduce) query
    - Disable or reduce animation when preference is set
  WCAG 2.3.3: Animation from Interactions
  Found: File uses animations and transitions without properly disabling them in prefers-reduced-motion: redu...
]]>
      </system-out>
    </testcase>
    <testcase name="Replies" classname="mat-a11y.accessibility" time="0">
      <system-out>
<![CDATA[
Warnings (not failing):
[prefersReducedMotion] Animation without prefers-reduced-motion support. Animations can cause vestibular disorders and motion sickness
  How to fix:
    - Add @media (prefers-reduced-motion: reduce) query
    - Disable or reduce animation when preference is set
  WCAG 2.3.3: Animation from Interactions
  Found: File uses transitions without properly disabling them in prefers-reduced-motion: reduce
]]>
      </system-out>
    </testcase>
    <testcase name="GuestView" classname="mat-a11y.accessibility" time="0">
      <system-out>
<![CDATA[
Warnings (not failing):
[prefersReducedMotion] Animation without prefers-reduced-motion support. Animations can cause vestibular disorders and motion sickness
  How to fix:
    - Add @media (prefers-reduced-motion: reduce) query
    - Disable or reduce animation when preference is set
  WCAG 2.3.3: Animation from Interactions
  Found: File uses animations and transitions without properly disabling them in prefers-reduced-motion: redu...
]]>
      </system-out>
    </testcase>
    <testcase name="InvitationText" classname="mat-a11y.accessibility" time="0">
      <system-out>
<![CDATA[
Warnings (not failing):
[prefersReducedMotion] Animation without prefers-reduced-motion support. Animations can cause vestibular disorders and motion sickness
  How to fix:
    - Add @media (prefers-reduced-motion: reduce) query
    - Disable or reduce animation when preference is set
  WCAG 2.3.3: Animation from Interactions
  Found: File uses animations without properly disabling them in prefers-reduced-motion: reduce
]]>
      </system-out>
    </testcase>
    <testcase name="ComponentEditButton" classname="mat-a11y.accessibility" time="0">
      <system-out>
<![CDATA[
Warnings (not failing):
[prefersReducedMotion] Animation without prefers-reduced-motion support. Animations can cause vestibular disorders and motion sickness
  How to fix:
    - Add @media (prefers-reduced-motion: reduce) query
    - Disable or reduce animation when preference is set
  WCAG 2.3.3: Animation from Interactions
  Found: File uses transitions without properly disabling them in prefers-reduced-motion: reduce
]]>
      </system-out>
    </testcase>
    <testcase name="WeddingRegistry" classname="mat-a11y.accessibility" time="0">
      <system-out>
<![CDATA[
Warnings (not failing):
[headingOrder] Heading skips from h1 to h3. Screen reader users rely on heading hierarchy for navigation
  How to fix:
    - Use h2 instead of h3
    - Restructure content to follow logical hierarchy
  WCAG 1.3.1: Info and Relationships
  Found: &lt;h3&gt;
]]>
      </system-out>
    </testcase>
    <testcase name="LegalPage" classname="mat-a11y.accessibility" time="0">
      <system-out>
<![CDATA[
Warnings (not failing):
[innerHtmlUsage] innerHTML usage may affect accessibility. Dynamic HTML should maintain accessible structure
  How to fix:
    - Sanitize HTML content
    - Ensure dynamic content is accessible
    - Prefer Angular templates over innerHTML
  WCAG 4.1.2: Name, Role, Value
  Found: [innerHTML]=&quot;content()&quot; (line 10)
]]>
      </system-out>
    </testcase>
    <testcase name="TakedownProcedure" classname="mat-a11y.accessibility" time="0">
      <system-out>
<![CDATA[
Warnings (not failing):
[hoverWithoutFocus] :hover styles without matching :focus styles. Keyboard users miss visual feedback available to mouse users
  How to fix:
    - Add matching :focus styles
    - Use :hover, :focus { } combined selector
    - Consider :focus-visible for keyboard-only focus
  WCAG 2.4.7: Focus Visible
  Found: .section-card:hover
]]>
      </system-out>
    </testcase>
    <testcase name="PartnerMagicLink" classname="mat-a11y.accessibility" time="0">
      <system-out>
<![CDATA[
Warnings (not failing):
[matIconAccessibility] mat-icon used as interactive without accessible label. Screen readers cannot announce icon-only buttons
  How to fix:
    - Add aria-label to parent button
    - Add visually-hidden text
    - Add aria-hidden=&quot;true&quot; if purely decorative
  WCAG 4.1.2: Name, Role, Value | See: https://material.angular.io/components/icon/overview#accessibility
  Found: &lt;mat-icon&gt;login&lt;/mat-icon&gt;
]]>
      </system-out>
    </testcase>
    <testcase name="ThemeInfoDialog" classname="mat-a11y.accessibility" time="0">
      <system-out>
<![CDATA[
Warnings (not failing):
[colorContrast] Low contrast 2.14:1 (needs 4.5:1). Low contrast text is difficult to read for users with low vision
  How to fix:
    - Increase contrast by darkening text or lightening background
    - Use contrast checker tool to verify
  WCAG 1.4.3: Contrast (Minimum) | See: https://webaim.org/resources/contrastchecker/
  Found: &quot;.premium-box&quot;: #daa520 on #fafafa
]]>
      </system-out>
    </testcase>
    <testcase name="Header" classname="mat-a11y.accessibility" time="0">
      <system-out>
<![CDATA[
Warnings (not failing):
[hoverWithoutFocus] :hover styles without matching :focus styles. Keyboard users miss visual feedback available to mouse users
  How to fix:
    - Add matching :focus styles
    - Use :hover, :focus { } combined selector
    - Consider :focus-visible for keyboard-only focus
  WCAG 2.4.7: Focus Visible
  Found: .mobile-menu-button:hover
]]>
      </system-out>
    </testcase>
    <testcase name="PageHeader" classname="mat-a11y.accessibility" time="0">
      <system-out>
<![CDATA[
Warnings (not failing):
[prefersReducedMotion] Animation without prefers-reduced-motion support. Animations can cause vestibular disorders and motion sickness
  How to fix:
    - Add @media (prefers-reduced-motion: reduce) query
    - Disable or reduce animation when preference is set
  WCAG 2.3.3: Animation from Interactions
  Found: File uses transitions without properly disabling them in prefers-reduced-motion: reduce
]]>
      </system-out>
    </testcase>
    <testcase name="PaymentProcess" classname="mat-a11y.accessibility" time="0">
      <system-out>
<![CDATA[
Warnings (not failing):
[prefersReducedMotion] Animation without prefers-reduced-motion support. Animations can cause vestibular disorders and motion sickness
  How to fix:
    - Add @media (prefers-reduced-motion: reduce) query
    - Disable or reduce animation when preference is set
  WCAG 2.3.3: Animation from Interactions
  Found: File uses animations and transitions without properly disabling them in prefers-reduced-motion: redu...
]]>
      </system-out>
    </testcase>
  </testsuite>
</testsuites>